2021-03-10 11:36:03,403 [task-3] ERROR [o.s.a.i.SimpleAsyncUncaughtExceptionHandler] SimpleAsyncUncaughtExceptionHandler.java:39 - Unexpected exception occurred invoking async method: public java.lang.String com.japhy.bootstrap.web.application.event.subscriber.OrderCreatedSubscriber.subscribe(com.japhy.bootstrap.web.domain.order.event.OrderCreatedEvent) throws java.lang.InterruptedException
java.lang.InterruptedException: sleep interrupted
	at java.lang.Thread.sleep(Native Method)
	at java.lang.Thread.sleep(Thread.java:340)
	at java.util.concurrent.TimeUnit.sleep(TimeUnit.java:386)
	at com.japhy.bootstrap.web.application.event.subscriber.OrderCreatedSubscriber.subscribe(OrderCreatedSubscriber.java:24)
	at com.japhy.bootstrap.web.application.event.subscriber.OrderCreatedSubscriber$$FastClassBySpringCGLIB$$129bb6ab.invoke(<generated>)
	at org.springframework.cglib.proxy.MethodProxy.invoke(MethodProxy.java:218)
	at org.springframework.aop.framework.CglibAopProxy$CglibMethodInvocation.invokeJoinpoint(CglibAopProxy.java:771)
	at org.springframework.aop.framework.ReflectiveMethodInvocation.proceed(ReflectiveMethodInvocation.java:163)
	at org.springframework.aop.framework.CglibAopProxy$CglibMethodInvocation.proceed(CglibAopProxy.java:749)
	at org.springframework.aop.interceptor.AsyncExecutionInterceptor.lambda$invoke$0(AsyncExecutionInterceptor.java:115)
	at java.util.concurrent.FutureTask.run(FutureTask.java:266)
	at java.util.concurrent.ThreadPoolExecutor.runWorker(ThreadPoolExecutor.java:1142)
	at java.util.concurrent.ThreadPoolExecutor$Worker.run(ThreadPoolExecutor.java:617)
	at java.lang.Thread.run(Thread.java:745)
2021-03-10 11:37:33,755 [task-3] ERROR [o.s.a.i.SimpleAsyncUncaughtExceptionHandler] SimpleAsyncUncaughtExceptionHandler.java:39 - Unexpected exception occurred invoking async method: public java.lang.String com.japhy.bootstrap.web.application.event.subscriber.OrderCreatedSubscriber.subscribe(com.japhy.bootstrap.web.domain.order.event.OrderCreatedEvent) throws java.lang.InterruptedException
java.lang.InterruptedException: sleep interrupted
	at java.lang.Thread.sleep(Native Method)
	at java.lang.Thread.sleep(Thread.java:340)
	at java.util.concurrent.TimeUnit.sleep(TimeUnit.java:386)
	at com.japhy.bootstrap.web.application.event.subscriber.OrderCreatedSubscriber.subscribe(OrderCreatedSubscriber.java:24)
	at com.japhy.bootstrap.web.application.event.subscriber.OrderCreatedSubscriber$$FastClassBySpringCGLIB$$129bb6ab.invoke(<generated>)
	at org.springframework.cglib.proxy.MethodProxy.invoke(MethodProxy.java:218)
	at org.springframework.aop.framework.CglibAopProxy$CglibMethodInvocation.invokeJoinpoint(CglibAopProxy.java:771)
	at org.springframework.aop.framework.ReflectiveMethodInvocation.proceed(ReflectiveMethodInvocation.java:163)
	at org.springframework.aop.framework.CglibAopProxy$CglibMethodInvocation.proceed(CglibAopProxy.java:749)
	at org.springframework.aop.interceptor.AsyncExecutionInterceptor.lambda$invoke$0(AsyncExecutionInterceptor.java:115)
	at java.util.concurrent.FutureTask.run$$$capture(FutureTask.java:266)
	at java.util.concurrent.FutureTask.run(FutureTask.java)
	at java.util.concurrent.ThreadPoolExecutor.runWorker(ThreadPoolExecutor.java:1142)
	at java.util.concurrent.ThreadPoolExecutor$Worker.run(ThreadPoolExecutor.java:617)
	at java.lang.Thread.run(Thread.java:745)
2021-03-10 11:38:23,623 [task-3] ERROR [o.s.a.i.SimpleAsyncUncaughtExceptionHandler] SimpleAsyncUncaughtExceptionHandler.java:39 - Unexpected exception occurred invoking async method: public java.lang.String com.japhy.bootstrap.web.application.event.subscriber.OrderCreatedSubscriber.subscribe(com.japhy.bootstrap.web.domain.order.event.OrderCreatedEvent) throws java.lang.InterruptedException
java.lang.InterruptedException: sleep interrupted
	at java.lang.Thread.sleep(Native Method)
	at java.lang.Thread.sleep(Thread.java:340)
	at java.util.concurrent.TimeUnit.sleep(TimeUnit.java:386)
	at com.japhy.bootstrap.web.application.event.subscriber.OrderCreatedSubscriber.subscribe(OrderCreatedSubscriber.java:24)
	at com.japhy.bootstrap.web.application.event.subscriber.OrderCreatedSubscriber$$FastClassBySpringCGLIB$$129bb6ab.invoke(<generated>)
	at org.springframework.cglib.proxy.MethodProxy.invoke(MethodProxy.java:218)
	at org.springframework.aop.framework.CglibAopProxy$CglibMethodInvocation.invokeJoinpoint(CglibAopProxy.java:771)
	at org.springframework.aop.framework.ReflectiveMethodInvocation.proceed(ReflectiveMethodInvocation.java:163)
	at org.springframework.aop.framework.CglibAopProxy$CglibMethodInvocation.proceed(CglibAopProxy.java:749)
	at org.springframework.aop.interceptor.AsyncExecutionInterceptor.lambda$invoke$0(AsyncExecutionInterceptor.java:115)
	at java.util.concurrent.FutureTask.run(FutureTask.java:266)
	at java.util.concurrent.ThreadPoolExecutor.runWorker(ThreadPoolExecutor.java:1142)
	at java.util.concurrent.ThreadPoolExecutor$Worker.run(ThreadPoolExecutor.java:617)
	at java.lang.Thread.run(Thread.java:745)
