2021-01-23 20:25:26,150 [main] INFO  [c.j.b.w.a.e.subscriber.OrderCreatedSubscriberTest] StartupInfoLogger.java:55 - Starting OrderCreatedSubscriberTest on JaphydeMacBook-Pro.local with PID 62662 (started by japhy in /Users/japhy/Documents/code/bootstrap/web-base)
2021-01-23 20:25:26,154 [main] INFO  [c.j.b.w.a.e.subscriber.OrderCreatedSubscriberTest] SpringApplication.java:651 - No active profile set, falling back to default profiles: default
2021-01-23 20:25:28,856 [main] INFO  [o.s.d.r.config.RepositoryConfigurationDelegate] RepositoryConfigurationDelegate.java:249 - Multiple Spring Data modules found, entering strict repository configuration mode!
2021-01-23 20:25:28,863 [main] INFO  [o.s.d.r.config.RepositoryConfigurationDelegate] RepositoryConfigurationDelegate.java:127 - Bootstrapping Spring Data JPA repositories in DEFERRED mode.
2021-01-23 20:25:29,347 [main] INFO  [o.s.d.r.config.RepositoryConfigurationDelegate] RepositoryConfigurationDelegate.java:187 - Finished Spring Data repository scanning in 413ms. Found 2 JPA repository interfaces.
2021-01-23 20:25:29,372 [main] INFO  [o.s.d.r.config.RepositoryConfigurationDelegate] RepositoryConfigurationDelegate.java:249 - Multiple Spring Data modules found, entering strict repository configuration mode!
2021-01-23 20:25:29,375 [main] INFO  [o.s.d.r.config.RepositoryConfigurationDelegate] RepositoryConfigurationDelegate.java:127 - Bootstrapping Spring Data Redis repositories in DEFAULT mode.
2021-01-23 20:25:29,473 [main] INFO  [o.s.d.r.c.RepositoryConfigurationExtensionSupport] RepositoryConfigurationExtensionSupport.java:348 - Spring Data Redis - Could not safely identify store assignment for repository candidate interface com.japhy.bootstrap.web.domain.order.repository.OrderRepository. If you want this repository to be a Redis repository, consider annotating your entities with one of these annotations: org.springframework.data.redis.core.RedisHash (preferred), or consider extending one of the following types with your repository: org.springframework.data.keyvalue.repository.KeyValueRepository.
2021-01-23 20:25:29,476 [main] INFO  [o.s.d.r.c.RepositoryConfigurationExtensionSupport] RepositoryConfigurationExtensionSupport.java:348 - Spring Data Redis - Could not safely identify store assignment for repository candidate interface com.japhy.bootstrap.web.domain.user.repository.UserRepository. If you want this repository to be a Redis repository, consider annotating your entities with one of these annotations: org.springframework.data.redis.core.RedisHash (preferred), or consider extending one of the following types with your repository: org.springframework.data.keyvalue.repository.KeyValueRepository.
2021-01-23 20:25:29,476 [main] INFO  [o.s.d.r.config.RepositoryConfigurationDelegate] RepositoryConfigurationDelegate.java:187 - Finished Spring Data repository scanning in 78ms. Found 0 Redis repository interfaces.
2021-01-23 20:25:31,242 [main] INFO  [com.zaxxer.hikari.HikariDataSource] HikariDataSource.java:110 - HikariPool-1 - Starting...
2021-01-23 20:25:31,563 [main] INFO  [com.zaxxer.hikari.HikariDataSource] HikariDataSource.java:123 - HikariPool-1 - Start completed.
2021-01-23 20:25:31,757 [main] INFO  [o.s.scheduling.concurrent.ThreadPoolTaskExecutor] ExecutorConfigurationSupport.java:181 - Initializing ExecutorService 'applicationTaskExecutor'
2021-01-23 20:25:31,855 [task-1] INFO  [org.hibernate.jpa.internal.util.LogHelper] LogHelper.java:31 - HHH000204: Processing PersistenceUnitInfo [name: default]
2021-01-23 20:25:31,964 [task-1] INFO  [org.hibernate.Version] Version.java:44 - HHH000412: Hibernate ORM core version 5.4.17.Final
2021-01-23 20:25:32,246 [task-1] INFO  [org.hibernate.annotations.common.Version] JavaReflectionManager.java:49 - HCANN000001: Hibernate Commons Annotations {5.1.0.Final}
2021-01-23 20:25:32,495 [task-1] INFO  [org.hibernate.dialect.Dialect] Dialect.java:172 - HHH000400: Using dialect: org.hibernate.dialect.H2Dialect
2021-01-23 20:25:32,541 [main] WARN  [o.s.b.a.o.j.JpaBaseConfiguration$JpaWebConfiguration] JpaBaseConfiguration.java:220 - spring.jpa.open-in-view is enabled by default. Therefore, database queries may be performed during view rendering. Explicitly configure spring.jpa.open-in-view to disable this warning
2021-01-23 20:25:33,768 [task-1] INFO  [o.h.e.t.jta.platform.internal.JtaPlatformInitiator] JtaPlatformInitiator.java:52 - HHH000490: Using JtaPlatform implementation: [org.hibernate.engine.transaction.jta.platform.internal.NoJtaPlatform]
2021-01-23 20:25:33,781 [task-1] INFO  [o.s.orm.jpa.LocalContainerEntityManagerFactoryBean] AbstractEntityManagerFactoryBean.java:416 - Initialized JPA EntityManagerFactory for persistence unit 'default'
2021-01-23 20:25:33,951 [main] INFO  [o.s.b.actuate.endpoint.web.EndpointLinksResolver] EndpointLinksResolver.java:58 - Exposing 13 endpoint(s) beneath base path '/mgm'
2021-01-23 20:25:35,968 [main] INFO  [o.s.d.r.c.DeferredRepositoryInitializationListener] DeferredRepositoryInitializationListener.java:49 - Triggering deferred initialization of Spring Data repositories…
2021-01-23 20:25:36,426 [main] INFO  [o.s.d.r.c.DeferredRepositoryInitializationListener] DeferredRepositoryInitializationListener.java:53 - Spring Data repositories initialized!
2021-01-23 20:25:36,446 [main] INFO  [c.j.b.w.a.e.subscriber.OrderCreatedSubscriberTest] StartupInfoLogger.java:61 - Started OrderCreatedSubscriberTest in 11.73 seconds (JVM running for 15.722)
2021-01-23 20:25:36,615 [main] INFO  [c.j.b.w.a.event.subscriber.OrderCreatedSubscriber] OrderCreatedSubscriber.java:20 - OrderCreatedEvent(order=Order(id=null, orderNo=orderno, userId=null, createTime=null, updateTime=null, operatorId=null, status=null)) received ========
2021-01-23 20:25:36,684 [SpringContextShutdownHook] INFO  [o.s.orm.jpa.LocalContainerEntityManagerFactoryBean] AbstractEntityManagerFactoryBean.java:598 - Closing JPA EntityManagerFactory for persistence unit 'default'
2021-01-23 20:25:36,684 [SpringContextShutdownHook] INFO  [o.h.t.s.i.SchemaDropperImpl$DelayedDropActionImpl] SchemaDropperImpl.java:526 - HHH000477: Starting delayed evictData of schema as part of SessionFactory shut-down'
2021-01-23 20:25:36,694 [SpringContextShutdownHook] INFO  [o.s.scheduling.concurrent.ThreadPoolTaskExecutor] ExecutorConfigurationSupport.java:218 - Shutting down ExecutorService 'applicationTaskExecutor'
2021-01-23 20:25:36,695 [SpringContextShutdownHook] INFO  [com.zaxxer.hikari.HikariDataSource] HikariDataSource.java:350 - HikariPool-1 - Shutdown initiated...
2021-01-23 20:25:36,698 [SpringContextShutdownHook] INFO  [com.zaxxer.hikari.HikariDataSource] HikariDataSource.java:352 - HikariPool-1 - Shutdown completed.
2021-01-23 23:43:55,419 [main] INFO  [c.j.b.w.a.e.subscriber.OrderCreatedSubscriberTest] StartupInfoLogger.java:55 - Starting OrderCreatedSubscriberTest on JaphydeMacBook-Pro.local with PID 63056 (started by japhy in /Users/japhy/Documents/code/bootstrap/web-base)
2021-01-23 23:43:55,425 [main] INFO  [c.j.b.w.a.e.subscriber.OrderCreatedSubscriberTest] SpringApplication.java:651 - No active profile set, falling back to default profiles: default
2021-01-23 23:43:57,543 [main] INFO  [o.s.d.r.config.RepositoryConfigurationDelegate] RepositoryConfigurationDelegate.java:249 - Multiple Spring Data modules found, entering strict repository configuration mode!
2021-01-23 23:43:57,545 [main] INFO  [o.s.d.r.config.RepositoryConfigurationDelegate] RepositoryConfigurationDelegate.java:127 - Bootstrapping Spring Data JPA repositories in DEFERRED mode.
2021-01-23 23:43:57,825 [main] INFO  [o.s.d.r.config.RepositoryConfigurationDelegate] RepositoryConfigurationDelegate.java:187 - Finished Spring Data repository scanning in 268ms. Found 2 JPA repository interfaces.
2021-01-23 23:43:57,844 [main] INFO  [o.s.d.r.config.RepositoryConfigurationDelegate] RepositoryConfigurationDelegate.java:249 - Multiple Spring Data modules found, entering strict repository configuration mode!
2021-01-23 23:43:57,847 [main] INFO  [o.s.d.r.config.RepositoryConfigurationDelegate] RepositoryConfigurationDelegate.java:127 - Bootstrapping Spring Data Redis repositories in DEFAULT mode.
2021-01-23 23:43:57,872 [main] INFO  [o.s.d.r.c.RepositoryConfigurationExtensionSupport] RepositoryConfigurationExtensionSupport.java:348 - Spring Data Redis - Could not safely identify store assignment for repository candidate interface com.japhy.bootstrap.web.domain.order.repository.OrderRepository. If you want this repository to be a Redis repository, consider annotating your entities with one of these annotations: org.springframework.data.redis.core.RedisHash (preferred), or consider extending one of the following types with your repository: org.springframework.data.keyvalue.repository.KeyValueRepository.
2021-01-23 23:43:57,873 [main] INFO  [o.s.d.r.c.RepositoryConfigurationExtensionSupport] RepositoryConfigurationExtensionSupport.java:348 - Spring Data Redis - Could not safely identify store assignment for repository candidate interface com.japhy.bootstrap.web.domain.user.repository.UserRepository. If you want this repository to be a Redis repository, consider annotating your entities with one of these annotations: org.springframework.data.redis.core.RedisHash (preferred), or consider extending one of the following types with your repository: org.springframework.data.keyvalue.repository.KeyValueRepository.
2021-01-23 23:43:57,873 [main] INFO  [o.s.d.r.config.RepositoryConfigurationDelegate] RepositoryConfigurationDelegate.java:187 - Finished Spring Data repository scanning in 11ms. Found 0 Redis repository interfaces.
2021-01-23 23:43:59,355 [main] INFO  [com.zaxxer.hikari.HikariDataSource] HikariDataSource.java:110 - HikariPool-1 - Starting...
2021-01-23 23:43:59,740 [main] INFO  [com.zaxxer.hikari.HikariDataSource] HikariDataSource.java:123 - HikariPool-1 - Start completed.
2021-01-23 23:43:59,967 [main] INFO  [o.s.scheduling.concurrent.ThreadPoolTaskExecutor] ExecutorConfigurationSupport.java:181 - Initializing ExecutorService 'applicationTaskExecutor'
2021-01-23 23:44:00,082 [task-1] INFO  [org.hibernate.jpa.internal.util.LogHelper] LogHelper.java:31 - HHH000204: Processing PersistenceUnitInfo [name: default]
2021-01-23 23:44:00,254 [task-1] INFO  [org.hibernate.Version] Version.java:44 - HHH000412: Hibernate ORM core version 5.4.17.Final
2021-01-23 23:44:00,646 [task-1] INFO  [org.hibernate.annotations.common.Version] JavaReflectionManager.java:49 - HCANN000001: Hibernate Commons Annotations {5.1.0.Final}
2021-01-23 23:44:00,961 [task-1] INFO  [org.hibernate.dialect.Dialect] Dialect.java:172 - HHH000400: Using dialect: org.hibernate.dialect.H2Dialect
2021-01-23 23:44:00,971 [main] WARN  [o.s.b.a.o.j.JpaBaseConfiguration$JpaWebConfiguration] JpaBaseConfiguration.java:220 - spring.jpa.open-in-view is enabled by default. Therefore, database queries may be performed during view rendering. Explicitly configure spring.jpa.open-in-view to disable this warning
2021-01-23 23:44:02,595 [task-1] INFO  [o.h.e.t.jta.platform.internal.JtaPlatformInitiator] JtaPlatformInitiator.java:52 - HHH000490: Using JtaPlatform implementation: [org.hibernate.engine.transaction.jta.platform.internal.NoJtaPlatform]
2021-01-23 23:44:02,611 [task-1] INFO  [o.s.orm.jpa.LocalContainerEntityManagerFactoryBean] AbstractEntityManagerFactoryBean.java:416 - Initialized JPA EntityManagerFactory for persistence unit 'default'
2021-01-23 23:44:02,801 [main] INFO  [o.s.b.actuate.endpoint.web.EndpointLinksResolver] EndpointLinksResolver.java:58 - Exposing 13 endpoint(s) beneath base path '/mgm'
2021-01-23 23:44:05,762 [main] INFO  [o.s.d.r.c.DeferredRepositoryInitializationListener] DeferredRepositoryInitializationListener.java:49 - Triggering deferred initialization of Spring Data repositories…
2021-01-23 23:44:06,320 [main] INFO  [o.s.d.r.c.DeferredRepositoryInitializationListener] DeferredRepositoryInitializationListener.java:53 - Spring Data repositories initialized!
2021-01-23 23:44:06,339 [main] INFO  [c.j.b.w.a.e.subscriber.OrderCreatedSubscriberTest] StartupInfoLogger.java:61 - Started OrderCreatedSubscriberTest in 12.03 seconds (JVM running for 14.417)
2021-01-23 23:44:06,570 [main] INFO  [c.j.b.w.a.event.subscriber.OrderCreatedSubscriber] OrderCreatedSubscriber.java:20 - OrderCreatedEvent(order=Order(id=null, orderNo=orderno, userId=null, createTime=null, updateTime=null, operatorId=null, status=null)) received ========
2021-01-23 23:44:06,680 [SpringContextShutdownHook] INFO  [o.s.orm.jpa.LocalContainerEntityManagerFactoryBean] AbstractEntityManagerFactoryBean.java:598 - Closing JPA EntityManagerFactory for persistence unit 'default'
2021-01-23 23:44:06,680 [SpringContextShutdownHook] INFO  [o.h.t.s.i.SchemaDropperImpl$DelayedDropActionImpl] SchemaDropperImpl.java:526 - HHH000477: Starting delayed evictData of schema as part of SessionFactory shut-down'
2021-01-23 23:44:06,690 [SpringContextShutdownHook] INFO  [o.s.scheduling.concurrent.ThreadPoolTaskExecutor] ExecutorConfigurationSupport.java:218 - Shutting down ExecutorService 'applicationTaskExecutor'
2021-01-23 23:44:06,691 [SpringContextShutdownHook] INFO  [com.zaxxer.hikari.HikariDataSource] HikariDataSource.java:350 - HikariPool-1 - Shutdown initiated...
2021-01-23 23:44:06,694 [SpringContextShutdownHook] INFO  [com.zaxxer.hikari.HikariDataSource] HikariDataSource.java:352 - HikariPool-1 - Shutdown completed.
2021-01-23 23:45:50,478 [main] INFO  [c.j.b.w.a.e.subscriber.OrderCreatedSubscriberTest] StartupInfoLogger.java:55 - Starting OrderCreatedSubscriberTest on JaphydeMacBook-Pro.local with PID 63078 (started by japhy in /Users/japhy/Documents/code/bootstrap/web-base)
2021-01-23 23:45:50,482 [main] INFO  [c.j.b.w.a.e.subscriber.OrderCreatedSubscriberTest] SpringApplication.java:651 - No active profile set, falling back to default profiles: default
2021-01-23 23:45:52,607 [main] INFO  [o.s.d.r.config.RepositoryConfigurationDelegate] RepositoryConfigurationDelegate.java:249 - Multiple Spring Data modules found, entering strict repository configuration mode!
2021-01-23 23:45:52,610 [main] INFO  [o.s.d.r.config.RepositoryConfigurationDelegate] RepositoryConfigurationDelegate.java:127 - Bootstrapping Spring Data JPA repositories in DEFERRED mode.
2021-01-23 23:45:52,889 [main] INFO  [o.s.d.r.config.RepositoryConfigurationDelegate] RepositoryConfigurationDelegate.java:187 - Finished Spring Data repository scanning in 262ms. Found 2 JPA repository interfaces.
2021-01-23 23:45:52,909 [main] INFO  [o.s.d.r.config.RepositoryConfigurationDelegate] RepositoryConfigurationDelegate.java:249 - Multiple Spring Data modules found, entering strict repository configuration mode!
2021-01-23 23:45:52,913 [main] INFO  [o.s.d.r.config.RepositoryConfigurationDelegate] RepositoryConfigurationDelegate.java:127 - Bootstrapping Spring Data Redis repositories in DEFAULT mode.
2021-01-23 23:45:52,937 [main] INFO  [o.s.d.r.c.RepositoryConfigurationExtensionSupport] RepositoryConfigurationExtensionSupport.java:348 - Spring Data Redis - Could not safely identify store assignment for repository candidate interface com.japhy.bootstrap.web.domain.order.repository.OrderRepository. If you want this repository to be a Redis repository, consider annotating your entities with one of these annotations: org.springframework.data.redis.core.RedisHash (preferred), or consider extending one of the following types with your repository: org.springframework.data.keyvalue.repository.KeyValueRepository.
2021-01-23 23:45:52,937 [main] INFO  [o.s.d.r.c.RepositoryConfigurationExtensionSupport] RepositoryConfigurationExtensionSupport.java:348 - Spring Data Redis - Could not safely identify store assignment for repository candidate interface com.japhy.bootstrap.web.domain.user.repository.UserRepository. If you want this repository to be a Redis repository, consider annotating your entities with one of these annotations: org.springframework.data.redis.core.RedisHash (preferred), or consider extending one of the following types with your repository: org.springframework.data.keyvalue.repository.KeyValueRepository.
2021-01-23 23:45:52,938 [main] INFO  [o.s.d.r.config.RepositoryConfigurationDelegate] RepositoryConfigurationDelegate.java:187 - Finished Spring Data repository scanning in 11ms. Found 0 Redis repository interfaces.
2021-01-23 23:45:54,719 [main] INFO  [com.zaxxer.hikari.HikariDataSource] HikariDataSource.java:110 - HikariPool-1 - Starting...
2021-01-23 23:45:55,163 [main] INFO  [com.zaxxer.hikari.HikariDataSource] HikariDataSource.java:123 - HikariPool-1 - Start completed.
2021-01-23 23:45:55,450 [main] INFO  [o.s.scheduling.concurrent.ThreadPoolTaskExecutor] ExecutorConfigurationSupport.java:181 - Initializing ExecutorService 'applicationTaskExecutor'
2021-01-23 23:45:55,589 [task-1] INFO  [org.hibernate.jpa.internal.util.LogHelper] LogHelper.java:31 - HHH000204: Processing PersistenceUnitInfo [name: default]
2021-01-23 23:45:55,697 [task-1] INFO  [org.hibernate.Version] Version.java:44 - HHH000412: Hibernate ORM core version 5.4.17.Final
2021-01-23 23:45:55,912 [task-1] INFO  [org.hibernate.annotations.common.Version] JavaReflectionManager.java:49 - HCANN000001: Hibernate Commons Annotations {5.1.0.Final}
2021-01-23 23:45:56,152 [task-1] INFO  [org.hibernate.dialect.Dialect] Dialect.java:172 - HHH000400: Using dialect: org.hibernate.dialect.H2Dialect
2021-01-23 23:45:56,877 [main] WARN  [o.s.b.a.o.j.JpaBaseConfiguration$JpaWebConfiguration] JpaBaseConfiguration.java:220 - spring.jpa.open-in-view is enabled by default. Therefore, database queries may be performed during view rendering. Explicitly configure spring.jpa.open-in-view to disable this warning
2021-01-23 23:45:57,002 [task-1] INFO  [o.h.e.t.jta.platform.internal.JtaPlatformInitiator] JtaPlatformInitiator.java:52 - HHH000490: Using JtaPlatform implementation: [org.hibernate.engine.transaction.jta.platform.internal.NoJtaPlatform]
2021-01-23 23:45:57,016 [task-1] INFO  [o.s.orm.jpa.LocalContainerEntityManagerFactoryBean] AbstractEntityManagerFactoryBean.java:416 - Initialized JPA EntityManagerFactory for persistence unit 'default'
2021-01-23 23:45:58,083 [main] INFO  [o.s.b.actuate.endpoint.web.EndpointLinksResolver] EndpointLinksResolver.java:58 - Exposing 13 endpoint(s) beneath base path '/mgm'
2021-01-23 23:46:00,028 [main] INFO  [o.s.d.r.c.DeferredRepositoryInitializationListener] DeferredRepositoryInitializationListener.java:49 - Triggering deferred initialization of Spring Data repositories…
2021-01-23 23:46:00,428 [main] INFO  [o.s.d.r.c.DeferredRepositoryInitializationListener] DeferredRepositoryInitializationListener.java:53 - Spring Data repositories initialized!
2021-01-23 23:46:00,443 [main] INFO  [c.j.b.w.a.e.subscriber.OrderCreatedSubscriberTest] StartupInfoLogger.java:61 - Started OrderCreatedSubscriberTest in 10.672 seconds (JVM running for 12.189)
2021-01-23 23:46:00,550 [main] INFO  [c.j.b.w.a.event.subscriber.OrderCreatedSubscriber] OrderCreatedSubscriber.java:20 - OrderCreatedEvent(order=Order(id=null, orderNo=orderno, userId=null, createTime=null, updateTime=null, operatorId=null, status=null)) received ========
2021-01-23 23:46:00,721 [SpringContextShutdownHook] INFO  [o.s.orm.jpa.LocalContainerEntityManagerFactoryBean] AbstractEntityManagerFactoryBean.java:598 - Closing JPA EntityManagerFactory for persistence unit 'default'
2021-01-23 23:46:00,721 [SpringContextShutdownHook] INFO  [o.h.t.s.i.SchemaDropperImpl$DelayedDropActionImpl] SchemaDropperImpl.java:526 - HHH000477: Starting delayed evictData of schema as part of SessionFactory shut-down'
2021-01-23 23:46:00,730 [SpringContextShutdownHook] INFO  [o.s.scheduling.concurrent.ThreadPoolTaskExecutor] ExecutorConfigurationSupport.java:218 - Shutting down ExecutorService 'applicationTaskExecutor'
2021-01-23 23:46:00,731 [SpringContextShutdownHook] INFO  [com.zaxxer.hikari.HikariDataSource] HikariDataSource.java:350 - HikariPool-1 - Shutdown initiated...
2021-01-23 23:46:00,734 [SpringContextShutdownHook] INFO  [com.zaxxer.hikari.HikariDataSource] HikariDataSource.java:352 - HikariPool-1 - Shutdown completed.
2021-01-23 23:46:21,152 [main] INFO  [c.j.b.w.a.e.subscriber.OrderCreatedSubscriberTest] StartupInfoLogger.java:55 - Starting OrderCreatedSubscriberTest on JaphydeMacBook-Pro.local with PID 63089 (started by japhy in /Users/japhy/Documents/code/bootstrap/web-base)
2021-01-23 23:46:21,155 [main] INFO  [c.j.b.w.a.e.subscriber.OrderCreatedSubscriberTest] SpringApplication.java:651 - No active profile set, falling back to default profiles: default
2021-01-23 23:46:22,883 [main] INFO  [o.s.d.r.config.RepositoryConfigurationDelegate] RepositoryConfigurationDelegate.java:249 - Multiple Spring Data modules found, entering strict repository configuration mode!
2021-01-23 23:46:22,885 [main] INFO  [o.s.d.r.config.RepositoryConfigurationDelegate] RepositoryConfigurationDelegate.java:127 - Bootstrapping Spring Data JPA repositories in DEFERRED mode.
2021-01-23 23:46:23,097 [main] INFO  [o.s.d.r.config.RepositoryConfigurationDelegate] RepositoryConfigurationDelegate.java:187 - Finished Spring Data repository scanning in 203ms. Found 2 JPA repository interfaces.
2021-01-23 23:46:23,112 [main] INFO  [o.s.d.r.config.RepositoryConfigurationDelegate] RepositoryConfigurationDelegate.java:249 - Multiple Spring Data modules found, entering strict repository configuration mode!
2021-01-23 23:46:23,114 [main] INFO  [o.s.d.r.config.RepositoryConfigurationDelegate] RepositoryConfigurationDelegate.java:127 - Bootstrapping Spring Data Redis repositories in DEFAULT mode.
2021-01-23 23:46:23,136 [main] INFO  [o.s.d.r.c.RepositoryConfigurationExtensionSupport] RepositoryConfigurationExtensionSupport.java:348 - Spring Data Redis - Could not safely identify store assignment for repository candidate interface com.japhy.bootstrap.web.domain.order.repository.OrderRepository. If you want this repository to be a Redis repository, consider annotating your entities with one of these annotations: org.springframework.data.redis.core.RedisHash (preferred), or consider extending one of the following types with your repository: org.springframework.data.keyvalue.repository.KeyValueRepository.
2021-01-23 23:46:23,137 [main] INFO  [o.s.d.r.c.RepositoryConfigurationExtensionSupport] RepositoryConfigurationExtensionSupport.java:348 - Spring Data Redis - Could not safely identify store assignment for repository candidate interface com.japhy.bootstrap.web.domain.user.repository.UserRepository. If you want this repository to be a Redis repository, consider annotating your entities with one of these annotations: org.springframework.data.redis.core.RedisHash (preferred), or consider extending one of the following types with your repository: org.springframework.data.keyvalue.repository.KeyValueRepository.
2021-01-23 23:46:23,137 [main] INFO  [o.s.d.r.config.RepositoryConfigurationDelegate] RepositoryConfigurationDelegate.java:187 - Finished Spring Data repository scanning in 13ms. Found 0 Redis repository interfaces.
2021-01-23 23:46:24,033 [main] INFO  [com.zaxxer.hikari.HikariDataSource] HikariDataSource.java:110 - HikariPool-1 - Starting...
2021-01-23 23:46:24,271 [main] INFO  [com.zaxxer.hikari.HikariDataSource] HikariDataSource.java:123 - HikariPool-1 - Start completed.
2021-01-23 23:46:24,427 [main] INFO  [o.s.scheduling.concurrent.ThreadPoolTaskExecutor] ExecutorConfigurationSupport.java:181 - Initializing ExecutorService 'applicationTaskExecutor'
2021-01-23 23:46:24,509 [task-1] INFO  [org.hibernate.jpa.internal.util.LogHelper] LogHelper.java:31 - HHH000204: Processing PersistenceUnitInfo [name: default]
2021-01-23 23:46:24,571 [task-1] INFO  [org.hibernate.Version] Version.java:44 - HHH000412: Hibernate ORM core version 5.4.17.Final
2021-01-23 23:46:24,661 [task-1] INFO  [org.hibernate.annotations.common.Version] JavaReflectionManager.java:49 - HCANN000001: Hibernate Commons Annotations {5.1.0.Final}
2021-01-23 23:46:24,836 [task-1] INFO  [org.hibernate.dialect.Dialect] Dialect.java:172 - HHH000400: Using dialect: org.hibernate.dialect.H2Dialect
2021-01-23 23:46:25,519 [main] WARN  [o.s.b.a.o.j.JpaBaseConfiguration$JpaWebConfiguration] JpaBaseConfiguration.java:220 - spring.jpa.open-in-view is enabled by default. Therefore, database queries may be performed during view rendering. Explicitly configure spring.jpa.open-in-view to disable this warning
2021-01-23 23:46:25,550 [task-1] INFO  [o.h.e.t.jta.platform.internal.JtaPlatformInitiator] JtaPlatformInitiator.java:52 - HHH000490: Using JtaPlatform implementation: [org.hibernate.engine.transaction.jta.platform.internal.NoJtaPlatform]
2021-01-23 23:46:25,559 [task-1] INFO  [o.s.orm.jpa.LocalContainerEntityManagerFactoryBean] AbstractEntityManagerFactoryBean.java:416 - Initialized JPA EntityManagerFactory for persistence unit 'default'
2021-01-23 23:46:26,643 [main] INFO  [o.s.b.actuate.endpoint.web.EndpointLinksResolver] EndpointLinksResolver.java:58 - Exposing 13 endpoint(s) beneath base path '/mgm'
2021-01-23 23:46:28,598 [main] INFO  [o.s.d.r.c.DeferredRepositoryInitializationListener] DeferredRepositoryInitializationListener.java:49 - Triggering deferred initialization of Spring Data repositories…
2021-01-23 23:46:28,962 [main] INFO  [o.s.d.r.c.DeferredRepositoryInitializationListener] DeferredRepositoryInitializationListener.java:53 - Spring Data repositories initialized!
2021-01-23 23:46:28,975 [main] INFO  [c.j.b.w.a.e.subscriber.OrderCreatedSubscriberTest] StartupInfoLogger.java:61 - Started OrderCreatedSubscriberTest in 8.339 seconds (JVM running for 9.627)
2021-01-23 23:46:29,079 [main] INFO  [c.j.b.w.a.event.subscriber.OrderCreatedSubscriber] OrderCreatedSubscriber.java:20 - OrderCreatedEvent(order=Order(id=null, orderNo=orderNo, userId=null, createTime=null, updateTime=null, operatorId=null, status=null)) received ========
2021-01-23 23:46:29,186 [SpringContextShutdownHook] INFO  [o.s.orm.jpa.LocalContainerEntityManagerFactoryBean] AbstractEntityManagerFactoryBean.java:598 - Closing JPA EntityManagerFactory for persistence unit 'default'
2021-01-23 23:46:29,186 [SpringContextShutdownHook] INFO  [o.h.t.s.i.SchemaDropperImpl$DelayedDropActionImpl] SchemaDropperImpl.java:526 - HHH000477: Starting delayed evictData of schema as part of SessionFactory shut-down'
2021-01-23 23:46:29,195 [SpringContextShutdownHook] INFO  [o.s.scheduling.concurrent.ThreadPoolTaskExecutor] ExecutorConfigurationSupport.java:218 - Shutting down ExecutorService 'applicationTaskExecutor'
2021-01-23 23:46:29,196 [SpringContextShutdownHook] INFO  [com.zaxxer.hikari.HikariDataSource] HikariDataSource.java:350 - HikariPool-1 - Shutdown initiated...
2021-01-23 23:46:29,200 [SpringContextShutdownHook] INFO  [com.zaxxer.hikari.HikariDataSource] HikariDataSource.java:352 - HikariPool-1 - Shutdown completed.
2021-01-23 23:54:48,518 [main] INFO  [c.j.b.w.a.e.subscriber.OrderCreatedSubscriberTest] StartupInfoLogger.java:55 - Starting OrderCreatedSubscriberTest on JaphydeMacBook-Pro.local with PID 63127 (started by japhy in /Users/japhy/Documents/code/bootstrap/web-base)
2021-01-23 23:54:48,530 [main] INFO  [c.j.b.w.a.e.subscriber.OrderCreatedSubscriberTest] SpringApplication.java:651 - No active profile set, falling back to default profiles: default
2021-01-23 23:54:50,318 [main] INFO  [o.s.d.r.config.RepositoryConfigurationDelegate] RepositoryConfigurationDelegate.java:249 - Multiple Spring Data modules found, entering strict repository configuration mode!
2021-01-23 23:54:50,321 [main] INFO  [o.s.d.r.config.RepositoryConfigurationDelegate] RepositoryConfigurationDelegate.java:127 - Bootstrapping Spring Data JPA repositories in DEFERRED mode.
2021-01-23 23:54:50,764 [main] INFO  [o.s.d.r.config.RepositoryConfigurationDelegate] RepositoryConfigurationDelegate.java:187 - Finished Spring Data repository scanning in 427ms. Found 2 JPA repository interfaces.
2021-01-23 23:54:50,788 [main] INFO  [o.s.d.r.config.RepositoryConfigurationDelegate] RepositoryConfigurationDelegate.java:249 - Multiple Spring Data modules found, entering strict repository configuration mode!
2021-01-23 23:54:50,790 [main] INFO  [o.s.d.r.config.RepositoryConfigurationDelegate] RepositoryConfigurationDelegate.java:127 - Bootstrapping Spring Data Redis repositories in DEFAULT mode.
2021-01-23 23:54:50,822 [main] INFO  [o.s.d.r.c.RepositoryConfigurationExtensionSupport] RepositoryConfigurationExtensionSupport.java:348 - Spring Data Redis - Could not safely identify store assignment for repository candidate interface com.japhy.bootstrap.web.domain.order.repository.OrderRepository. If you want this repository to be a Redis repository, consider annotating your entities with one of these annotations: org.springframework.data.redis.core.RedisHash (preferred), or consider extending one of the following types with your repository: org.springframework.data.keyvalue.repository.KeyValueRepository.
2021-01-23 23:54:50,823 [main] INFO  [o.s.d.r.c.RepositoryConfigurationExtensionSupport] RepositoryConfigurationExtensionSupport.java:348 - Spring Data Redis - Could not safely identify store assignment for repository candidate interface com.japhy.bootstrap.web.domain.user.repository.UserRepository. If you want this repository to be a Redis repository, consider annotating your entities with one of these annotations: org.springframework.data.redis.core.RedisHash (preferred), or consider extending one of the following types with your repository: org.springframework.data.keyvalue.repository.KeyValueRepository.
2021-01-23 23:54:50,824 [main] INFO  [o.s.d.r.config.RepositoryConfigurationDelegate] RepositoryConfigurationDelegate.java:187 - Finished Spring Data repository scanning in 18ms. Found 0 Redis repository interfaces.
2021-01-23 23:54:52,962 [main] INFO  [com.zaxxer.hikari.HikariDataSource] HikariDataSource.java:110 - HikariPool-1 - Starting...
2021-01-23 23:54:53,270 [main] INFO  [com.zaxxer.hikari.HikariDataSource] HikariDataSource.java:123 - HikariPool-1 - Start completed.
2021-01-23 23:54:53,491 [main] INFO  [o.s.scheduling.concurrent.ThreadPoolTaskExecutor] ExecutorConfigurationSupport.java:181 - Initializing ExecutorService 'applicationTaskExecutor'
2021-01-23 23:54:53,588 [task-1] INFO  [org.hibernate.jpa.internal.util.LogHelper] LogHelper.java:31 - HHH000204: Processing PersistenceUnitInfo [name: default]
2021-01-23 23:54:53,691 [task-1] INFO  [org.hibernate.Version] Version.java:44 - HHH000412: Hibernate ORM core version 5.4.17.Final
2021-01-23 23:54:53,758 [task-1] INFO  [org.hibernate.annotations.common.Version] JavaReflectionManager.java:49 - HCANN000001: Hibernate Commons Annotations {5.1.0.Final}
2021-01-23 23:54:54,006 [task-1] INFO  [org.hibernate.dialect.Dialect] Dialect.java:172 - HHH000400: Using dialect: org.hibernate.dialect.H2Dialect
2021-01-23 23:54:54,291 [main] WARN  [o.s.b.a.o.j.JpaBaseConfiguration$JpaWebConfiguration] JpaBaseConfiguration.java:220 - spring.jpa.open-in-view is enabled by default. Therefore, database queries may be performed during view rendering. Explicitly configure spring.jpa.open-in-view to disable this warning
2021-01-23 23:54:55,232 [task-1] INFO  [o.h.e.t.jta.platform.internal.JtaPlatformInitiator] JtaPlatformInitiator.java:52 - HHH000490: Using JtaPlatform implementation: [org.hibernate.engine.transaction.jta.platform.internal.NoJtaPlatform]
2021-01-23 23:54:55,276 [task-1] INFO  [o.s.orm.jpa.LocalContainerEntityManagerFactoryBean] AbstractEntityManagerFactoryBean.java:416 - Initialized JPA EntityManagerFactory for persistence unit 'default'
2021-01-23 23:54:55,927 [main] INFO  [o.s.b.actuate.endpoint.web.EndpointLinksResolver] EndpointLinksResolver.java:58 - Exposing 13 endpoint(s) beneath base path '/mgm'
2021-01-23 23:54:57,996 [main] INFO  [o.s.d.r.c.DeferredRepositoryInitializationListener] DeferredRepositoryInitializationListener.java:49 - Triggering deferred initialization of Spring Data repositories…
2021-01-23 23:54:58,409 [main] INFO  [o.s.d.r.c.DeferredRepositoryInitializationListener] DeferredRepositoryInitializationListener.java:53 - Spring Data repositories initialized!
2021-01-23 23:54:58,425 [main] INFO  [c.j.b.w.a.e.subscriber.OrderCreatedSubscriberTest] StartupInfoLogger.java:61 - Started OrderCreatedSubscriberTest in 10.435 seconds (JVM running for 12.272)
2021-01-23 23:54:58,624 [SpringContextShutdownHook] INFO  [o.s.orm.jpa.LocalContainerEntityManagerFactoryBean] AbstractEntityManagerFactoryBean.java:598 - Closing JPA EntityManagerFactory for persistence unit 'default'
2021-01-23 23:54:58,624 [SpringContextShutdownHook] INFO  [o.h.t.s.i.SchemaDropperImpl$DelayedDropActionImpl] SchemaDropperImpl.java:526 - HHH000477: Starting delayed evictData of schema as part of SessionFactory shut-down'
2021-01-23 23:54:58,633 [SpringContextShutdownHook] INFO  [o.s.scheduling.concurrent.ThreadPoolTaskExecutor] ExecutorConfigurationSupport.java:218 - Shutting down ExecutorService 'applicationTaskExecutor'
2021-01-23 23:54:58,633 [SpringContextShutdownHook] INFO  [com.zaxxer.hikari.HikariDataSource] HikariDataSource.java:350 - HikariPool-1 - Shutdown initiated...
2021-01-23 23:54:58,636 [SpringContextShutdownHook] INFO  [com.zaxxer.hikari.HikariDataSource] HikariDataSource.java:352 - HikariPool-1 - Shutdown completed.
