2021-02-04 14:37:15,299 [main] INFO  [c.j.b.web.application.mapper.OrderMapperTest] StartupInfoLogger.java:55 - Starting OrderMapperTest on JaphydeMacBook-Pro.local with PID 11309 (started by japhy in /Users/japhy/Documents/code/bootstrap/web-base)
2021-02-04 14:37:15,303 [main] INFO  [c.j.b.web.application.mapper.OrderMapperTest] SpringApplication.java:651 - No active profile set, falling back to default profiles: default
2021-02-04 14:37:16,980 [main] INFO  [o.s.d.r.config.RepositoryConfigurationDelegate] RepositoryConfigurationDelegate.java:249 - Multiple Spring Data modules found, entering strict repository configuration mode!
2021-02-04 14:37:16,983 [main] INFO  [o.s.d.r.config.RepositoryConfigurationDelegate] RepositoryConfigurationDelegate.java:127 - Bootstrapping Spring Data JPA repositories in DEFERRED mode.
2021-02-04 14:37:17,268 [main] INFO  [o.s.d.r.config.RepositoryConfigurationDelegate] RepositoryConfigurationDelegate.java:187 - Finished Spring Data repository scanning in 273ms. Found 2 JPA repository interfaces.
2021-02-04 14:37:17,287 [main] INFO  [o.s.d.r.config.RepositoryConfigurationDelegate] RepositoryConfigurationDelegate.java:249 - Multiple Spring Data modules found, entering strict repository configuration mode!
2021-02-04 14:37:17,290 [main] INFO  [o.s.d.r.config.RepositoryConfigurationDelegate] RepositoryConfigurationDelegate.java:127 - Bootstrapping Spring Data Redis repositories in DEFAULT mode.
2021-02-04 14:37:17,315 [main] INFO  [o.s.d.r.c.RepositoryConfigurationExtensionSupport] RepositoryConfigurationExtensionSupport.java:348 - Spring Data Redis - Could not safely identify store assignment for repository candidate interface com.japhy.bootstrap.web.domain.order.repository.OrderRepository. If you want this repository to be a Redis repository, consider annotating your entities with one of these annotations: org.springframework.data.redis.core.RedisHash (preferred), or consider extending one of the following types with your repository: org.springframework.data.keyvalue.repository.KeyValueRepository.
2021-02-04 14:37:17,316 [main] INFO  [o.s.d.r.c.RepositoryConfigurationExtensionSupport] RepositoryConfigurationExtensionSupport.java:348 - Spring Data Redis - Could not safely identify store assignment for repository candidate interface com.japhy.bootstrap.web.domain.user.repository.UserRepository. If you want this repository to be a Redis repository, consider annotating your entities with one of these annotations: org.springframework.data.redis.core.RedisHash (preferred), or consider extending one of the following types with your repository: org.springframework.data.keyvalue.repository.KeyValueRepository.
2021-02-04 14:37:17,316 [main] INFO  [o.s.d.r.config.RepositoryConfigurationDelegate] RepositoryConfigurationDelegate.java:187 - Finished Spring Data repository scanning in 11ms. Found 0 Redis repository interfaces.
2021-02-04 14:37:18,313 [main] INFO  [o.s.c.s.PostProcessorRegistrationDelegate$BeanPostProcessorChecker] PostProcessorRegistrationDelegate.java:335 - Bean 'org.springframework.security.access.expression.method.DefaultMethodSecurityExpressionHandler@6fbf5db2' of type [org.springframework.security.access.expression.method.DefaultMethodSecurityExpressionHandler] is not eligible for getting processed by all BeanPostProcessors (for example: not eligible for auto-proxying)
2021-02-04 14:37:18,338 [main] INFO  [o.s.c.s.PostProcessorRegistrationDelegate$BeanPostProcessorChecker] PostProcessorRegistrationDelegate.java:335 - Bean 'methodSecurityMetadataSource' of type [org.springframework.security.access.method.DelegatingMethodSecurityMetadataSource] is not eligible for getting processed by all BeanPostProcessors (for example: not eligible for auto-proxying)
2021-02-04 14:37:18,472 [main] INFO  [com.zaxxer.hikari.HikariDataSource] HikariDataSource.java:110 - HikariPool-1 - Starting...
2021-02-04 14:37:18,744 [main] INFO  [com.zaxxer.hikari.HikariDataSource] HikariDataSource.java:123 - HikariPool-1 - Start completed.
2021-02-04 14:37:18,930 [main] INFO  [o.s.scheduling.concurrent.ThreadPoolTaskExecutor] ExecutorConfigurationSupport.java:181 - Initializing ExecutorService 'applicationTaskExecutor'
2021-02-04 14:37:18,968 [main] INFO  [o.s.scheduling.concurrent.ThreadPoolTaskScheduler] ExecutorConfigurationSupport.java:181 - Initializing ExecutorService 'taskScheduler'
2021-02-04 14:37:19,061 [task-1] INFO  [org.hibernate.jpa.internal.util.LogHelper] LogHelper.java:31 - HHH000204: Processing PersistenceUnitInfo [name: default]
2021-02-04 14:37:19,147 [task-1] INFO  [org.hibernate.Version] Version.java:44 - HHH000412: Hibernate ORM core version 5.4.17.Final
2021-02-04 14:37:19,239 [task-1] INFO  [org.hibernate.annotations.common.Version] JavaReflectionManager.java:49 - HCANN000001: Hibernate Commons Annotations {5.1.0.Final}
2021-02-04 14:37:19,450 [task-1] INFO  [org.hibernate.dialect.Dialect] Dialect.java:172 - HHH000400: Using dialect: org.hibernate.dialect.H2Dialect
2021-02-04 14:37:19,621 [main] WARN  [o.s.b.a.o.j.JpaBaseConfiguration$JpaWebConfiguration] JpaBaseConfiguration.java:220 - spring.jpa.open-in-view is enabled by default. Therefore, database queries may be performed during view rendering. Explicitly configure spring.jpa.open-in-view to disable this warning
2021-02-04 14:37:20,349 [task-1] INFO  [o.h.e.t.jta.platform.internal.JtaPlatformInitiator] JtaPlatformInitiator.java:52 - HHH000490: Using JtaPlatform implementation: [org.hibernate.engine.transaction.jta.platform.internal.NoJtaPlatform]
2021-02-04 14:37:20,359 [task-1] INFO  [o.s.orm.jpa.LocalContainerEntityManagerFactoryBean] AbstractEntityManagerFactoryBean.java:416 - Initialized JPA EntityManagerFactory for persistence unit 'default'
2021-02-04 14:37:21,278 [main] INFO  [o.s.b.actuate.endpoint.web.EndpointLinksResolver] EndpointLinksResolver.java:58 - Exposing 13 endpoint(s) beneath base path '/mgm'
2021-02-04 14:37:22,107 [main] INFO  [o.s.security.web.DefaultSecurityFilterChain] DefaultSecurityFilterChain.java:43 - Creating filter chain: any request, [org.springframework.security.web.context.request.async.WebAsyncManagerIntegrationFilter@402c9a60, org.springframework.security.web.context.SecurityContextPersistenceFilter@6f7b8ae1, org.springframework.security.web.header.HeaderWriterFilter@4fef4f96, org.springframework.web.filter.CorsFilter@7d43f1c9, org.springframework.security.web.authentication.logout.LogoutFilter@40fee459, com.japhy.bootstrap.web.infrastructure.filter.JwtTokenFilter@152e7703, org.springframework.security.web.savedrequest.RequestCacheAwareFilter@4fa6fb7f, org.springframework.security.web.servletapi.SecurityContextHolderAwareRequestFilter@6e6c8854, org.springframework.security.web.authentication.AnonymousAuthenticationFilter@eddc9bb, org.springframework.security.web.session.SessionManagementFilter@4d79d187, org.springframework.security.web.access.ExceptionTranslationFilter@8d7718e, org.springframework.security.web.access.intercept.FilterSecurityInterceptor@7bdf94f2]
2021-02-04 14:37:23,529 [main] INFO  [o.s.d.r.c.DeferredRepositoryInitializationListener] DeferredRepositoryInitializationListener.java:49 - Triggering deferred initialization of Spring Data repositories…
2021-02-04 14:37:23,920 [main] INFO  [o.s.d.r.c.DeferredRepositoryInitializationListener] DeferredRepositoryInitializationListener.java:53 - Spring Data repositories initialized!
2021-02-04 14:37:23,937 [main] INFO  [c.j.b.web.application.mapper.OrderMapperTest] StartupInfoLogger.java:61 - Started OrderMapperTest in 9.338 seconds (JVM running for 10.686)
2021-02-04 14:37:24,013 [task-3] INFO  [c.j.bootstrap.web.infrastructure.job.OrderSumTask] OrderSumTask.java:23 - order si summing
2021-02-04 14:37:24,164 [SpringContextShutdownHook] INFO  [o.s.orm.jpa.LocalContainerEntityManagerFactoryBean] AbstractEntityManagerFactoryBean.java:598 - Closing JPA EntityManagerFactory for persistence unit 'default'
2021-02-04 14:37:24,165 [SpringContextShutdownHook] INFO  [o.h.t.s.i.SchemaDropperImpl$DelayedDropActionImpl] SchemaDropperImpl.java:526 - HHH000477: Starting delayed evictData of schema as part of SessionFactory shut-down'
2021-02-04 14:37:24,174 [SpringContextShutdownHook] INFO  [o.s.scheduling.concurrent.ThreadPoolTaskScheduler] ExecutorConfigurationSupport.java:218 - Shutting down ExecutorService 'taskScheduler'
2021-02-04 14:37:24,174 [SpringContextShutdownHook] INFO  [o.s.scheduling.concurrent.ThreadPoolTaskExecutor] ExecutorConfigurationSupport.java:218 - Shutting down ExecutorService 'applicationTaskExecutor'
2021-02-04 14:37:24,175 [SpringContextShutdownHook] INFO  [com.zaxxer.hikari.HikariDataSource] HikariDataSource.java:350 - HikariPool-1 - Shutdown initiated...
2021-02-04 14:37:24,180 [SpringContextShutdownHook] INFO  [com.zaxxer.hikari.HikariDataSource] HikariDataSource.java:352 - HikariPool-1 - Shutdown completed.
2021-02-04 14:42:08,121 [main] INFO  [c.j.b.web.application.mapper.OrderMapperTest] StartupInfoLogger.java:55 - Starting OrderMapperTest on JaphydeMacBook-Pro.local with PID 11340 (started by japhy in /Users/japhy/Documents/code/bootstrap/web-base)
2021-02-04 14:42:08,124 [main] INFO  [c.j.b.web.application.mapper.OrderMapperTest] SpringApplication.java:651 - No active profile set, falling back to default profiles: default
2021-02-04 14:42:09,906 [main] INFO  [o.s.d.r.config.RepositoryConfigurationDelegate] RepositoryConfigurationDelegate.java:249 - Multiple Spring Data modules found, entering strict repository configuration mode!
2021-02-04 14:42:09,908 [main] INFO  [o.s.d.r.config.RepositoryConfigurationDelegate] RepositoryConfigurationDelegate.java:127 - Bootstrapping Spring Data JPA repositories in DEFERRED mode.
2021-02-04 14:42:10,208 [main] INFO  [o.s.d.r.config.RepositoryConfigurationDelegate] RepositoryConfigurationDelegate.java:187 - Finished Spring Data repository scanning in 288ms. Found 2 JPA repository interfaces.
2021-02-04 14:42:10,226 [main] INFO  [o.s.d.r.config.RepositoryConfigurationDelegate] RepositoryConfigurationDelegate.java:249 - Multiple Spring Data modules found, entering strict repository configuration mode!
2021-02-04 14:42:10,228 [main] INFO  [o.s.d.r.config.RepositoryConfigurationDelegate] RepositoryConfigurationDelegate.java:127 - Bootstrapping Spring Data Redis repositories in DEFAULT mode.
2021-02-04 14:42:10,249 [main] INFO  [o.s.d.r.c.RepositoryConfigurationExtensionSupport] RepositoryConfigurationExtensionSupport.java:348 - Spring Data Redis - Could not safely identify store assignment for repository candidate interface com.japhy.bootstrap.web.domain.order.repository.OrderRepository. If you want this repository to be a Redis repository, consider annotating your entities with one of these annotations: org.springframework.data.redis.core.RedisHash (preferred), or consider extending one of the following types with your repository: org.springframework.data.keyvalue.repository.KeyValueRepository.
2021-02-04 14:42:10,250 [main] INFO  [o.s.d.r.c.RepositoryConfigurationExtensionSupport] RepositoryConfigurationExtensionSupport.java:348 - Spring Data Redis - Could not safely identify store assignment for repository candidate interface com.japhy.bootstrap.web.domain.user.repository.UserRepository. If you want this repository to be a Redis repository, consider annotating your entities with one of these annotations: org.springframework.data.redis.core.RedisHash (preferred), or consider extending one of the following types with your repository: org.springframework.data.keyvalue.repository.KeyValueRepository.
2021-02-04 14:42:10,250 [main] INFO  [o.s.d.r.config.RepositoryConfigurationDelegate] RepositoryConfigurationDelegate.java:187 - Finished Spring Data repository scanning in 12ms. Found 0 Redis repository interfaces.
2021-02-04 14:42:11,673 [main] INFO  [o.s.c.s.PostProcessorRegistrationDelegate$BeanPostProcessorChecker] PostProcessorRegistrationDelegate.java:335 - Bean 'org.springframework.security.access.expression.method.DefaultMethodSecurityExpressionHandler@66314fee' of type [org.springframework.security.access.expression.method.DefaultMethodSecurityExpressionHandler] is not eligible for getting processed by all BeanPostProcessors (for example: not eligible for auto-proxying)
2021-02-04 14:42:11,715 [main] INFO  [o.s.c.s.PostProcessorRegistrationDelegate$BeanPostProcessorChecker] PostProcessorRegistrationDelegate.java:335 - Bean 'methodSecurityMetadataSource' of type [org.springframework.security.access.method.DelegatingMethodSecurityMetadataSource] is not eligible for getting processed by all BeanPostProcessors (for example: not eligible for auto-proxying)
2021-02-04 14:42:11,884 [main] INFO  [com.zaxxer.hikari.HikariDataSource] HikariDataSource.java:110 - HikariPool-1 - Starting...
2021-02-04 14:42:12,136 [main] INFO  [com.zaxxer.hikari.HikariDataSource] HikariDataSource.java:123 - HikariPool-1 - Start completed.
2021-02-04 14:42:12,320 [main] INFO  [o.s.scheduling.concurrent.ThreadPoolTaskExecutor] ExecutorConfigurationSupport.java:181 - Initializing ExecutorService 'applicationTaskExecutor'
2021-02-04 14:42:12,378 [main] INFO  [o.s.scheduling.concurrent.ThreadPoolTaskScheduler] ExecutorConfigurationSupport.java:181 - Initializing ExecutorService 'taskScheduler'
2021-02-04 14:42:12,494 [task-1] INFO  [org.hibernate.jpa.internal.util.LogHelper] LogHelper.java:31 - HHH000204: Processing PersistenceUnitInfo [name: default]
2021-02-04 14:42:12,561 [task-1] INFO  [org.hibernate.Version] Version.java:44 - HHH000412: Hibernate ORM core version 5.4.17.Final
2021-02-04 14:42:12,743 [task-1] INFO  [org.hibernate.annotations.common.Version] JavaReflectionManager.java:49 - HCANN000001: Hibernate Commons Annotations {5.1.0.Final}
2021-02-04 14:42:12,988 [task-1] INFO  [org.hibernate.dialect.Dialect] Dialect.java:172 - HHH000400: Using dialect: org.hibernate.dialect.H2Dialect
2021-02-04 14:42:13,239 [main] WARN  [o.s.b.a.o.j.JpaBaseConfiguration$JpaWebConfiguration] JpaBaseConfiguration.java:220 - spring.jpa.open-in-view is enabled by default. Therefore, database queries may be performed during view rendering. Explicitly configure spring.jpa.open-in-view to disable this warning
2021-02-04 14:42:14,093 [task-1] INFO  [o.h.e.t.jta.platform.internal.JtaPlatformInitiator] JtaPlatformInitiator.java:52 - HHH000490: Using JtaPlatform implementation: [org.hibernate.engine.transaction.jta.platform.internal.NoJtaPlatform]
2021-02-04 14:42:14,104 [task-1] INFO  [o.s.orm.jpa.LocalContainerEntityManagerFactoryBean] AbstractEntityManagerFactoryBean.java:416 - Initialized JPA EntityManagerFactory for persistence unit 'default'
2021-02-04 14:42:15,337 [main] INFO  [o.s.b.actuate.endpoint.web.EndpointLinksResolver] EndpointLinksResolver.java:58 - Exposing 13 endpoint(s) beneath base path '/mgm'
2021-02-04 14:42:16,362 [main] INFO  [o.s.security.web.DefaultSecurityFilterChain] DefaultSecurityFilterChain.java:43 - Creating filter chain: any request, [org.springframework.security.web.context.request.async.WebAsyncManagerIntegrationFilter@5578ed7e, org.springframework.security.web.context.SecurityContextPersistenceFilter@7a90f33d, org.springframework.security.web.header.HeaderWriterFilter@7305191e, org.springframework.web.filter.CorsFilter@5dd5422f, org.springframework.security.web.authentication.logout.LogoutFilter@57fb6900, com.japhy.bootstrap.web.infrastructure.filter.JwtTokenFilter@6ed87ccf, org.springframework.security.web.savedrequest.RequestCacheAwareFilter@7c7b27c, org.springframework.security.web.servletapi.SecurityContextHolderAwareRequestFilter@3aac31b7, org.springframework.security.web.authentication.AnonymousAuthenticationFilter@158b8d10, org.springframework.security.web.session.SessionManagementFilter@65c66fc4, org.springframework.security.web.access.ExceptionTranslationFilter@1b89debc, org.springframework.security.web.access.intercept.FilterSecurityInterceptor@299615a5]
2021-02-04 14:42:18,171 [main] INFO  [o.s.d.r.c.DeferredRepositoryInitializationListener] DeferredRepositoryInitializationListener.java:49 - Triggering deferred initialization of Spring Data repositories…
2021-02-04 14:42:18,705 [main] INFO  [o.s.d.r.c.DeferredRepositoryInitializationListener] DeferredRepositoryInitializationListener.java:53 - Spring Data repositories initialized!
2021-02-04 14:42:18,728 [main] INFO  [c.j.b.web.application.mapper.OrderMapperTest] StartupInfoLogger.java:61 - Started OrderMapperTest in 11.24 seconds (JVM running for 12.769)
2021-02-04 14:42:19,118 [SpringContextShutdownHook] INFO  [o.s.orm.jpa.LocalContainerEntityManagerFactoryBean] AbstractEntityManagerFactoryBean.java:598 - Closing JPA EntityManagerFactory for persistence unit 'default'
2021-02-04 14:42:19,119 [SpringContextShutdownHook] INFO  [o.h.t.s.i.SchemaDropperImpl$DelayedDropActionImpl] SchemaDropperImpl.java:526 - HHH000477: Starting delayed evictData of schema as part of SessionFactory shut-down'
2021-02-04 14:42:19,131 [SpringContextShutdownHook] INFO  [o.s.scheduling.concurrent.ThreadPoolTaskScheduler] ExecutorConfigurationSupport.java:218 - Shutting down ExecutorService 'taskScheduler'
2021-02-04 14:42:19,132 [SpringContextShutdownHook] INFO  [o.s.scheduling.concurrent.ThreadPoolTaskExecutor] ExecutorConfigurationSupport.java:218 - Shutting down ExecutorService 'applicationTaskExecutor'
2021-02-04 14:42:19,133 [SpringContextShutdownHook] INFO  [com.zaxxer.hikari.HikariDataSource] HikariDataSource.java:350 - HikariPool-1 - Shutdown initiated...
2021-02-04 14:42:19,137 [SpringContextShutdownHook] INFO  [com.zaxxer.hikari.HikariDataSource] HikariDataSource.java:352 - HikariPool-1 - Shutdown completed.
2021-02-04 15:33:54,831 [main] INFO  [c.j.b.web.application.mapper.OrderMapperTest] StartupInfoLogger.java:55 - Starting OrderMapperTest on JaphydeMacBook-Pro.local with PID 11684 (started by japhy in /Users/japhy/Documents/code/bootstrap/web-base)
2021-02-04 15:33:54,834 [main] INFO  [c.j.b.web.application.mapper.OrderMapperTest] SpringApplication.java:651 - No active profile set, falling back to default profiles: default
2021-02-04 15:33:56,481 [main] INFO  [o.s.d.r.config.RepositoryConfigurationDelegate] RepositoryConfigurationDelegate.java:249 - Multiple Spring Data modules found, entering strict repository configuration mode!
2021-02-04 15:33:56,484 [main] INFO  [o.s.d.r.config.RepositoryConfigurationDelegate] RepositoryConfigurationDelegate.java:127 - Bootstrapping Spring Data JPA repositories in DEFERRED mode.
2021-02-04 15:33:56,734 [main] INFO  [o.s.d.r.config.RepositoryConfigurationDelegate] RepositoryConfigurationDelegate.java:187 - Finished Spring Data repository scanning in 239ms. Found 2 JPA repository interfaces.
2021-02-04 15:33:56,751 [main] INFO  [o.s.d.r.config.RepositoryConfigurationDelegate] RepositoryConfigurationDelegate.java:249 - Multiple Spring Data modules found, entering strict repository configuration mode!
2021-02-04 15:33:56,754 [main] INFO  [o.s.d.r.config.RepositoryConfigurationDelegate] RepositoryConfigurationDelegate.java:127 - Bootstrapping Spring Data Redis repositories in DEFAULT mode.
2021-02-04 15:33:56,779 [main] INFO  [o.s.d.r.c.RepositoryConfigurationExtensionSupport] RepositoryConfigurationExtensionSupport.java:348 - Spring Data Redis - Could not safely identify store assignment for repository candidate interface com.japhy.bootstrap.web.domain.order.repository.OrderRepository. If you want this repository to be a Redis repository, consider annotating your entities with one of these annotations: org.springframework.data.redis.core.RedisHash (preferred), or consider extending one of the following types with your repository: org.springframework.data.keyvalue.repository.KeyValueRepository.
2021-02-04 15:33:56,780 [main] INFO  [o.s.d.r.c.RepositoryConfigurationExtensionSupport] RepositoryConfigurationExtensionSupport.java:348 - Spring Data Redis - Could not safely identify store assignment for repository candidate interface com.japhy.bootstrap.web.domain.user.repository.UserRepository. If you want this repository to be a Redis repository, consider annotating your entities with one of these annotations: org.springframework.data.redis.core.RedisHash (preferred), or consider extending one of the following types with your repository: org.springframework.data.keyvalue.repository.KeyValueRepository.
2021-02-04 15:33:56,781 [main] INFO  [o.s.d.r.config.RepositoryConfigurationDelegate] RepositoryConfigurationDelegate.java:187 - Finished Spring Data repository scanning in 13ms. Found 0 Redis repository interfaces.
2021-02-04 15:33:57,815 [main] INFO  [o.s.c.s.PostProcessorRegistrationDelegate$BeanPostProcessorChecker] PostProcessorRegistrationDelegate.java:335 - Bean 'org.springframework.security.access.expression.method.DefaultMethodSecurityExpressionHandler@11810917' of type [org.springframework.security.access.expression.method.DefaultMethodSecurityExpressionHandler] is not eligible for getting processed by all BeanPostProcessors (for example: not eligible for auto-proxying)
2021-02-04 15:33:57,849 [main] INFO  [o.s.c.s.PostProcessorRegistrationDelegate$BeanPostProcessorChecker] PostProcessorRegistrationDelegate.java:335 - Bean 'methodSecurityMetadataSource' of type [org.springframework.security.access.method.DelegatingMethodSecurityMetadataSource] is not eligible for getting processed by all BeanPostProcessors (for example: not eligible for auto-proxying)
2021-02-04 15:33:58,017 [main] INFO  [com.zaxxer.hikari.HikariDataSource] HikariDataSource.java:110 - HikariPool-1 - Starting...
2021-02-04 15:33:58,349 [main] INFO  [com.zaxxer.hikari.HikariDataSource] HikariDataSource.java:123 - HikariPool-1 - Start completed.
2021-02-04 15:33:58,523 [main] INFO  [o.s.scheduling.concurrent.ThreadPoolTaskExecutor] ExecutorConfigurationSupport.java:181 - Initializing ExecutorService 'applicationTaskExecutor'
2021-02-04 15:33:58,558 [main] INFO  [o.s.scheduling.concurrent.ThreadPoolTaskScheduler] ExecutorConfigurationSupport.java:181 - Initializing ExecutorService 'taskScheduler'
2021-02-04 15:33:58,649 [task-1] INFO  [org.hibernate.jpa.internal.util.LogHelper] LogHelper.java:31 - HHH000204: Processing PersistenceUnitInfo [name: default]
2021-02-04 15:33:58,738 [task-1] INFO  [org.hibernate.Version] Version.java:44 - HHH000412: Hibernate ORM core version 5.4.17.Final
2021-02-04 15:33:58,887 [task-1] INFO  [org.hibernate.annotations.common.Version] JavaReflectionManager.java:49 - HCANN000001: Hibernate Commons Annotations {5.1.0.Final}
2021-02-04 15:33:59,103 [task-1] INFO  [org.hibernate.dialect.Dialect] Dialect.java:172 - HHH000400: Using dialect: org.hibernate.dialect.H2Dialect
2021-02-04 15:33:59,302 [main] WARN  [o.s.b.a.o.j.JpaBaseConfiguration$JpaWebConfiguration] JpaBaseConfiguration.java:220 - spring.jpa.open-in-view is enabled by default. Therefore, database queries may be performed during view rendering. Explicitly configure spring.jpa.open-in-view to disable this warning
2021-02-04 15:34:00,015 [task-1] INFO  [o.h.e.t.jta.platform.internal.JtaPlatformInitiator] JtaPlatformInitiator.java:52 - HHH000490: Using JtaPlatform implementation: [org.hibernate.engine.transaction.jta.platform.internal.NoJtaPlatform]
2021-02-04 15:34:00,026 [task-1] INFO  [o.s.orm.jpa.LocalContainerEntityManagerFactoryBean] AbstractEntityManagerFactoryBean.java:416 - Initialized JPA EntityManagerFactory for persistence unit 'default'
2021-02-04 15:34:01,053 [main] INFO  [o.s.b.actuate.endpoint.web.EndpointLinksResolver] EndpointLinksResolver.java:58 - Exposing 13 endpoint(s) beneath base path '/mgm'
2021-02-04 15:34:01,866 [main] INFO  [o.s.security.web.DefaultSecurityFilterChain] DefaultSecurityFilterChain.java:43 - Creating filter chain: any request, [org.springframework.security.web.context.request.async.WebAsyncManagerIntegrationFilter@51c6e775, org.springframework.security.web.context.SecurityContextPersistenceFilter@60ef30b1, org.springframework.security.web.header.HeaderWriterFilter@433b546f, org.springframework.web.filter.CorsFilter@372841d2, org.springframework.security.web.authentication.logout.LogoutFilter@6e6c8854, com.japhy.bootstrap.web.infrastructure.filter.JwtTokenFilter@87aec6a, org.springframework.security.web.savedrequest.RequestCacheAwareFilter@3f40568e, org.springframework.security.web.servletapi.SecurityContextHolderAwareRequestFilter@8d7718e, org.springframework.security.web.authentication.AnonymousAuthenticationFilter@6c8d638a, org.springframework.security.web.session.SessionManagementFilter@19d9ba89, org.springframework.security.web.access.ExceptionTranslationFilter@282c5075, org.springframework.security.web.access.intercept.FilterSecurityInterceptor@4c3fcbe7]
2021-02-04 15:34:03,358 [main] INFO  [o.s.d.r.c.DeferredRepositoryInitializationListener] DeferredRepositoryInitializationListener.java:49 - Triggering deferred initialization of Spring Data repositories…
2021-02-04 15:34:03,755 [main] INFO  [o.s.d.r.c.DeferredRepositoryInitializationListener] DeferredRepositoryInitializationListener.java:53 - Spring Data repositories initialized!
2021-02-04 15:34:03,776 [main] INFO  [c.j.b.web.application.mapper.OrderMapperTest] StartupInfoLogger.java:61 - Started OrderMapperTest in 9.624 seconds (JVM running for 10.973)
2021-02-04 15:34:04,026 [task-3] INFO  [c.j.bootstrap.web.infrastructure.job.OrderSumTask] OrderSumTask.java:23 - order si summing
2021-02-04 15:34:04,038 [SpringContextShutdownHook] INFO  [o.s.orm.jpa.LocalContainerEntityManagerFactoryBean] AbstractEntityManagerFactoryBean.java:598 - Closing JPA EntityManagerFactory for persistence unit 'default'
2021-02-04 15:34:04,039 [SpringContextShutdownHook] INFO  [o.h.t.s.i.SchemaDropperImpl$DelayedDropActionImpl] SchemaDropperImpl.java:526 - HHH000477: Starting delayed evictData of schema as part of SessionFactory shut-down'
2021-02-04 15:34:04,047 [SpringContextShutdownHook] INFO  [o.s.scheduling.concurrent.ThreadPoolTaskScheduler] ExecutorConfigurationSupport.java:218 - Shutting down ExecutorService 'taskScheduler'
2021-02-04 15:34:04,047 [SpringContextShutdownHook] INFO  [o.s.scheduling.concurrent.ThreadPoolTaskExecutor] ExecutorConfigurationSupport.java:218 - Shutting down ExecutorService 'applicationTaskExecutor'
2021-02-04 15:34:04,048 [SpringContextShutdownHook] INFO  [com.zaxxer.hikari.HikariDataSource] HikariDataSource.java:350 - HikariPool-1 - Shutdown initiated...
2021-02-04 15:34:04,051 [SpringContextShutdownHook] INFO  [com.zaxxer.hikari.HikariDataSource] HikariDataSource.java:352 - HikariPool-1 - Shutdown completed.
2021-02-04 15:34:22,849 [main] INFO  [c.j.b.web.application.mapper.OrderMapperTest] StartupInfoLogger.java:55 - Starting OrderMapperTest on JaphydeMacBook-Pro.local with PID 11687 (started by japhy in /Users/japhy/Documents/code/bootstrap/web-base)
2021-02-04 15:34:22,852 [main] INFO  [c.j.b.web.application.mapper.OrderMapperTest] SpringApplication.java:651 - No active profile set, falling back to default profiles: default
2021-02-04 15:34:24,488 [main] INFO  [o.s.d.r.config.RepositoryConfigurationDelegate] RepositoryConfigurationDelegate.java:249 - Multiple Spring Data modules found, entering strict repository configuration mode!
2021-02-04 15:34:24,490 [main] INFO  [o.s.d.r.config.RepositoryConfigurationDelegate] RepositoryConfigurationDelegate.java:127 - Bootstrapping Spring Data JPA repositories in DEFERRED mode.
2021-02-04 15:34:24,722 [main] INFO  [o.s.d.r.config.RepositoryConfigurationDelegate] RepositoryConfigurationDelegate.java:187 - Finished Spring Data repository scanning in 222ms. Found 2 JPA repository interfaces.
2021-02-04 15:34:24,740 [main] INFO  [o.s.d.r.config.RepositoryConfigurationDelegate] RepositoryConfigurationDelegate.java:249 - Multiple Spring Data modules found, entering strict repository configuration mode!
2021-02-04 15:34:24,742 [main] INFO  [o.s.d.r.config.RepositoryConfigurationDelegate] RepositoryConfigurationDelegate.java:127 - Bootstrapping Spring Data Redis repositories in DEFAULT mode.
2021-02-04 15:34:24,783 [main] INFO  [o.s.d.r.c.RepositoryConfigurationExtensionSupport] RepositoryConfigurationExtensionSupport.java:348 - Spring Data Redis - Could not safely identify store assignment for repository candidate interface com.japhy.bootstrap.web.domain.order.repository.OrderRepository. If you want this repository to be a Redis repository, consider annotating your entities with one of these annotations: org.springframework.data.redis.core.RedisHash (preferred), or consider extending one of the following types with your repository: org.springframework.data.keyvalue.repository.KeyValueRepository.
2021-02-04 15:34:24,784 [main] INFO  [o.s.d.r.c.RepositoryConfigurationExtensionSupport] RepositoryConfigurationExtensionSupport.java:348 - Spring Data Redis - Could not safely identify store assignment for repository candidate interface com.japhy.bootstrap.web.domain.user.repository.UserRepository. If you want this repository to be a Redis repository, consider annotating your entities with one of these annotations: org.springframework.data.redis.core.RedisHash (preferred), or consider extending one of the following types with your repository: org.springframework.data.keyvalue.repository.KeyValueRepository.
2021-02-04 15:34:24,784 [main] INFO  [o.s.d.r.config.RepositoryConfigurationDelegate] RepositoryConfigurationDelegate.java:187 - Finished Spring Data repository scanning in 30ms. Found 0 Redis repository interfaces.
2021-02-04 15:34:25,895 [main] INFO  [o.s.c.s.PostProcessorRegistrationDelegate$BeanPostProcessorChecker] PostProcessorRegistrationDelegate.java:335 - Bean 'org.springframework.security.access.expression.method.DefaultMethodSecurityExpressionHandler@1c788d08' of type [org.springframework.security.access.expression.method.DefaultMethodSecurityExpressionHandler] is not eligible for getting processed by all BeanPostProcessors (for example: not eligible for auto-proxying)
2021-02-04 15:34:25,926 [main] INFO  [o.s.c.s.PostProcessorRegistrationDelegate$BeanPostProcessorChecker] PostProcessorRegistrationDelegate.java:335 - Bean 'methodSecurityMetadataSource' of type [org.springframework.security.access.method.DelegatingMethodSecurityMetadataSource] is not eligible for getting processed by all BeanPostProcessors (for example: not eligible for auto-proxying)
2021-02-04 15:34:26,110 [main] INFO  [com.zaxxer.hikari.HikariDataSource] HikariDataSource.java:110 - HikariPool-1 - Starting...
2021-02-04 15:34:26,385 [main] INFO  [com.zaxxer.hikari.HikariDataSource] HikariDataSource.java:123 - HikariPool-1 - Start completed.
2021-02-04 15:34:26,603 [main] INFO  [o.s.scheduling.concurrent.ThreadPoolTaskExecutor] ExecutorConfigurationSupport.java:181 - Initializing ExecutorService 'applicationTaskExecutor'
2021-02-04 15:34:26,645 [main] INFO  [o.s.scheduling.concurrent.ThreadPoolTaskScheduler] ExecutorConfigurationSupport.java:181 - Initializing ExecutorService 'taskScheduler'
2021-02-04 15:34:26,738 [task-1] INFO  [org.hibernate.jpa.internal.util.LogHelper] LogHelper.java:31 - HHH000204: Processing PersistenceUnitInfo [name: default]
2021-02-04 15:34:26,810 [task-1] INFO  [org.hibernate.Version] Version.java:44 - HHH000412: Hibernate ORM core version 5.4.17.Final
2021-02-04 15:34:26,933 [task-1] INFO  [org.hibernate.annotations.common.Version] JavaReflectionManager.java:49 - HCANN000001: Hibernate Commons Annotations {5.1.0.Final}
2021-02-04 15:34:27,144 [task-1] INFO  [org.hibernate.dialect.Dialect] Dialect.java:172 - HHH000400: Using dialect: org.hibernate.dialect.H2Dialect
2021-02-04 15:34:27,360 [main] WARN  [o.s.b.a.o.j.JpaBaseConfiguration$JpaWebConfiguration] JpaBaseConfiguration.java:220 - spring.jpa.open-in-view is enabled by default. Therefore, database queries may be performed during view rendering. Explicitly configure spring.jpa.open-in-view to disable this warning
2021-02-04 15:34:28,212 [task-1] INFO  [o.h.e.t.jta.platform.internal.JtaPlatformInitiator] JtaPlatformInitiator.java:52 - HHH000490: Using JtaPlatform implementation: [org.hibernate.engine.transaction.jta.platform.internal.NoJtaPlatform]
2021-02-04 15:34:28,225 [task-1] INFO  [o.s.orm.jpa.LocalContainerEntityManagerFactoryBean] AbstractEntityManagerFactoryBean.java:416 - Initialized JPA EntityManagerFactory for persistence unit 'default'
2021-02-04 15:34:29,399 [main] INFO  [o.s.b.actuate.endpoint.web.EndpointLinksResolver] EndpointLinksResolver.java:58 - Exposing 13 endpoint(s) beneath base path '/mgm'
2021-02-04 15:34:30,346 [main] INFO  [o.s.security.web.DefaultSecurityFilterChain] DefaultSecurityFilterChain.java:43 - Creating filter chain: any request, [org.springframework.security.web.context.request.async.WebAsyncManagerIntegrationFilter@519e14f6, org.springframework.security.web.context.SecurityContextPersistenceFilter@6a087c72, org.springframework.security.web.header.HeaderWriterFilter@ab595e8, org.springframework.web.filter.CorsFilter@10ab976b, org.springframework.security.web.authentication.logout.LogoutFilter@4b517357, com.japhy.bootstrap.web.infrastructure.filter.JwtTokenFilter@728535c6, org.springframework.security.web.savedrequest.RequestCacheAwareFilter@3894d1b1, org.springframework.security.web.servletapi.SecurityContextHolderAwareRequestFilter@12f933c7, org.springframework.security.web.authentication.AnonymousAuthenticationFilter@5da799, org.springframework.security.web.session.SessionManagementFilter@1d2ce035, org.springframework.security.web.access.ExceptionTranslationFilter@330d557e, org.springframework.security.web.access.intercept.FilterSecurityInterceptor@1d397e87]
2021-02-04 15:34:31,933 [main] INFO  [o.s.d.r.c.DeferredRepositoryInitializationListener] DeferredRepositoryInitializationListener.java:49 - Triggering deferred initialization of Spring Data repositories…
2021-02-04 15:34:32,362 [main] INFO  [o.s.d.r.c.DeferredRepositoryInitializationListener] DeferredRepositoryInitializationListener.java:53 - Spring Data repositories initialized!
2021-02-04 15:34:32,381 [main] INFO  [c.j.b.web.application.mapper.OrderMapperTest] StartupInfoLogger.java:61 - Started OrderMapperTest in 10.105 seconds (JVM running for 12.035)
2021-02-04 15:34:39,465 [task-3] INFO  [c.j.bootstrap.web.infrastructure.job.OrderSumTask] OrderSumTask.java:23 - order si summing
2021-02-04 15:34:39,620 [SpringContextShutdownHook] INFO  [o.s.orm.jpa.LocalContainerEntityManagerFactoryBean] AbstractEntityManagerFactoryBean.java:598 - Closing JPA EntityManagerFactory for persistence unit 'default'
2021-02-04 15:34:39,620 [SpringContextShutdownHook] INFO  [o.h.t.s.i.SchemaDropperImpl$DelayedDropActionImpl] SchemaDropperImpl.java:526 - HHH000477: Starting delayed evictData of schema as part of SessionFactory shut-down'
2021-02-04 15:34:39,629 [SpringContextShutdownHook] INFO  [o.s.scheduling.concurrent.ThreadPoolTaskScheduler] ExecutorConfigurationSupport.java:218 - Shutting down ExecutorService 'taskScheduler'
2021-02-04 15:34:39,630 [SpringContextShutdownHook] INFO  [o.s.scheduling.concurrent.ThreadPoolTaskExecutor] ExecutorConfigurationSupport.java:218 - Shutting down ExecutorService 'applicationTaskExecutor'
2021-02-04 15:34:39,631 [SpringContextShutdownHook] INFO  [com.zaxxer.hikari.HikariDataSource] HikariDataSource.java:350 - HikariPool-1 - Shutdown initiated...
2021-02-04 15:34:39,635 [SpringContextShutdownHook] INFO  [com.zaxxer.hikari.HikariDataSource] HikariDataSource.java:352 - HikariPool-1 - Shutdown completed.
2021-02-04 15:35:38,668 [main] INFO  [c.j.b.web.application.mapper.OrderMapperTest] StartupInfoLogger.java:55 - Starting OrderMapperTest on JaphydeMacBook-Pro.local with PID 11697 (started by japhy in /Users/japhy/Documents/code/bootstrap/web-base)
2021-02-04 15:35:38,670 [main] INFO  [c.j.b.web.application.mapper.OrderMapperTest] SpringApplication.java:651 - No active profile set, falling back to default profiles: default
2021-02-04 15:35:40,187 [main] INFO  [o.s.d.r.config.RepositoryConfigurationDelegate] RepositoryConfigurationDelegate.java:249 - Multiple Spring Data modules found, entering strict repository configuration mode!
2021-02-04 15:35:40,189 [main] INFO  [o.s.d.r.config.RepositoryConfigurationDelegate] RepositoryConfigurationDelegate.java:127 - Bootstrapping Spring Data JPA repositories in DEFERRED mode.
2021-02-04 15:35:40,389 [main] INFO  [o.s.d.r.config.RepositoryConfigurationDelegate] RepositoryConfigurationDelegate.java:187 - Finished Spring Data repository scanning in 191ms. Found 2 JPA repository interfaces.
2021-02-04 15:35:40,402 [main] INFO  [o.s.d.r.config.RepositoryConfigurationDelegate] RepositoryConfigurationDelegate.java:249 - Multiple Spring Data modules found, entering strict repository configuration mode!
2021-02-04 15:35:40,403 [main] INFO  [o.s.d.r.config.RepositoryConfigurationDelegate] RepositoryConfigurationDelegate.java:127 - Bootstrapping Spring Data Redis repositories in DEFAULT mode.
2021-02-04 15:35:40,422 [main] INFO  [o.s.d.r.c.RepositoryConfigurationExtensionSupport] RepositoryConfigurationExtensionSupport.java:348 - Spring Data Redis - Could not safely identify store assignment for repository candidate interface com.japhy.bootstrap.web.domain.order.repository.OrderRepository. If you want this repository to be a Redis repository, consider annotating your entities with one of these annotations: org.springframework.data.redis.core.RedisHash (preferred), or consider extending one of the following types with your repository: org.springframework.data.keyvalue.repository.KeyValueRepository.
2021-02-04 15:35:40,424 [main] INFO  [o.s.d.r.c.RepositoryConfigurationExtensionSupport] RepositoryConfigurationExtensionSupport.java:348 - Spring Data Redis - Could not safely identify store assignment for repository candidate interface com.japhy.bootstrap.web.domain.user.repository.UserRepository. If you want this repository to be a Redis repository, consider annotating your entities with one of these annotations: org.springframework.data.redis.core.RedisHash (preferred), or consider extending one of the following types with your repository: org.springframework.data.keyvalue.repository.KeyValueRepository.
2021-02-04 15:35:40,424 [main] INFO  [o.s.d.r.config.RepositoryConfigurationDelegate] RepositoryConfigurationDelegate.java:187 - Finished Spring Data repository scanning in 12ms. Found 0 Redis repository interfaces.
2021-02-04 15:35:41,243 [main] INFO  [o.s.c.s.PostProcessorRegistrationDelegate$BeanPostProcessorChecker] PostProcessorRegistrationDelegate.java:335 - Bean 'org.springframework.security.access.expression.method.DefaultMethodSecurityExpressionHandler@68dfda77' of type [org.springframework.security.access.expression.method.DefaultMethodSecurityExpressionHandler] is not eligible for getting processed by all BeanPostProcessors (for example: not eligible for auto-proxying)
2021-02-04 15:35:41,270 [main] INFO  [o.s.c.s.PostProcessorRegistrationDelegate$BeanPostProcessorChecker] PostProcessorRegistrationDelegate.java:335 - Bean 'methodSecurityMetadataSource' of type [org.springframework.security.access.method.DelegatingMethodSecurityMetadataSource] is not eligible for getting processed by all BeanPostProcessors (for example: not eligible for auto-proxying)
2021-02-04 15:35:41,401 [main] INFO  [com.zaxxer.hikari.HikariDataSource] HikariDataSource.java:110 - HikariPool-1 - Starting...
2021-02-04 15:35:41,638 [main] INFO  [com.zaxxer.hikari.HikariDataSource] HikariDataSource.java:123 - HikariPool-1 - Start completed.
2021-02-04 15:35:41,803 [main] INFO  [o.s.scheduling.concurrent.ThreadPoolTaskExecutor] ExecutorConfigurationSupport.java:181 - Initializing ExecutorService 'applicationTaskExecutor'
2021-02-04 15:35:41,836 [main] INFO  [o.s.scheduling.concurrent.ThreadPoolTaskScheduler] ExecutorConfigurationSupport.java:181 - Initializing ExecutorService 'taskScheduler'
2021-02-04 15:35:41,913 [task-1] INFO  [org.hibernate.jpa.internal.util.LogHelper] LogHelper.java:31 - HHH000204: Processing PersistenceUnitInfo [name: default]
2021-02-04 15:35:41,976 [task-1] INFO  [org.hibernate.Version] Version.java:44 - HHH000412: Hibernate ORM core version 5.4.17.Final
2021-02-04 15:35:42,066 [task-1] INFO  [org.hibernate.annotations.common.Version] JavaReflectionManager.java:49 - HCANN000001: Hibernate Commons Annotations {5.1.0.Final}
2021-02-04 15:35:42,217 [task-1] INFO  [org.hibernate.dialect.Dialect] Dialect.java:172 - HHH000400: Using dialect: org.hibernate.dialect.H2Dialect
2021-02-04 15:35:42,405 [main] WARN  [o.s.b.a.o.j.JpaBaseConfiguration$JpaWebConfiguration] JpaBaseConfiguration.java:220 - spring.jpa.open-in-view is enabled by default. Therefore, database queries may be performed during view rendering. Explicitly configure spring.jpa.open-in-view to disable this warning
2021-02-04 15:35:43,005 [task-1] INFO  [o.h.e.t.jta.platform.internal.JtaPlatformInitiator] JtaPlatformInitiator.java:52 - HHH000490: Using JtaPlatform implementation: [org.hibernate.engine.transaction.jta.platform.internal.NoJtaPlatform]
2021-02-04 15:35:43,013 [task-1] INFO  [o.s.orm.jpa.LocalContainerEntityManagerFactoryBean] AbstractEntityManagerFactoryBean.java:416 - Initialized JPA EntityManagerFactory for persistence unit 'default'
2021-02-04 15:35:44,034 [main] INFO  [o.s.b.actuate.endpoint.web.EndpointLinksResolver] EndpointLinksResolver.java:58 - Exposing 13 endpoint(s) beneath base path '/mgm'
2021-02-04 15:35:44,967 [main] INFO  [o.s.security.web.DefaultSecurityFilterChain] DefaultSecurityFilterChain.java:43 - Creating filter chain: any request, [org.springframework.security.web.context.request.async.WebAsyncManagerIntegrationFilter@1c5d376c, org.springframework.security.web.context.SecurityContextPersistenceFilter@3dec769, org.springframework.security.web.header.HeaderWriterFilter@7dc92a06, org.springframework.web.filter.CorsFilter@42f2cae8, org.springframework.security.web.authentication.logout.LogoutFilter@3d3b4e09, com.japhy.bootstrap.web.infrastructure.filter.JwtTokenFilter@13dc6649, org.springframework.security.web.savedrequest.RequestCacheAwareFilter@2ed35f24, org.springframework.security.web.servletapi.SecurityContextHolderAwareRequestFilter@3d405fe5, org.springframework.security.web.authentication.AnonymousAuthenticationFilter@3bbc47c9, org.springframework.security.web.session.SessionManagementFilter@6be80629, org.springframework.security.web.access.ExceptionTranslationFilter@4e02f17d, org.springframework.security.web.access.intercept.FilterSecurityInterceptor@796cf2b5]
2021-02-04 15:35:46,474 [main] INFO  [o.s.d.r.c.DeferredRepositoryInitializationListener] DeferredRepositoryInitializationListener.java:49 - Triggering deferred initialization of Spring Data repositories…
2021-02-04 15:40:43,955 [main] INFO  [c.j.b.web.application.mapper.OrderMapperTest] StartupInfoLogger.java:55 - Starting OrderMapperTest on JaphydeMacBook-Pro.local with PID 11752 (started by japhy in /Users/japhy/Documents/code/bootstrap/web-base)
2021-02-04 15:40:43,958 [main] INFO  [c.j.b.web.application.mapper.OrderMapperTest] SpringApplication.java:651 - No active profile set, falling back to default profiles: default
2021-02-04 15:40:45,538 [main] INFO  [o.s.d.r.config.RepositoryConfigurationDelegate] RepositoryConfigurationDelegate.java:249 - Multiple Spring Data modules found, entering strict repository configuration mode!
2021-02-04 15:40:45,542 [main] INFO  [o.s.d.r.config.RepositoryConfigurationDelegate] RepositoryConfigurationDelegate.java:127 - Bootstrapping Spring Data JPA repositories in DEFERRED mode.
2021-02-04 15:40:45,804 [main] INFO  [o.s.d.r.config.RepositoryConfigurationDelegate] RepositoryConfigurationDelegate.java:187 - Finished Spring Data repository scanning in 253ms. Found 2 JPA repository interfaces.
2021-02-04 15:40:45,823 [main] INFO  [o.s.d.r.config.RepositoryConfigurationDelegate] RepositoryConfigurationDelegate.java:249 - Multiple Spring Data modules found, entering strict repository configuration mode!
2021-02-04 15:40:45,825 [main] INFO  [o.s.d.r.config.RepositoryConfigurationDelegate] RepositoryConfigurationDelegate.java:127 - Bootstrapping Spring Data Redis repositories in DEFAULT mode.
2021-02-04 15:40:45,860 [main] INFO  [o.s.d.r.c.RepositoryConfigurationExtensionSupport] RepositoryConfigurationExtensionSupport.java:348 - Spring Data Redis - Could not safely identify store assignment for repository candidate interface com.japhy.bootstrap.web.domain.order.repository.OrderRepository. If you want this repository to be a Redis repository, consider annotating your entities with one of these annotations: org.springframework.data.redis.core.RedisHash (preferred), or consider extending one of the following types with your repository: org.springframework.data.keyvalue.repository.KeyValueRepository.
2021-02-04 15:40:45,861 [main] INFO  [o.s.d.r.c.RepositoryConfigurationExtensionSupport] RepositoryConfigurationExtensionSupport.java:348 - Spring Data Redis - Could not safely identify store assignment for repository candidate interface com.japhy.bootstrap.web.domain.user.repository.UserRepository. If you want this repository to be a Redis repository, consider annotating your entities with one of these annotations: org.springframework.data.redis.core.RedisHash (preferred), or consider extending one of the following types with your repository: org.springframework.data.keyvalue.repository.KeyValueRepository.
2021-02-04 15:40:45,862 [main] INFO  [o.s.d.r.config.RepositoryConfigurationDelegate] RepositoryConfigurationDelegate.java:187 - Finished Spring Data repository scanning in 20ms. Found 0 Redis repository interfaces.
2021-02-04 15:40:46,843 [main] INFO  [o.s.c.s.PostProcessorRegistrationDelegate$BeanPostProcessorChecker] PostProcessorRegistrationDelegate.java:335 - Bean 'org.springframework.security.access.expression.method.DefaultMethodSecurityExpressionHandler@5333f08f' of type [org.springframework.security.access.expression.method.DefaultMethodSecurityExpressionHandler] is not eligible for getting processed by all BeanPostProcessors (for example: not eligible for auto-proxying)
2021-02-04 15:40:46,874 [main] INFO  [o.s.c.s.PostProcessorRegistrationDelegate$BeanPostProcessorChecker] PostProcessorRegistrationDelegate.java:335 - Bean 'methodSecurityMetadataSource' of type [org.springframework.security.access.method.DelegatingMethodSecurityMetadataSource] is not eligible for getting processed by all BeanPostProcessors (for example: not eligible for auto-proxying)
2021-02-04 15:40:47,014 [main] INFO  [com.zaxxer.hikari.HikariDataSource] HikariDataSource.java:110 - HikariPool-1 - Starting...
2021-02-04 15:40:47,321 [main] INFO  [com.zaxxer.hikari.HikariDataSource] HikariDataSource.java:123 - HikariPool-1 - Start completed.
2021-02-04 15:40:47,507 [main] INFO  [o.s.scheduling.concurrent.ThreadPoolTaskExecutor] ExecutorConfigurationSupport.java:181 - Initializing ExecutorService 'applicationTaskExecutor'
2021-02-04 15:40:47,545 [main] INFO  [o.s.scheduling.concurrent.ThreadPoolTaskScheduler] ExecutorConfigurationSupport.java:181 - Initializing ExecutorService 'taskScheduler'
2021-02-04 15:40:47,640 [task-1] INFO  [org.hibernate.jpa.internal.util.LogHelper] LogHelper.java:31 - HHH000204: Processing PersistenceUnitInfo [name: default]
2021-02-04 15:40:47,746 [task-1] INFO  [org.hibernate.Version] Version.java:44 - HHH000412: Hibernate ORM core version 5.4.17.Final
2021-02-04 15:40:47,809 [main] WARN  [o.s.b.a.o.j.JpaBaseConfiguration$JpaWebConfiguration] JpaBaseConfiguration.java:220 - spring.jpa.open-in-view is enabled by default. Therefore, database queries may be performed during view rendering. Explicitly configure spring.jpa.open-in-view to disable this warning
2021-02-04 15:40:47,984 [task-1] INFO  [org.hibernate.annotations.common.Version] JavaReflectionManager.java:49 - HCANN000001: Hibernate Commons Annotations {5.1.0.Final}
2021-02-04 15:40:48,233 [task-1] INFO  [org.hibernate.dialect.Dialect] Dialect.java:172 - HHH000400: Using dialect: org.hibernate.dialect.H2Dialect
2021-02-04 15:40:49,426 [task-1] INFO  [o.h.e.t.jta.platform.internal.JtaPlatformInitiator] JtaPlatformInitiator.java:52 - HHH000490: Using JtaPlatform implementation: [org.hibernate.engine.transaction.jta.platform.internal.NoJtaPlatform]
2021-02-04 15:40:49,439 [task-1] INFO  [o.s.orm.jpa.LocalContainerEntityManagerFactoryBean] AbstractEntityManagerFactoryBean.java:416 - Initialized JPA EntityManagerFactory for persistence unit 'default'
2021-02-04 15:40:49,794 [main] INFO  [o.s.b.actuate.endpoint.web.EndpointLinksResolver] EndpointLinksResolver.java:58 - Exposing 13 endpoint(s) beneath base path '/mgm'
2021-02-04 15:40:50,685 [main] INFO  [o.s.security.web.DefaultSecurityFilterChain] DefaultSecurityFilterChain.java:43 - Creating filter chain: any request, [org.springframework.security.web.context.request.async.WebAsyncManagerIntegrationFilter@74f89bad, org.springframework.security.web.context.SecurityContextPersistenceFilter@2792c28, org.springframework.security.web.header.HeaderWriterFilter@2ed7978c, org.springframework.web.filter.CorsFilter@5ad50b02, org.springframework.security.web.authentication.logout.LogoutFilter@2aa811f9, com.japhy.bootstrap.web.infrastructure.filter.JwtTokenFilter@23c7cb18, org.springframework.security.web.savedrequest.RequestCacheAwareFilter@351e86b2, org.springframework.security.web.servletapi.SecurityContextHolderAwareRequestFilter@57a5b03, org.springframework.security.web.authentication.AnonymousAuthenticationFilter@570299e3, org.springframework.security.web.session.SessionManagementFilter@4bb9f7d4, org.springframework.security.web.access.ExceptionTranslationFilter@3265995e, org.springframework.security.web.access.intercept.FilterSecurityInterceptor@5bc14211]
2021-02-04 15:40:52,080 [main] INFO  [o.s.d.r.c.DeferredRepositoryInitializationListener] DeferredRepositoryInitializationListener.java:49 - Triggering deferred initialization of Spring Data repositories…
2021-02-04 15:40:52,478 [main] INFO  [o.s.d.r.c.DeferredRepositoryInitializationListener] DeferredRepositoryInitializationListener.java:53 - Spring Data repositories initialized!
2021-02-04 15:40:52,496 [main] INFO  [c.j.b.web.application.mapper.OrderMapperTest] StartupInfoLogger.java:61 - Started OrderMapperTest in 9.144 seconds (JVM running for 10.568)
2021-02-04 15:40:52,720 [SpringContextShutdownHook] INFO  [o.s.orm.jpa.LocalContainerEntityManagerFactoryBean] AbstractEntityManagerFactoryBean.java:598 - Closing JPA EntityManagerFactory for persistence unit 'default'
2021-02-04 15:40:52,721 [SpringContextShutdownHook] INFO  [o.h.t.s.i.SchemaDropperImpl$DelayedDropActionImpl] SchemaDropperImpl.java:526 - HHH000477: Starting delayed evictData of schema as part of SessionFactory shut-down'
2021-02-04 15:40:52,730 [SpringContextShutdownHook] INFO  [o.s.scheduling.concurrent.ThreadPoolTaskScheduler] ExecutorConfigurationSupport.java:218 - Shutting down ExecutorService 'taskScheduler'
2021-02-04 15:40:52,738 [SpringContextShutdownHook] INFO  [o.s.scheduling.concurrent.ThreadPoolTaskExecutor] ExecutorConfigurationSupport.java:218 - Shutting down ExecutorService 'applicationTaskExecutor'
2021-02-04 15:40:52,739 [SpringContextShutdownHook] INFO  [com.zaxxer.hikari.HikariDataSource] HikariDataSource.java:350 - HikariPool-1 - Shutdown initiated...
2021-02-04 15:40:52,742 [SpringContextShutdownHook] INFO  [com.zaxxer.hikari.HikariDataSource] HikariDataSource.java:352 - HikariPool-1 - Shutdown completed.
2021-02-04 15:43:17,981 [main] INFO  [c.j.b.web.application.mapper.OrderMapperTest] StartupInfoLogger.java:55 - Starting OrderMapperTest on JaphydeMacBook-Pro.local with PID 11783 (started by japhy in /Users/japhy/Documents/code/bootstrap/web-base)
2021-02-04 15:43:17,984 [main] INFO  [c.j.b.web.application.mapper.OrderMapperTest] SpringApplication.java:651 - No active profile set, falling back to default profiles: default
2021-02-04 15:43:20,197 [main] INFO  [o.s.d.r.config.RepositoryConfigurationDelegate] RepositoryConfigurationDelegate.java:249 - Multiple Spring Data modules found, entering strict repository configuration mode!
2021-02-04 15:43:20,200 [main] INFO  [o.s.d.r.config.RepositoryConfigurationDelegate] RepositoryConfigurationDelegate.java:127 - Bootstrapping Spring Data JPA repositories in DEFERRED mode.
2021-02-04 15:43:20,443 [main] INFO  [o.s.d.r.config.RepositoryConfigurationDelegate] RepositoryConfigurationDelegate.java:187 - Finished Spring Data repository scanning in 230ms. Found 2 JPA repository interfaces.
2021-02-04 15:43:20,459 [main] INFO  [o.s.d.r.config.RepositoryConfigurationDelegate] RepositoryConfigurationDelegate.java:249 - Multiple Spring Data modules found, entering strict repository configuration mode!
2021-02-04 15:43:20,461 [main] INFO  [o.s.d.r.config.RepositoryConfigurationDelegate] RepositoryConfigurationDelegate.java:127 - Bootstrapping Spring Data Redis repositories in DEFAULT mode.
2021-02-04 15:43:20,484 [main] INFO  [o.s.d.r.c.RepositoryConfigurationExtensionSupport] RepositoryConfigurationExtensionSupport.java:348 - Spring Data Redis - Could not safely identify store assignment for repository candidate interface com.japhy.bootstrap.web.domain.order.repository.OrderRepository. If you want this repository to be a Redis repository, consider annotating your entities with one of these annotations: org.springframework.data.redis.core.RedisHash (preferred), or consider extending one of the following types with your repository: org.springframework.data.keyvalue.repository.KeyValueRepository.
2021-02-04 15:43:20,486 [main] INFO  [o.s.d.r.c.RepositoryConfigurationExtensionSupport] RepositoryConfigurationExtensionSupport.java:348 - Spring Data Redis - Could not safely identify store assignment for repository candidate interface com.japhy.bootstrap.web.domain.user.repository.UserRepository. If you want this repository to be a Redis repository, consider annotating your entities with one of these annotations: org.springframework.data.redis.core.RedisHash (preferred), or consider extending one of the following types with your repository: org.springframework.data.keyvalue.repository.KeyValueRepository.
2021-02-04 15:43:20,486 [main] INFO  [o.s.d.r.config.RepositoryConfigurationDelegate] RepositoryConfigurationDelegate.java:187 - Finished Spring Data repository scanning in 16ms. Found 0 Redis repository interfaces.
2021-02-04 15:43:21,444 [main] INFO  [o.s.c.s.PostProcessorRegistrationDelegate$BeanPostProcessorChecker] PostProcessorRegistrationDelegate.java:335 - Bean 'org.springframework.security.access.expression.method.DefaultMethodSecurityExpressionHandler@35af52dc' of type [org.springframework.security.access.expression.method.DefaultMethodSecurityExpressionHandler] is not eligible for getting processed by all BeanPostProcessors (for example: not eligible for auto-proxying)
2021-02-04 15:43:21,474 [main] INFO  [o.s.c.s.PostProcessorRegistrationDelegate$BeanPostProcessorChecker] PostProcessorRegistrationDelegate.java:335 - Bean 'methodSecurityMetadataSource' of type [org.springframework.security.access.method.DelegatingMethodSecurityMetadataSource] is not eligible for getting processed by all BeanPostProcessors (for example: not eligible for auto-proxying)
2021-02-04 15:43:21,651 [main] INFO  [com.zaxxer.hikari.HikariDataSource] HikariDataSource.java:110 - HikariPool-1 - Starting...
2021-02-04 15:43:21,893 [main] INFO  [com.zaxxer.hikari.HikariDataSource] HikariDataSource.java:123 - HikariPool-1 - Start completed.
2021-02-04 15:43:22,099 [main] INFO  [o.s.scheduling.concurrent.ThreadPoolTaskExecutor] ExecutorConfigurationSupport.java:181 - Initializing ExecutorService 'applicationTaskExecutor'
2021-02-04 15:43:22,156 [main] INFO  [o.s.scheduling.concurrent.ThreadPoolTaskScheduler] ExecutorConfigurationSupport.java:181 - Initializing ExecutorService 'taskScheduler'
2021-02-04 15:43:22,242 [task-1] INFO  [org.hibernate.jpa.internal.util.LogHelper] LogHelper.java:31 - HHH000204: Processing PersistenceUnitInfo [name: default]
2021-02-04 15:43:22,320 [task-1] INFO  [org.hibernate.Version] Version.java:44 - HHH000412: Hibernate ORM core version 5.4.17.Final
2021-02-04 15:43:22,440 [main] WARN  [o.s.b.a.o.j.JpaBaseConfiguration$JpaWebConfiguration] JpaBaseConfiguration.java:220 - spring.jpa.open-in-view is enabled by default. Therefore, database queries may be performed during view rendering. Explicitly configure spring.jpa.open-in-view to disable this warning
2021-02-04 15:43:22,528 [task-1] INFO  [org.hibernate.annotations.common.Version] JavaReflectionManager.java:49 - HCANN000001: Hibernate Commons Annotations {5.1.0.Final}
2021-02-04 15:43:22,772 [task-1] INFO  [org.hibernate.dialect.Dialect] Dialect.java:172 - HHH000400: Using dialect: org.hibernate.dialect.H2Dialect
2021-02-04 15:43:24,103 [task-1] INFO  [o.h.e.t.jta.platform.internal.JtaPlatformInitiator] JtaPlatformInitiator.java:52 - HHH000490: Using JtaPlatform implementation: [org.hibernate.engine.transaction.jta.platform.internal.NoJtaPlatform]
2021-02-04 15:43:24,115 [task-1] INFO  [o.s.orm.jpa.LocalContainerEntityManagerFactoryBean] AbstractEntityManagerFactoryBean.java:416 - Initialized JPA EntityManagerFactory for persistence unit 'default'
2021-02-04 15:43:24,868 [main] INFO  [o.s.b.actuate.endpoint.web.EndpointLinksResolver] EndpointLinksResolver.java:58 - Exposing 13 endpoint(s) beneath base path '/mgm'
2021-02-04 15:43:25,856 [main] INFO  [o.s.security.web.DefaultSecurityFilterChain] DefaultSecurityFilterChain.java:43 - Creating filter chain: any request, [org.springframework.security.web.context.request.async.WebAsyncManagerIntegrationFilter@42d96745, org.springframework.security.web.context.SecurityContextPersistenceFilter@1d0fc0bc, org.springframework.security.web.header.HeaderWriterFilter@2e6f1f48, org.springframework.web.filter.CorsFilter@4d1f168, org.springframework.security.web.authentication.logout.LogoutFilter@71c1ca1, com.japhy.bootstrap.web.infrastructure.filter.JwtTokenFilter@69c227fd, org.springframework.security.web.savedrequest.RequestCacheAwareFilter@1735e1c4, org.springframework.security.web.servletapi.SecurityContextHolderAwareRequestFilter@5cd6a827, org.springframework.security.web.authentication.AnonymousAuthenticationFilter@9e4388d, org.springframework.security.web.session.SessionManagementFilter@7bdddfa4, org.springframework.security.web.access.ExceptionTranslationFilter@748fa354, org.springframework.security.web.access.intercept.FilterSecurityInterceptor@3d2b8e]
2021-02-04 15:43:27,787 [main] INFO  [o.s.d.r.c.DeferredRepositoryInitializationListener] DeferredRepositoryInitializationListener.java:49 - Triggering deferred initialization of Spring Data repositories…
2021-02-04 15:43:28,268 [main] INFO  [o.s.d.r.c.DeferredRepositoryInitializationListener] DeferredRepositoryInitializationListener.java:53 - Spring Data repositories initialized!
2021-02-04 15:43:28,289 [main] INFO  [c.j.b.web.application.mapper.OrderMapperTest] StartupInfoLogger.java:61 - Started OrderMapperTest in 11.128 seconds (JVM running for 12.948)
2021-02-04 15:43:33,944 [task-3] INFO  [c.j.bootstrap.web.infrastructure.job.OrderSumTask] OrderSumTask.java:23 - order si summing
2021-02-04 15:43:34,003 [task-4] INFO  [c.j.bootstrap.web.infrastructure.job.OrderSumTask] OrderSumTask.java:23 - order si summing
2021-02-04 15:43:34,082 [SpringContextShutdownHook] INFO  [o.s.orm.jpa.LocalContainerEntityManagerFactoryBean] AbstractEntityManagerFactoryBean.java:598 - Closing JPA EntityManagerFactory for persistence unit 'default'
2021-02-04 15:43:34,083 [SpringContextShutdownHook] INFO  [o.h.t.s.i.SchemaDropperImpl$DelayedDropActionImpl] SchemaDropperImpl.java:526 - HHH000477: Starting delayed evictData of schema as part of SessionFactory shut-down'
2021-02-04 15:43:34,092 [SpringContextShutdownHook] INFO  [o.s.scheduling.concurrent.ThreadPoolTaskScheduler] ExecutorConfigurationSupport.java:218 - Shutting down ExecutorService 'taskScheduler'
2021-02-04 15:43:34,093 [SpringContextShutdownHook] INFO  [o.s.scheduling.concurrent.ThreadPoolTaskExecutor] ExecutorConfigurationSupport.java:218 - Shutting down ExecutorService 'applicationTaskExecutor'
2021-02-04 15:43:34,094 [SpringContextShutdownHook] INFO  [com.zaxxer.hikari.HikariDataSource] HikariDataSource.java:350 - HikariPool-1 - Shutdown initiated...
2021-02-04 15:43:34,098 [SpringContextShutdownHook] INFO  [com.zaxxer.hikari.HikariDataSource] HikariDataSource.java:352 - HikariPool-1 - Shutdown completed.
2021-02-04 15:52:07,343 [main] INFO  [c.j.b.web.application.mapper.OrderMapperTest] StartupInfoLogger.java:55 - Starting OrderMapperTest on JaphydeMacBook-Pro.local with PID 11860 (started by japhy in /Users/japhy/Documents/code/bootstrap/web-base)
2021-02-04 15:52:07,346 [main] INFO  [c.j.b.web.application.mapper.OrderMapperTest] SpringApplication.java:651 - No active profile set, falling back to default profiles: default
2021-02-04 15:52:09,079 [main] INFO  [o.s.d.r.config.RepositoryConfigurationDelegate] RepositoryConfigurationDelegate.java:249 - Multiple Spring Data modules found, entering strict repository configuration mode!
2021-02-04 15:52:09,082 [main] INFO  [o.s.d.r.config.RepositoryConfigurationDelegate] RepositoryConfigurationDelegate.java:127 - Bootstrapping Spring Data JPA repositories in DEFERRED mode.
2021-02-04 15:52:09,326 [main] INFO  [o.s.d.r.config.RepositoryConfigurationDelegate] RepositoryConfigurationDelegate.java:187 - Finished Spring Data repository scanning in 235ms. Found 2 JPA repository interfaces.
2021-02-04 15:52:09,342 [main] INFO  [o.s.d.r.config.RepositoryConfigurationDelegate] RepositoryConfigurationDelegate.java:249 - Multiple Spring Data modules found, entering strict repository configuration mode!
2021-02-04 15:52:09,345 [main] INFO  [o.s.d.r.config.RepositoryConfigurationDelegate] RepositoryConfigurationDelegate.java:127 - Bootstrapping Spring Data Redis repositories in DEFAULT mode.
2021-02-04 15:52:09,376 [main] INFO  [o.s.d.r.c.RepositoryConfigurationExtensionSupport] RepositoryConfigurationExtensionSupport.java:348 - Spring Data Redis - Could not safely identify store assignment for repository candidate interface com.japhy.bootstrap.web.domain.order.repository.OrderRepository. If you want this repository to be a Redis repository, consider annotating your entities with one of these annotations: org.springframework.data.redis.core.RedisHash (preferred), or consider extending one of the following types with your repository: org.springframework.data.keyvalue.repository.KeyValueRepository.
2021-02-04 15:52:09,377 [main] INFO  [o.s.d.r.c.RepositoryConfigurationExtensionSupport] RepositoryConfigurationExtensionSupport.java:348 - Spring Data Redis - Could not safely identify store assignment for repository candidate interface com.japhy.bootstrap.web.domain.user.repository.UserRepository. If you want this repository to be a Redis repository, consider annotating your entities with one of these annotations: org.springframework.data.redis.core.RedisHash (preferred), or consider extending one of the following types with your repository: org.springframework.data.keyvalue.repository.KeyValueRepository.
2021-02-04 15:52:09,378 [main] INFO  [o.s.d.r.config.RepositoryConfigurationDelegate] RepositoryConfigurationDelegate.java:187 - Finished Spring Data repository scanning in 17ms. Found 0 Redis repository interfaces.
2021-02-04 15:52:10,311 [main] INFO  [o.s.c.s.PostProcessorRegistrationDelegate$BeanPostProcessorChecker] PostProcessorRegistrationDelegate.java:335 - Bean 'org.springframework.security.access.expression.method.DefaultMethodSecurityExpressionHandler@111cba40' of type [org.springframework.security.access.expression.method.DefaultMethodSecurityExpressionHandler] is not eligible for getting processed by all BeanPostProcessors (for example: not eligible for auto-proxying)
2021-02-04 15:52:10,345 [main] INFO  [o.s.c.s.PostProcessorRegistrationDelegate$BeanPostProcessorChecker] PostProcessorRegistrationDelegate.java:335 - Bean 'methodSecurityMetadataSource' of type [org.springframework.security.access.method.DelegatingMethodSecurityMetadataSource] is not eligible for getting processed by all BeanPostProcessors (for example: not eligible for auto-proxying)
2021-02-04 15:52:10,476 [main] INFO  [com.zaxxer.hikari.HikariDataSource] HikariDataSource.java:110 - HikariPool-1 - Starting...
2021-02-04 15:52:10,771 [main] INFO  [com.zaxxer.hikari.HikariDataSource] HikariDataSource.java:123 - HikariPool-1 - Start completed.
2021-02-04 15:52:10,952 [main] INFO  [o.s.scheduling.concurrent.ThreadPoolTaskExecutor] ExecutorConfigurationSupport.java:181 - Initializing ExecutorService 'applicationTaskExecutor'
2021-02-04 15:52:10,999 [main] INFO  [o.s.scheduling.concurrent.ThreadPoolTaskScheduler] ExecutorConfigurationSupport.java:181 - Initializing ExecutorService 'taskScheduler'
2021-02-04 15:52:11,112 [task-1] INFO  [org.hibernate.jpa.internal.util.LogHelper] LogHelper.java:31 - HHH000204: Processing PersistenceUnitInfo [name: default]
2021-02-04 15:52:11,225 [task-1] INFO  [org.hibernate.Version] Version.java:44 - HHH000412: Hibernate ORM core version 5.4.17.Final
2021-02-04 15:52:11,291 [main] WARN  [o.s.b.a.o.j.JpaBaseConfiguration$JpaWebConfiguration] JpaBaseConfiguration.java:220 - spring.jpa.open-in-view is enabled by default. Therefore, database queries may be performed during view rendering. Explicitly configure spring.jpa.open-in-view to disable this warning
2021-02-04 15:52:11,491 [task-1] INFO  [org.hibernate.annotations.common.Version] JavaReflectionManager.java:49 - HCANN000001: Hibernate Commons Annotations {5.1.0.Final}
2021-02-04 15:52:11,752 [task-1] INFO  [org.hibernate.dialect.Dialect] Dialect.java:172 - HHH000400: Using dialect: org.hibernate.dialect.H2Dialect
2021-02-04 15:52:12,930 [task-1] INFO  [o.h.e.t.jta.platform.internal.JtaPlatformInitiator] JtaPlatformInitiator.java:52 - HHH000490: Using JtaPlatform implementation: [org.hibernate.engine.transaction.jta.platform.internal.NoJtaPlatform]
2021-02-04 15:52:12,940 [task-1] INFO  [o.s.orm.jpa.LocalContainerEntityManagerFactoryBean] AbstractEntityManagerFactoryBean.java:416 - Initialized JPA EntityManagerFactory for persistence unit 'default'
2021-02-04 15:52:13,259 [main] INFO  [o.s.b.actuate.endpoint.web.EndpointLinksResolver] EndpointLinksResolver.java:58 - Exposing 13 endpoint(s) beneath base path '/mgm'
2021-02-04 15:52:14,045 [main] INFO  [o.s.security.web.DefaultSecurityFilterChain] DefaultSecurityFilterChain.java:43 - Creating filter chain: any request, [org.springframework.security.web.context.request.async.WebAsyncManagerIntegrationFilter@3664c596, org.springframework.security.web.context.SecurityContextPersistenceFilter@424a152f, org.springframework.security.web.header.HeaderWriterFilter@55e5415d, org.springframework.web.filter.CorsFilter@40aad17d, org.springframework.security.web.authentication.logout.LogoutFilter@2d2a8819, com.japhy.bootstrap.web.infrastructure.filter.JwtTokenFilter@26d40c77, org.springframework.security.web.savedrequest.RequestCacheAwareFilter@15ad5acb, org.springframework.security.web.servletapi.SecurityContextHolderAwareRequestFilter@183ef89a, org.springframework.security.web.authentication.AnonymousAuthenticationFilter@44e79e9e, org.springframework.security.web.session.SessionManagementFilter@30665461, org.springframework.security.web.access.ExceptionTranslationFilter@662713b6, org.springframework.security.web.access.intercept.FilterSecurityInterceptor@58b03029]
2021-02-04 15:52:15,380 [main] INFO  [o.s.d.r.c.DeferredRepositoryInitializationListener] DeferredRepositoryInitializationListener.java:49 - Triggering deferred initialization of Spring Data repositories…
2021-02-04 15:52:15,777 [main] INFO  [o.s.d.r.c.DeferredRepositoryInitializationListener] DeferredRepositoryInitializationListener.java:53 - Spring Data repositories initialized!
2021-02-04 15:52:15,794 [main] INFO  [c.j.b.web.application.mapper.OrderMapperTest] StartupInfoLogger.java:61 - Started OrderMapperTest in 9.16 seconds (JVM running for 10.514)
2021-02-04 15:52:16,017 [task-3] INFO  [c.j.bootstrap.web.infrastructure.job.OrderSumTask] OrderSumTask.java:23 - order si summing
2021-02-04 15:52:16,036 [SpringContextShutdownHook] INFO  [o.s.orm.jpa.LocalContainerEntityManagerFactoryBean] AbstractEntityManagerFactoryBean.java:598 - Closing JPA EntityManagerFactory for persistence unit 'default'
2021-02-04 15:52:16,037 [SpringContextShutdownHook] INFO  [o.h.t.s.i.SchemaDropperImpl$DelayedDropActionImpl] SchemaDropperImpl.java:526 - HHH000477: Starting delayed evictData of schema as part of SessionFactory shut-down'
2021-02-04 15:52:16,045 [SpringContextShutdownHook] INFO  [o.s.scheduling.concurrent.ThreadPoolTaskScheduler] ExecutorConfigurationSupport.java:218 - Shutting down ExecutorService 'taskScheduler'
2021-02-04 15:52:16,046 [SpringContextShutdownHook] INFO  [o.s.scheduling.concurrent.ThreadPoolTaskExecutor] ExecutorConfigurationSupport.java:218 - Shutting down ExecutorService 'applicationTaskExecutor'
2021-02-04 15:52:16,047 [SpringContextShutdownHook] INFO  [com.zaxxer.hikari.HikariDataSource] HikariDataSource.java:350 - HikariPool-1 - Shutdown initiated...
2021-02-04 15:52:16,050 [SpringContextShutdownHook] INFO  [com.zaxxer.hikari.HikariDataSource] HikariDataSource.java:352 - HikariPool-1 - Shutdown completed.
2021-02-04 16:31:13,378 [main] INFO  [c.j.b.web.application.mapper.OrderMapperTest] StartupInfoLogger.java:55 - Starting OrderMapperTest on JaphydeMacBook-Pro.local with PID 11984 (started by japhy in /Users/japhy/Documents/code/bootstrap/web-base)
2021-02-04 16:31:13,381 [main] INFO  [c.j.b.web.application.mapper.OrderMapperTest] SpringApplication.java:651 - No active profile set, falling back to default profiles: default
2021-02-04 16:31:15,325 [main] INFO  [o.s.d.r.config.RepositoryConfigurationDelegate] RepositoryConfigurationDelegate.java:249 - Multiple Spring Data modules found, entering strict repository configuration mode!
2021-02-04 16:31:15,328 [main] INFO  [o.s.d.r.config.RepositoryConfigurationDelegate] RepositoryConfigurationDelegate.java:127 - Bootstrapping Spring Data JPA repositories in DEFERRED mode.
2021-02-04 16:31:15,618 [main] INFO  [o.s.d.r.config.RepositoryConfigurationDelegate] RepositoryConfigurationDelegate.java:187 - Finished Spring Data repository scanning in 278ms. Found 2 JPA repository interfaces.
2021-02-04 16:31:15,635 [main] INFO  [o.s.d.r.config.RepositoryConfigurationDelegate] RepositoryConfigurationDelegate.java:249 - Multiple Spring Data modules found, entering strict repository configuration mode!
2021-02-04 16:31:15,638 [main] INFO  [o.s.d.r.config.RepositoryConfigurationDelegate] RepositoryConfigurationDelegate.java:127 - Bootstrapping Spring Data Redis repositories in DEFAULT mode.
2021-02-04 16:31:15,670 [main] INFO  [o.s.d.r.c.RepositoryConfigurationExtensionSupport] RepositoryConfigurationExtensionSupport.java:348 - Spring Data Redis - Could not safely identify store assignment for repository candidate interface com.japhy.bootstrap.web.domain.order.repository.OrderRepository. If you want this repository to be a Redis repository, consider annotating your entities with one of these annotations: org.springframework.data.redis.core.RedisHash (preferred), or consider extending one of the following types with your repository: org.springframework.data.keyvalue.repository.KeyValueRepository.
2021-02-04 16:31:15,671 [main] INFO  [o.s.d.r.c.RepositoryConfigurationExtensionSupport] RepositoryConfigurationExtensionSupport.java:348 - Spring Data Redis - Could not safely identify store assignment for repository candidate interface com.japhy.bootstrap.web.domain.user.repository.UserRepository. If you want this repository to be a Redis repository, consider annotating your entities with one of these annotations: org.springframework.data.redis.core.RedisHash (preferred), or consider extending one of the following types with your repository: org.springframework.data.keyvalue.repository.KeyValueRepository.
2021-02-04 16:31:15,671 [main] INFO  [o.s.d.r.config.RepositoryConfigurationDelegate] RepositoryConfigurationDelegate.java:187 - Finished Spring Data repository scanning in 20ms. Found 0 Redis repository interfaces.
2021-02-04 16:31:16,827 [main] INFO  [o.s.c.s.PostProcessorRegistrationDelegate$BeanPostProcessorChecker] PostProcessorRegistrationDelegate.java:335 - Bean 'org.springframework.security.access.expression.method.DefaultMethodSecurityExpressionHandler@4f5f474c' of type [org.springframework.security.access.expression.method.DefaultMethodSecurityExpressionHandler] is not eligible for getting processed by all BeanPostProcessors (for example: not eligible for auto-proxying)
2021-02-04 16:31:16,864 [main] INFO  [o.s.c.s.PostProcessorRegistrationDelegate$BeanPostProcessorChecker] PostProcessorRegistrationDelegate.java:335 - Bean 'methodSecurityMetadataSource' of type [org.springframework.security.access.method.DelegatingMethodSecurityMetadataSource] is not eligible for getting processed by all BeanPostProcessors (for example: not eligible for auto-proxying)
2021-02-04 16:31:17,034 [main] INFO  [com.zaxxer.hikari.HikariDataSource] HikariDataSource.java:110 - HikariPool-1 - Starting...
2021-02-04 16:31:17,365 [main] INFO  [com.zaxxer.hikari.HikariDataSource] HikariDataSource.java:123 - HikariPool-1 - Start completed.
2021-02-04 16:31:17,550 [main] INFO  [o.s.scheduling.concurrent.ThreadPoolTaskExecutor] ExecutorConfigurationSupport.java:181 - Initializing ExecutorService 'applicationTaskExecutor'
2021-02-04 16:31:17,590 [main] INFO  [o.s.scheduling.concurrent.ThreadPoolTaskScheduler] ExecutorConfigurationSupport.java:181 - Initializing ExecutorService 'taskScheduler'
2021-02-04 16:31:17,698 [task-1] INFO  [org.hibernate.jpa.internal.util.LogHelper] LogHelper.java:31 - HHH000204: Processing PersistenceUnitInfo [name: default]
2021-02-04 16:31:17,810 [task-1] INFO  [org.hibernate.Version] Version.java:44 - HHH000412: Hibernate ORM core version 5.4.17.Final
2021-02-04 16:31:17,869 [main] WARN  [o.s.b.a.o.j.JpaBaseConfiguration$JpaWebConfiguration] JpaBaseConfiguration.java:220 - spring.jpa.open-in-view is enabled by default. Therefore, database queries may be performed during view rendering. Explicitly configure spring.jpa.open-in-view to disable this warning
2021-02-04 16:31:18,075 [task-1] INFO  [org.hibernate.annotations.common.Version] JavaReflectionManager.java:49 - HCANN000001: Hibernate Commons Annotations {5.1.0.Final}
2021-02-04 16:31:18,307 [task-1] INFO  [org.hibernate.dialect.Dialect] Dialect.java:172 - HHH000400: Using dialect: org.hibernate.dialect.H2Dialect
2021-02-04 16:31:19,575 [task-1] INFO  [o.h.e.t.jta.platform.internal.JtaPlatformInitiator] JtaPlatformInitiator.java:52 - HHH000490: Using JtaPlatform implementation: [org.hibernate.engine.transaction.jta.platform.internal.NoJtaPlatform]
2021-02-04 16:31:19,587 [task-1] INFO  [o.s.orm.jpa.LocalContainerEntityManagerFactoryBean] AbstractEntityManagerFactoryBean.java:416 - Initialized JPA EntityManagerFactory for persistence unit 'default'
2021-02-04 16:31:19,952 [main] INFO  [o.s.b.actuate.endpoint.web.EndpointLinksResolver] EndpointLinksResolver.java:58 - Exposing 13 endpoint(s) beneath base path '/mgm'
2021-02-04 16:31:20,762 [main] INFO  [o.s.security.web.DefaultSecurityFilterChain] DefaultSecurityFilterChain.java:43 - Creating filter chain: any request, [org.springframework.security.web.context.request.async.WebAsyncManagerIntegrationFilter@74450c9b, org.springframework.security.web.context.SecurityContextPersistenceFilter@673a9db4, org.springframework.security.web.header.HeaderWriterFilter@33f2eb04, org.springframework.web.filter.CorsFilter@74f89bad, org.springframework.security.web.authentication.logout.LogoutFilter@48da64f2, com.japhy.bootstrap.web.infrastructure.filter.JwtTokenFilter@49cb5030, org.springframework.security.web.savedrequest.RequestCacheAwareFilter@2792c28, org.springframework.security.web.servletapi.SecurityContextHolderAwareRequestFilter@11582db6, org.springframework.security.web.authentication.AnonymousAuthenticationFilter@5ad50b02, org.springframework.security.web.session.SessionManagementFilter@15ad5acb, org.springframework.security.web.access.ExceptionTranslationFilter@52d59507, org.springframework.security.web.access.intercept.FilterSecurityInterceptor@44e79e9e]
2021-02-04 16:31:22,166 [main] INFO  [o.s.d.r.c.DeferredRepositoryInitializationListener] DeferredRepositoryInitializationListener.java:49 - Triggering deferred initialization of Spring Data repositories…
2021-02-04 16:31:22,546 [main] INFO  [o.s.d.r.c.DeferredRepositoryInitializationListener] DeferredRepositoryInitializationListener.java:53 - Spring Data repositories initialized!
2021-02-04 16:31:22,564 [main] INFO  [c.j.b.web.application.mapper.OrderMapperTest] StartupInfoLogger.java:61 - Started OrderMapperTest in 10.0 seconds (JVM running for 11.276)
2021-02-04 16:31:22,806 [SpringContextShutdownHook] INFO  [o.s.orm.jpa.LocalContainerEntityManagerFactoryBean] AbstractEntityManagerFactoryBean.java:598 - Closing JPA EntityManagerFactory for persistence unit 'default'
2021-02-04 16:31:22,806 [SpringContextShutdownHook] INFO  [o.h.t.s.i.SchemaDropperImpl$DelayedDropActionImpl] SchemaDropperImpl.java:526 - HHH000477: Starting delayed evictData of schema as part of SessionFactory shut-down'
2021-02-04 16:31:22,814 [SpringContextShutdownHook] INFO  [o.s.scheduling.concurrent.ThreadPoolTaskScheduler] ExecutorConfigurationSupport.java:218 - Shutting down ExecutorService 'taskScheduler'
2021-02-04 16:31:22,815 [SpringContextShutdownHook] INFO  [o.s.scheduling.concurrent.ThreadPoolTaskExecutor] ExecutorConfigurationSupport.java:218 - Shutting down ExecutorService 'applicationTaskExecutor'
2021-02-04 16:31:22,816 [SpringContextShutdownHook] INFO  [com.zaxxer.hikari.HikariDataSource] HikariDataSource.java:350 - HikariPool-1 - Shutdown initiated...
2021-02-04 16:31:22,819 [SpringContextShutdownHook] INFO  [com.zaxxer.hikari.HikariDataSource] HikariDataSource.java:352 - HikariPool-1 - Shutdown completed.
2021-02-04 19:00:58,757 [main] INFO  [c.j.b.web.application.mapper.OrderMapperTest] StartupInfoLogger.java:55 - Starting OrderMapperTest on JaphydeMacBook-Pro.local with PID 12625 (started by japhy in /Users/japhy/Documents/code/bootstrap/web-base)
2021-02-04 19:00:58,762 [main] INFO  [c.j.b.web.application.mapper.OrderMapperTest] SpringApplication.java:651 - No active profile set, falling back to default profiles: default
2021-02-04 19:01:00,458 [main] INFO  [o.s.d.r.config.RepositoryConfigurationDelegate] RepositoryConfigurationDelegate.java:249 - Multiple Spring Data modules found, entering strict repository configuration mode!
2021-02-04 19:01:00,460 [main] INFO  [o.s.d.r.config.RepositoryConfigurationDelegate] RepositoryConfigurationDelegate.java:127 - Bootstrapping Spring Data JPA repositories in DEFERRED mode.
2021-02-04 19:01:00,724 [main] INFO  [o.s.d.r.config.RepositoryConfigurationDelegate] RepositoryConfigurationDelegate.java:187 - Finished Spring Data repository scanning in 252ms. Found 2 JPA repository interfaces.
2021-02-04 19:01:00,740 [main] INFO  [o.s.d.r.config.RepositoryConfigurationDelegate] RepositoryConfigurationDelegate.java:249 - Multiple Spring Data modules found, entering strict repository configuration mode!
2021-02-04 19:01:00,742 [main] INFO  [o.s.d.r.config.RepositoryConfigurationDelegate] RepositoryConfigurationDelegate.java:127 - Bootstrapping Spring Data Redis repositories in DEFAULT mode.
2021-02-04 19:01:00,765 [main] INFO  [o.s.d.r.c.RepositoryConfigurationExtensionSupport] RepositoryConfigurationExtensionSupport.java:348 - Spring Data Redis - Could not safely identify store assignment for repository candidate interface com.japhy.bootstrap.web.domain.order.repository.OrderRepository. If you want this repository to be a Redis repository, consider annotating your entities with one of these annotations: org.springframework.data.redis.core.RedisHash (preferred), or consider extending one of the following types with your repository: org.springframework.data.keyvalue.repository.KeyValueRepository.
2021-02-04 19:01:00,766 [main] INFO  [o.s.d.r.c.RepositoryConfigurationExtensionSupport] RepositoryConfigurationExtensionSupport.java:348 - Spring Data Redis - Could not safely identify store assignment for repository candidate interface com.japhy.bootstrap.web.domain.user.repository.UserRepository. If you want this repository to be a Redis repository, consider annotating your entities with one of these annotations: org.springframework.data.redis.core.RedisHash (preferred), or consider extending one of the following types with your repository: org.springframework.data.keyvalue.repository.KeyValueRepository.
2021-02-04 19:01:00,767 [main] INFO  [o.s.d.r.config.RepositoryConfigurationDelegate] RepositoryConfigurationDelegate.java:187 - Finished Spring Data repository scanning in 17ms. Found 0 Redis repository interfaces.
2021-02-04 19:01:01,640 [main] INFO  [o.s.c.s.PostProcessorRegistrationDelegate$BeanPostProcessorChecker] PostProcessorRegistrationDelegate.java:335 - Bean 'org.springframework.security.access.expression.method.DefaultMethodSecurityExpressionHandler@2d130ac4' of type [org.springframework.security.access.expression.method.DefaultMethodSecurityExpressionHandler] is not eligible for getting processed by all BeanPostProcessors (for example: not eligible for auto-proxying)
2021-02-04 19:01:01,671 [main] INFO  [o.s.c.s.PostProcessorRegistrationDelegate$BeanPostProcessorChecker] PostProcessorRegistrationDelegate.java:335 - Bean 'methodSecurityMetadataSource' of type [org.springframework.security.access.method.DelegatingMethodSecurityMetadataSource] is not eligible for getting processed by all BeanPostProcessors (for example: not eligible for auto-proxying)
2021-02-04 19:01:01,817 [main] INFO  [com.zaxxer.hikari.HikariDataSource] HikariDataSource.java:110 - HikariPool-1 - Starting...
2021-02-04 19:01:02,086 [main] INFO  [com.zaxxer.hikari.HikariDataSource] HikariDataSource.java:123 - HikariPool-1 - Start completed.
2021-02-04 19:01:02,267 [main] INFO  [o.s.scheduling.concurrent.ThreadPoolTaskExecutor] ExecutorConfigurationSupport.java:181 - Initializing ExecutorService 'applicationTaskExecutor'
2021-02-04 19:01:02,304 [main] INFO  [o.s.scheduling.concurrent.ThreadPoolTaskScheduler] ExecutorConfigurationSupport.java:181 - Initializing ExecutorService 'taskScheduler'
2021-02-04 19:01:02,389 [task-1] INFO  [org.hibernate.jpa.internal.util.LogHelper] LogHelper.java:31 - HHH000204: Processing PersistenceUnitInfo [name: default]
2021-02-04 19:01:02,467 [task-1] INFO  [org.hibernate.Version] Version.java:44 - HHH000412: Hibernate ORM core version 5.4.17.Final
2021-02-04 19:01:02,562 [main] WARN  [o.s.b.a.o.j.JpaBaseConfiguration$JpaWebConfiguration] JpaBaseConfiguration.java:220 - spring.jpa.open-in-view is enabled by default. Therefore, database queries may be performed during view rendering. Explicitly configure spring.jpa.open-in-view to disable this warning
2021-02-04 19:01:02,649 [task-1] INFO  [org.hibernate.annotations.common.Version] JavaReflectionManager.java:49 - HCANN000001: Hibernate Commons Annotations {5.1.0.Final}
2021-02-04 19:01:02,835 [task-1] INFO  [org.hibernate.dialect.Dialect] Dialect.java:172 - HHH000400: Using dialect: org.hibernate.dialect.H2Dialect
2021-02-04 19:01:02,951 [main] WARN  [o.s.w.context.support.GenericWebApplicationContext] AbstractApplicationContext.java:559 - Exception encountered during context initialization - cancelling refresh attempt: org.springframework.beans.factory.UnsatisfiedDependencyException: Error creating bean with name 'featureApi' defined in file [/Users/japhy/Documents/code/bootstrap/web-base/target/classes/com/japhy/bootstrap/web/interfaces/http/FeatureApi.class]: Unsatisfied dependency expressed through constructor parameter 0; nested exception is org.springframework.beans.factory.NoSuchBeanDefinitionException: No qualifying bean of type 'com.japhy.bootstrap.web.application.mapper.OrderMapper' available: expected at least 1 bean which qualifies as autowire candidate. Dependency annotations: {}
2021-02-04 19:01:02,952 [main] INFO  [o.s.orm.jpa.LocalContainerEntityManagerFactoryBean] AbstractEntityManagerFactoryBean.java:598 - Closing JPA EntityManagerFactory for persistence unit 'default'
2021-02-04 19:01:03,664 [task-1] INFO  [o.h.e.t.jta.platform.internal.JtaPlatformInitiator] JtaPlatformInitiator.java:52 - HHH000490: Using JtaPlatform implementation: [org.hibernate.engine.transaction.jta.platform.internal.NoJtaPlatform]
2021-02-04 19:01:03,672 [task-1] INFO  [o.s.orm.jpa.LocalContainerEntityManagerFactoryBean] AbstractEntityManagerFactoryBean.java:416 - Initialized JPA EntityManagerFactory for persistence unit 'default'
2021-02-04 19:01:03,672 [main] INFO  [o.h.t.s.i.SchemaDropperImpl$DelayedDropActionImpl] SchemaDropperImpl.java:526 - HHH000477: Starting delayed evictData of schema as part of SessionFactory shut-down'
2021-02-04 19:01:03,680 [main] INFO  [o.s.scheduling.concurrent.ThreadPoolTaskScheduler] ExecutorConfigurationSupport.java:218 - Shutting down ExecutorService 'taskScheduler'
2021-02-04 19:01:03,681 [main] INFO  [o.s.scheduling.concurrent.ThreadPoolTaskExecutor] ExecutorConfigurationSupport.java:218 - Shutting down ExecutorService 'applicationTaskExecutor'
2021-02-04 19:01:03,681 [main] INFO  [com.zaxxer.hikari.HikariDataSource] HikariDataSource.java:350 - HikariPool-1 - Shutdown initiated...
2021-02-04 19:01:03,684 [main] INFO  [com.zaxxer.hikari.HikariDataSource] HikariDataSource.java:352 - HikariPool-1 - Shutdown completed.
2021-02-04 19:01:03,700 [main] INFO  [o.s.b.a.l.ConditionEvaluationReportLoggingListener] ConditionEvaluationReportLoggingListener.java:136 - 

Error starting ApplicationContext. To display the conditions report re-run your application with 'debug' enabled.
