2021-03-05 15:24:48,973 [main] INFO  [c.j.b.w.a.e.subscriber.OrderUpdatedSubscriberTest] StartupInfoLogger.java:55 - Starting OrderUpdatedSubscriberTest on JaphydeMacBook-Pro.local with PID 43266 (started by japhy in /Users/japhy/Documents/code/bootstrap/web-base)
2021-03-05 15:24:48,975 [main] INFO  [c.j.b.w.a.e.subscriber.OrderUpdatedSubscriberTest] SpringApplication.java:651 - No active profile set, falling back to default profiles: default
2021-03-05 15:24:51,036 [main] INFO  [o.s.d.r.config.RepositoryConfigurationDelegate] RepositoryConfigurationDelegate.java:249 - Multiple Spring Data modules found, entering strict repository configuration mode!
2021-03-05 15:24:51,040 [main] INFO  [o.s.d.r.config.RepositoryConfigurationDelegate] RepositoryConfigurationDelegate.java:127 - Bootstrapping Spring Data JPA repositories in DEFERRED mode.
2021-03-05 15:24:51,302 [main] INFO  [o.s.d.r.config.RepositoryConfigurationDelegate] RepositoryConfigurationDelegate.java:187 - Finished Spring Data repository scanning in 247ms. Found 2 JPA repository interfaces.
2021-03-05 15:24:51,324 [main] INFO  [o.s.d.r.config.RepositoryConfigurationDelegate] RepositoryConfigurationDelegate.java:249 - Multiple Spring Data modules found, entering strict repository configuration mode!
2021-03-05 15:24:51,327 [main] INFO  [o.s.d.r.config.RepositoryConfigurationDelegate] RepositoryConfigurationDelegate.java:127 - Bootstrapping Spring Data Redis repositories in DEFAULT mode.
2021-03-05 15:24:51,371 [main] INFO  [o.s.d.r.c.RepositoryConfigurationExtensionSupport] RepositoryConfigurationExtensionSupport.java:348 - Spring Data Redis - Could not safely identify store assignment for repository candidate interface com.japhy.bootstrap.web.domain.order.repository.OrderRepository. If you want this repository to be a Redis repository, consider annotating your entities with one of these annotations: org.springframework.data.redis.core.RedisHash (preferred), or consider extending one of the following types with your repository: org.springframework.data.keyvalue.repository.KeyValueRepository.
2021-03-05 15:24:51,374 [main] INFO  [o.s.d.r.c.RepositoryConfigurationExtensionSupport] RepositoryConfigurationExtensionSupport.java:348 - Spring Data Redis - Could not safely identify store assignment for repository candidate interface com.japhy.bootstrap.web.domain.user.repository.UserRepository. If you want this repository to be a Redis repository, consider annotating your entities with one of these annotations: org.springframework.data.redis.core.RedisHash (preferred), or consider extending one of the following types with your repository: org.springframework.data.keyvalue.repository.KeyValueRepository.
2021-03-05 15:24:51,374 [main] INFO  [o.s.d.r.config.RepositoryConfigurationDelegate] RepositoryConfigurationDelegate.java:187 - Finished Spring Data repository scanning in 32ms. Found 0 Redis repository interfaces.
2021-03-05 15:24:52,660 [main] INFO  [o.s.c.s.PostProcessorRegistrationDelegate$BeanPostProcessorChecker] PostProcessorRegistrationDelegate.java:335 - Bean 'org.springframework.security.access.expression.method.DefaultMethodSecurityExpressionHandler@3534651a' of type [org.springframework.security.access.expression.method.DefaultMethodSecurityExpressionHandler] is not eligible for getting processed by all BeanPostProcessors (for example: not eligible for auto-proxying)
2021-03-05 15:24:52,695 [main] INFO  [o.s.c.s.PostProcessorRegistrationDelegate$BeanPostProcessorChecker] PostProcessorRegistrationDelegate.java:335 - Bean 'methodSecurityMetadataSource' of type [org.springframework.security.access.method.DelegatingMethodSecurityMetadataSource] is not eligible for getting processed by all BeanPostProcessors (for example: not eligible for auto-proxying)
2021-03-05 15:24:52,853 [main] INFO  [com.zaxxer.hikari.HikariDataSource] HikariDataSource.java:110 - HikariPool-1 - Starting...
2021-03-05 15:24:53,239 [main] INFO  [com.zaxxer.hikari.HikariDataSource] HikariDataSource.java:123 - HikariPool-1 - Start completed.
2021-03-05 15:24:53,456 [main] INFO  [o.s.scheduling.concurrent.ThreadPoolTaskExecutor] ExecutorConfigurationSupport.java:181 - Initializing ExecutorService 'applicationTaskExecutor'
2021-03-05 15:24:53,502 [main] INFO  [o.s.scheduling.concurrent.ThreadPoolTaskScheduler] ExecutorConfigurationSupport.java:181 - Initializing ExecutorService 'taskScheduler'
2021-03-05 15:24:53,694 [task-1] INFO  [org.hibernate.jpa.internal.util.LogHelper] LogHelper.java:31 - HHH000204: Processing PersistenceUnitInfo [name: default]
2021-03-05 15:24:53,801 [task-1] INFO  [org.hibernate.Version] Version.java:44 - HHH000412: Hibernate ORM core version 5.4.17.Final
2021-03-05 15:24:53,973 [task-1] INFO  [org.hibernate.annotations.common.Version] JavaReflectionManager.java:49 - HCANN000001: Hibernate Commons Annotations {5.1.0.Final}
2021-03-05 15:24:54,250 [task-1] INFO  [org.hibernate.dialect.Dialect] Dialect.java:172 - HHH000400: Using dialect: org.hibernate.dialect.H2Dialect
2021-03-05 15:24:54,621 [main] WARN  [o.s.b.a.o.j.JpaBaseConfiguration$JpaWebConfiguration] JpaBaseConfiguration.java:220 - spring.jpa.open-in-view is enabled by default. Therefore, database queries may be performed during view rendering. Explicitly configure spring.jpa.open-in-view to disable this warning
2021-03-05 15:24:55,496 [task-1] INFO  [o.h.e.t.jta.platform.internal.JtaPlatformInitiator] JtaPlatformInitiator.java:52 - HHH000490: Using JtaPlatform implementation: [org.hibernate.engine.transaction.jta.platform.internal.NoJtaPlatform]
2021-03-05 15:24:55,513 [task-1] INFO  [o.s.orm.jpa.LocalContainerEntityManagerFactoryBean] AbstractEntityManagerFactoryBean.java:416 - Initialized JPA EntityManagerFactory for persistence unit 'default'
2021-03-05 15:24:56,925 [main] INFO  [o.s.b.actuate.endpoint.web.EndpointLinksResolver] EndpointLinksResolver.java:58 - Exposing 13 endpoint(s) beneath base path '/mgm'
2021-03-05 15:24:58,005 [main] INFO  [o.s.security.web.DefaultSecurityFilterChain] DefaultSecurityFilterChain.java:43 - Creating filter chain: any request, [org.springframework.security.web.context.request.async.WebAsyncManagerIntegrationFilter@2c9af700, org.springframework.security.web.context.SecurityContextPersistenceFilter@4b8ba6b7, org.springframework.security.web.header.HeaderWriterFilter@33293b34, org.springframework.web.filter.CorsFilter@29897daf, org.springframework.security.web.authentication.logout.LogoutFilter@6f0df74, com.japhy.bootstrap.web.infrastructure.filter.JwtTokenFilter@fdf029a, org.springframework.security.web.savedrequest.RequestCacheAwareFilter@509e0253, org.springframework.security.web.servletapi.SecurityContextHolderAwareRequestFilter@4bc49d70, org.springframework.security.web.authentication.AnonymousAuthenticationFilter@63e54c66, org.springframework.security.web.session.SessionManagementFilter@674c01ce, org.springframework.security.web.access.ExceptionTranslationFilter@2ac00dc9, org.springframework.security.web.access.intercept.FilterSecurityInterceptor@307eb95f]
2021-03-05 15:25:00,143 [main] INFO  [o.s.d.r.c.DeferredRepositoryInitializationListener] DeferredRepositoryInitializationListener.java:49 - Triggering deferred initialization of Spring Data repositories…
2021-03-05 15:25:00,678 [main] INFO  [o.s.d.r.c.DeferredRepositoryInitializationListener] DeferredRepositoryInitializationListener.java:53 - Spring Data repositories initialized!
2021-03-05 15:25:00,703 [main] INFO  [c.j.b.w.a.e.subscriber.OrderUpdatedSubscriberTest] StartupInfoLogger.java:61 - Started OrderUpdatedSubscriberTest in 12.573 seconds (JVM running for 14.555)
2021-03-05 15:25:00,838 [main] INFO  [c.j.b.w.a.event.subscriber.OrderCreatedSubscriber] OrderCreatedSubscriber.java:20 - OrderCreatedEvent(order=Order(id=null, orderNo=no, userId=null, createTime=null, updateTime=null, operatorId=null, status=null)) received ========
2021-03-05 15:25:00,839 [main] INFO  [c.j.b.w.a.event.subscriber.OrderUpdatedSubscriber] OrderUpdatedSubscriber.java:26 - Thread---------main
2021-03-05 15:27:13,237 [HikariPool-1 housekeeper] WARN  [com.zaxxer.hikari.pool.HikariPool] HikariPool.java:787 - HikariPool-1 - Thread starvation or clock leap detected (housekeeper delta=2m19s892ms).
2021-03-05 15:27:13,287 [task-3] INFO  [c.j.bootstrap.web.infrastructure.job.OrderSumTask] OrderSumTask.java:23 - order si summing
2021-03-05 15:27:13,405 [SpringContextShutdownHook] INFO  [o.s.orm.jpa.LocalContainerEntityManagerFactoryBean] AbstractEntityManagerFactoryBean.java:598 - Closing JPA EntityManagerFactory for persistence unit 'default'
2021-03-05 15:27:13,406 [SpringContextShutdownHook] INFO  [o.h.t.s.i.SchemaDropperImpl$DelayedDropActionImpl] SchemaDropperImpl.java:526 - HHH000477: Starting delayed evictData of schema as part of SessionFactory shut-down'
2021-03-05 15:27:13,419 [SpringContextShutdownHook] INFO  [o.s.scheduling.concurrent.ThreadPoolTaskScheduler] ExecutorConfigurationSupport.java:218 - Shutting down ExecutorService 'taskScheduler'
2021-03-05 15:27:13,420 [SpringContextShutdownHook] INFO  [o.s.scheduling.concurrent.ThreadPoolTaskExecutor] ExecutorConfigurationSupport.java:218 - Shutting down ExecutorService 'applicationTaskExecutor'
2021-03-05 15:27:13,421 [SpringContextShutdownHook] INFO  [com.zaxxer.hikari.HikariDataSource] HikariDataSource.java:350 - HikariPool-1 - Shutdown initiated...
2021-03-05 15:27:13,428 [SpringContextShutdownHook] INFO  [com.zaxxer.hikari.HikariDataSource] HikariDataSource.java:352 - HikariPool-1 - Shutdown completed.
2021-03-05 17:18:10,865 [main] INFO  [c.j.b.w.a.e.subscriber.OrderUpdatedSubscriberTest] StartupInfoLogger.java:55 - Starting OrderUpdatedSubscriberTest on JaphydeMacBook-Pro.local with PID 44614 (started by japhy in /Users/japhy/Documents/code/bootstrap/web-base)
2021-03-05 17:18:10,869 [main] INFO  [c.j.b.w.a.e.subscriber.OrderUpdatedSubscriberTest] SpringApplication.java:651 - No active profile set, falling back to default profiles: default
2021-03-05 17:18:12,840 [main] INFO  [o.s.d.r.config.RepositoryConfigurationDelegate] RepositoryConfigurationDelegate.java:249 - Multiple Spring Data modules found, entering strict repository configuration mode!
2021-03-05 17:18:12,843 [main] INFO  [o.s.d.r.config.RepositoryConfigurationDelegate] RepositoryConfigurationDelegate.java:127 - Bootstrapping Spring Data JPA repositories in DEFERRED mode.
2021-03-05 17:18:13,139 [main] INFO  [o.s.d.r.config.RepositoryConfigurationDelegate] RepositoryConfigurationDelegate.java:187 - Finished Spring Data repository scanning in 280ms. Found 2 JPA repository interfaces.
2021-03-05 17:18:13,163 [main] INFO  [o.s.d.r.config.RepositoryConfigurationDelegate] RepositoryConfigurationDelegate.java:249 - Multiple Spring Data modules found, entering strict repository configuration mode!
2021-03-05 17:18:13,166 [main] INFO  [o.s.d.r.config.RepositoryConfigurationDelegate] RepositoryConfigurationDelegate.java:127 - Bootstrapping Spring Data Redis repositories in DEFAULT mode.
2021-03-05 17:18:13,214 [main] INFO  [o.s.d.r.c.RepositoryConfigurationExtensionSupport] RepositoryConfigurationExtensionSupport.java:348 - Spring Data Redis - Could not safely identify store assignment for repository candidate interface com.japhy.bootstrap.web.domain.order.repository.OrderRepository. If you want this repository to be a Redis repository, consider annotating your entities with one of these annotations: org.springframework.data.redis.core.RedisHash (preferred), or consider extending one of the following types with your repository: org.springframework.data.keyvalue.repository.KeyValueRepository.
2021-03-05 17:18:13,216 [main] INFO  [o.s.d.r.c.RepositoryConfigurationExtensionSupport] RepositoryConfigurationExtensionSupport.java:348 - Spring Data Redis - Could not safely identify store assignment for repository candidate interface com.japhy.bootstrap.web.domain.user.repository.UserRepository. If you want this repository to be a Redis repository, consider annotating your entities with one of these annotations: org.springframework.data.redis.core.RedisHash (preferred), or consider extending one of the following types with your repository: org.springframework.data.keyvalue.repository.KeyValueRepository.
2021-03-05 17:18:13,217 [main] INFO  [o.s.d.r.config.RepositoryConfigurationDelegate] RepositoryConfigurationDelegate.java:187 - Finished Spring Data repository scanning in 20ms. Found 0 Redis repository interfaces.
2021-03-05 17:18:14,657 [main] INFO  [o.s.c.s.PostProcessorRegistrationDelegate$BeanPostProcessorChecker] PostProcessorRegistrationDelegate.java:335 - Bean 'org.springframework.security.access.expression.method.DefaultMethodSecurityExpressionHandler@4fafd27e' of type [org.springframework.security.access.expression.method.DefaultMethodSecurityExpressionHandler] is not eligible for getting processed by all BeanPostProcessors (for example: not eligible for auto-proxying)
2021-03-05 17:18:14,697 [main] INFO  [o.s.c.s.PostProcessorRegistrationDelegate$BeanPostProcessorChecker] PostProcessorRegistrationDelegate.java:335 - Bean 'methodSecurityMetadataSource' of type [org.springframework.security.access.method.DelegatingMethodSecurityMetadataSource] is not eligible for getting processed by all BeanPostProcessors (for example: not eligible for auto-proxying)
2021-03-05 17:18:14,867 [main] INFO  [com.zaxxer.hikari.HikariDataSource] HikariDataSource.java:110 - HikariPool-1 - Starting...
2021-03-05 17:18:15,215 [main] INFO  [com.zaxxer.hikari.HikariDataSource] HikariDataSource.java:123 - HikariPool-1 - Start completed.
2021-03-05 17:18:15,431 [main] INFO  [o.s.scheduling.concurrent.ThreadPoolTaskExecutor] ExecutorConfigurationSupport.java:181 - Initializing ExecutorService 'applicationTaskExecutor'
2021-03-05 17:18:15,500 [main] INFO  [o.s.scheduling.concurrent.ThreadPoolTaskScheduler] ExecutorConfigurationSupport.java:181 - Initializing ExecutorService 'taskScheduler'
2021-03-05 17:18:15,635 [task-1] INFO  [org.hibernate.jpa.internal.util.LogHelper] LogHelper.java:31 - HHH000204: Processing PersistenceUnitInfo [name: default]
2021-03-05 17:18:15,740 [task-1] INFO  [org.hibernate.Version] Version.java:44 - HHH000412: Hibernate ORM core version 5.4.17.Final
2021-03-05 17:18:15,921 [task-1] INFO  [org.hibernate.annotations.common.Version] JavaReflectionManager.java:49 - HCANN000001: Hibernate Commons Annotations {5.1.0.Final}
2021-03-05 17:18:16,201 [task-1] INFO  [org.hibernate.dialect.Dialect] Dialect.java:172 - HHH000400: Using dialect: org.hibernate.dialect.H2Dialect
2021-03-05 17:18:16,573 [main] WARN  [o.s.b.a.o.j.JpaBaseConfiguration$JpaWebConfiguration] JpaBaseConfiguration.java:220 - spring.jpa.open-in-view is enabled by default. Therefore, database queries may be performed during view rendering. Explicitly configure spring.jpa.open-in-view to disable this warning
2021-03-05 17:18:17,588 [task-1] INFO  [o.h.e.t.jta.platform.internal.JtaPlatformInitiator] JtaPlatformInitiator.java:52 - HHH000490: Using JtaPlatform implementation: [org.hibernate.engine.transaction.jta.platform.internal.NoJtaPlatform]
2021-03-05 17:18:17,602 [task-1] INFO  [o.s.orm.jpa.LocalContainerEntityManagerFactoryBean] AbstractEntityManagerFactoryBean.java:416 - Initialized JPA EntityManagerFactory for persistence unit 'default'
2021-03-05 17:18:18,997 [main] INFO  [o.s.b.actuate.endpoint.web.EndpointLinksResolver] EndpointLinksResolver.java:58 - Exposing 13 endpoint(s) beneath base path '/mgm'
2021-03-05 17:18:20,129 [main] INFO  [o.s.security.web.DefaultSecurityFilterChain] DefaultSecurityFilterChain.java:43 - Creating filter chain: any request, [org.springframework.security.web.context.request.async.WebAsyncManagerIntegrationFilter@e98004e, org.springframework.security.web.context.SecurityContextPersistenceFilter@7fb313e3, org.springframework.security.web.header.HeaderWriterFilter@2e04c89d, org.springframework.web.filter.CorsFilter@368e7d3a, org.springframework.security.web.authentication.logout.LogoutFilter@1bd6bfb0, com.japhy.bootstrap.web.infrastructure.filter.JwtTokenFilter@5020b59f, org.springframework.security.web.savedrequest.RequestCacheAwareFilter@771ede0d, org.springframework.security.web.servletapi.SecurityContextHolderAwareRequestFilter@45775a15, org.springframework.security.web.authentication.AnonymousAuthenticationFilter@381f05a9, org.springframework.security.web.session.SessionManagementFilter@16718e1b, org.springframework.security.web.access.ExceptionTranslationFilter@2c989d82, org.springframework.security.web.access.intercept.FilterSecurityInterceptor@507e3e77]
2021-03-05 17:18:22,183 [main] INFO  [o.s.d.r.c.DeferredRepositoryInitializationListener] DeferredRepositoryInitializationListener.java:49 - Triggering deferred initialization of Spring Data repositories…
2021-03-05 17:18:22,724 [main] INFO  [o.s.d.r.c.DeferredRepositoryInitializationListener] DeferredRepositoryInitializationListener.java:53 - Spring Data repositories initialized!
2021-03-05 17:18:22,753 [main] INFO  [c.j.b.w.a.e.subscriber.OrderUpdatedSubscriberTest] StartupInfoLogger.java:61 - Started OrderUpdatedSubscriberTest in 12.575 seconds (JVM running for 14.67)
2021-03-05 17:18:22,897 [main] INFO  [c.j.b.w.a.event.subscriber.OrderCreatedSubscriber] OrderCreatedSubscriber.java:20 - OrderCreatedEvent(order=Order(id=null, orderNo=no, userId=null, createTime=null, updateTime=null, operatorId=null, status=null)) received ========
2021-03-05 17:18:22,899 [main] INFO  [c.j.b.w.a.event.subscriber.OrderUpdatedSubscriber] OrderUpdatedSubscriber.java:26 - Thread---------main
2021-03-05 17:18:23,976 [SpringContextShutdownHook] INFO  [o.s.orm.jpa.LocalContainerEntityManagerFactoryBean] AbstractEntityManagerFactoryBean.java:598 - Closing JPA EntityManagerFactory for persistence unit 'default'
2021-03-05 17:18:23,977 [SpringContextShutdownHook] INFO  [o.h.t.s.i.SchemaDropperImpl$DelayedDropActionImpl] SchemaDropperImpl.java:526 - HHH000477: Starting delayed evictData of schema as part of SessionFactory shut-down'
2021-03-05 17:18:23,988 [SpringContextShutdownHook] INFO  [o.s.scheduling.concurrent.ThreadPoolTaskScheduler] ExecutorConfigurationSupport.java:218 - Shutting down ExecutorService 'taskScheduler'
2021-03-05 17:18:23,988 [SpringContextShutdownHook] INFO  [o.s.scheduling.concurrent.ThreadPoolTaskExecutor] ExecutorConfigurationSupport.java:218 - Shutting down ExecutorService 'applicationTaskExecutor'
2021-03-05 17:18:23,989 [SpringContextShutdownHook] INFO  [com.zaxxer.hikari.HikariDataSource] HikariDataSource.java:350 - HikariPool-1 - Shutdown initiated...
2021-03-05 17:18:23,993 [SpringContextShutdownHook] INFO  [com.zaxxer.hikari.HikariDataSource] HikariDataSource.java:352 - HikariPool-1 - Shutdown completed.
