2021-01-25 18:46:14,438 [main] INFO  [c.j.b.w.i.filter.RequestResponseLoggingFilterTest] StartupInfoLogger.java:55 - Starting RequestResponseLoggingFilterTest on JaphydeMacBook-Pro.local with PID 73039 (started by japhy in /Users/japhy/Documents/code/bootstrap/web-base)
2021-01-25 18:46:14,441 [main] INFO  [c.j.b.w.i.filter.RequestResponseLoggingFilterTest] SpringApplication.java:651 - No active profile set, falling back to default profiles: default
2021-01-25 18:46:16,677 [main] INFO  [o.s.d.r.config.RepositoryConfigurationDelegate] RepositoryConfigurationDelegate.java:249 - Multiple Spring Data modules found, entering strict repository configuration mode!
2021-01-25 18:46:16,681 [main] INFO  [o.s.d.r.config.RepositoryConfigurationDelegate] RepositoryConfigurationDelegate.java:127 - Bootstrapping Spring Data JPA repositories in DEFERRED mode.
2021-01-25 18:46:16,913 [main] INFO  [o.s.d.r.config.RepositoryConfigurationDelegate] RepositoryConfigurationDelegate.java:187 - Finished Spring Data repository scanning in 221ms. Found 2 JPA repository interfaces.
2021-01-25 18:46:16,930 [main] INFO  [o.s.d.r.config.RepositoryConfigurationDelegate] RepositoryConfigurationDelegate.java:249 - Multiple Spring Data modules found, entering strict repository configuration mode!
2021-01-25 18:46:16,932 [main] INFO  [o.s.d.r.config.RepositoryConfigurationDelegate] RepositoryConfigurationDelegate.java:127 - Bootstrapping Spring Data Redis repositories in DEFAULT mode.
2021-01-25 18:46:16,956 [main] INFO  [o.s.d.r.c.RepositoryConfigurationExtensionSupport] RepositoryConfigurationExtensionSupport.java:348 - Spring Data Redis - Could not safely identify store assignment for repository candidate interface com.japhy.bootstrap.web.domain.order.repository.OrderRepository. If you want this repository to be a Redis repository, consider annotating your entities with one of these annotations: org.springframework.data.redis.core.RedisHash (preferred), or consider extending one of the following types with your repository: org.springframework.data.keyvalue.repository.KeyValueRepository.
2021-01-25 18:46:16,957 [main] INFO  [o.s.d.r.c.RepositoryConfigurationExtensionSupport] RepositoryConfigurationExtensionSupport.java:348 - Spring Data Redis - Could not safely identify store assignment for repository candidate interface com.japhy.bootstrap.web.domain.user.repository.UserRepository. If you want this repository to be a Redis repository, consider annotating your entities with one of these annotations: org.springframework.data.redis.core.RedisHash (preferred), or consider extending one of the following types with your repository: org.springframework.data.keyvalue.repository.KeyValueRepository.
2021-01-25 18:46:16,957 [main] INFO  [o.s.d.r.config.RepositoryConfigurationDelegate] RepositoryConfigurationDelegate.java:187 - Finished Spring Data repository scanning in 15ms. Found 0 Redis repository interfaces.
2021-01-25 18:46:18,514 [main] INFO  [com.zaxxer.hikari.HikariDataSource] HikariDataSource.java:110 - HikariPool-1 - Starting...
2021-01-25 18:46:18,814 [main] INFO  [com.zaxxer.hikari.HikariDataSource] HikariDataSource.java:123 - HikariPool-1 - Start completed.
2021-01-25 18:46:19,030 [main] INFO  [o.s.scheduling.concurrent.ThreadPoolTaskExecutor] ExecutorConfigurationSupport.java:181 - Initializing ExecutorService 'applicationTaskExecutor'
2021-01-25 18:46:19,074 [main] INFO  [o.s.scheduling.concurrent.ThreadPoolTaskScheduler] ExecutorConfigurationSupport.java:181 - Initializing ExecutorService 'taskScheduler'
2021-01-25 18:46:19,182 [task-1] INFO  [org.hibernate.jpa.internal.util.LogHelper] LogHelper.java:31 - HHH000204: Processing PersistenceUnitInfo [name: default]
2021-01-25 18:46:19,267 [task-1] INFO  [org.hibernate.Version] Version.java:44 - HHH000412: Hibernate ORM core version 5.4.17.Final
2021-01-25 18:46:19,320 [task-1] INFO  [org.hibernate.annotations.common.Version] JavaReflectionManager.java:49 - HCANN000001: Hibernate Commons Annotations {5.1.0.Final}
2021-01-25 18:46:19,539 [task-1] INFO  [org.hibernate.dialect.Dialect] Dialect.java:172 - HHH000400: Using dialect: org.hibernate.dialect.H2Dialect
2021-01-25 18:46:19,986 [main] WARN  [o.s.b.a.o.j.JpaBaseConfiguration$JpaWebConfiguration] JpaBaseConfiguration.java:220 - spring.jpa.open-in-view is enabled by default. Therefore, database queries may be performed during view rendering. Explicitly configure spring.jpa.open-in-view to disable this warning
2021-01-25 18:46:20,957 [task-1] INFO  [o.h.e.t.jta.platform.internal.JtaPlatformInitiator] JtaPlatformInitiator.java:52 - HHH000490: Using JtaPlatform implementation: [org.hibernate.engine.transaction.jta.platform.internal.NoJtaPlatform]
2021-01-25 18:46:20,977 [task-1] INFO  [o.s.orm.jpa.LocalContainerEntityManagerFactoryBean] AbstractEntityManagerFactoryBean.java:416 - Initialized JPA EntityManagerFactory for persistence unit 'default'
2021-01-25 18:46:24,248 [main] INFO  [o.s.b.actuate.endpoint.web.EndpointLinksResolver] EndpointLinksResolver.java:58 - Exposing 13 endpoint(s) beneath base path '/mgm'
2021-01-25 18:46:28,147 [main] INFO  [o.s.d.r.c.DeferredRepositoryInitializationListener] DeferredRepositoryInitializationListener.java:49 - Triggering deferred initialization of Spring Data repositories…
2021-01-25 18:46:29,077 [main] INFO  [o.s.d.r.c.DeferredRepositoryInitializationListener] DeferredRepositoryInitializationListener.java:53 - Spring Data repositories initialized!
2021-01-25 18:46:29,136 [main] INFO  [c.j.b.w.i.filter.RequestResponseLoggingFilterTest] StartupInfoLogger.java:61 - Started RequestResponseLoggingFilterTest in 15.488 seconds (JVM running for 17.265)
2021-01-25 18:46:29,350 [SpringContextShutdownHook] INFO  [o.s.orm.jpa.LocalContainerEntityManagerFactoryBean] AbstractEntityManagerFactoryBean.java:598 - Closing JPA EntityManagerFactory for persistence unit 'default'
2021-01-25 18:46:29,351 [SpringContextShutdownHook] INFO  [o.h.t.s.i.SchemaDropperImpl$DelayedDropActionImpl] SchemaDropperImpl.java:526 - HHH000477: Starting delayed evictData of schema as part of SessionFactory shut-down'
2021-01-25 18:46:29,361 [SpringContextShutdownHook] INFO  [o.s.scheduling.concurrent.ThreadPoolTaskScheduler] ExecutorConfigurationSupport.java:218 - Shutting down ExecutorService 'taskScheduler'
2021-01-25 18:46:29,362 [SpringContextShutdownHook] INFO  [o.s.scheduling.concurrent.ThreadPoolTaskExecutor] ExecutorConfigurationSupport.java:218 - Shutting down ExecutorService 'applicationTaskExecutor'
2021-01-25 18:46:29,363 [SpringContextShutdownHook] INFO  [com.zaxxer.hikari.HikariDataSource] HikariDataSource.java:350 - HikariPool-1 - Shutdown initiated...
2021-01-25 18:46:29,366 [SpringContextShutdownHook] INFO  [com.zaxxer.hikari.HikariDataSource] HikariDataSource.java:352 - HikariPool-1 - Shutdown completed.
2021-01-25 18:54:58,349 [main] INFO  [c.j.b.w.i.filter.RequestResponseLoggingFilterTest] StartupInfoLogger.java:55 - Starting RequestResponseLoggingFilterTest on JaphydeMacBook-Pro.local with PID 73154 (started by japhy in /Users/japhy/Documents/code/bootstrap/web-base)
2021-01-25 18:54:58,353 [main] INFO  [c.j.b.w.i.filter.RequestResponseLoggingFilterTest] SpringApplication.java:651 - No active profile set, falling back to default profiles: default
2021-01-25 18:54:59,646 [main] INFO  [o.s.scheduling.concurrent.ThreadPoolTaskExecutor] ExecutorConfigurationSupport.java:181 - Initializing ExecutorService 'applicationTaskExecutor'
2021-01-25 18:55:00,034 [main] INFO  [o.s.b.a.s.s.UserDetailsServiceAutoConfiguration] UserDetailsServiceAutoConfiguration.java:86 - 

Using generated security password: 824fddae-7a76-4fa2-b2b3-913c79e345b1

2021-01-25 18:55:00,263 [main] INFO  [o.s.security.web.DefaultSecurityFilterChain] DefaultSecurityFilterChain.java:43 - Creating filter chain: any request, [org.springframework.security.web.context.request.async.WebAsyncManagerIntegrationFilter@54d1608f, org.springframework.security.web.context.SecurityContextPersistenceFilter@795f5d51, org.springframework.security.web.header.HeaderWriterFilter@3206174f, org.springframework.security.web.csrf.CsrfFilter@48f4713c, org.springframework.security.web.authentication.logout.LogoutFilter@1abebef3, org.springframework.security.web.authentication.UsernamePasswordAuthenticationFilter@4b76aa5a, org.springframework.security.web.authentication.ui.DefaultLoginPageGeneratingFilter@43e065f2, org.springframework.security.web.authentication.ui.DefaultLogoutPageGeneratingFilter@7e7fe6d, org.springframework.security.web.authentication.www.BasicAuthenticationFilter@4fd05028, org.springframework.security.web.savedrequest.RequestCacheAwareFilter@54067fdc, org.springframework.security.web.servletapi.SecurityContextHolderAwareRequestFilter@6deee370, org.springframework.security.web.authentication.AnonymousAuthenticationFilter@541179e7, org.springframework.security.web.session.SessionManagementFilter@15eb0ae9, org.springframework.security.web.access.ExceptionTranslationFilter@370c1968, org.springframework.security.web.access.intercept.FilterSecurityInterceptor@596a7f44]
2021-01-25 18:55:00,335 [main] INFO  [o.s.b.test.mock.web.SpringBootMockServletContext] MockServletContext.java:455 - Initializing Spring TestDispatcherServlet ''
2021-01-25 18:55:00,336 [main] INFO  [o.s.test.web.servlet.TestDispatcherServlet] FrameworkServlet.java:525 - Initializing Servlet ''
2021-01-25 18:55:00,353 [main] INFO  [o.s.test.web.servlet.TestDispatcherServlet] FrameworkServlet.java:547 - Completed initialization in 16 ms
2021-01-25 18:55:00,394 [main] INFO  [c.j.b.w.i.filter.RequestResponseLoggingFilterTest] StartupInfoLogger.java:61 - Started RequestResponseLoggingFilterTest in 2.577 seconds (JVM running for 3.715)
2021-01-25 18:55:00,664 [SpringContextShutdownHook] INFO  [o.s.scheduling.concurrent.ThreadPoolTaskExecutor] ExecutorConfigurationSupport.java:218 - Shutting down ExecutorService 'applicationTaskExecutor'
2021-01-25 18:55:39,142 [main] INFO  [c.j.b.w.i.filter.RequestResponseLoggingFilterTest] StartupInfoLogger.java:55 - Starting RequestResponseLoggingFilterTest on JaphydeMacBook-Pro.local with PID 73164 (started by japhy in /Users/japhy/Documents/code/bootstrap/web-base)
2021-01-25 18:55:39,147 [main] INFO  [c.j.b.w.i.filter.RequestResponseLoggingFilterTest] SpringApplication.java:651 - No active profile set, falling back to default profiles: default
2021-01-25 18:55:40,743 [main] INFO  [o.s.scheduling.concurrent.ThreadPoolTaskExecutor] ExecutorConfigurationSupport.java:181 - Initializing ExecutorService 'applicationTaskExecutor'
2021-01-25 18:55:41,185 [main] INFO  [o.s.b.a.s.s.UserDetailsServiceAutoConfiguration] UserDetailsServiceAutoConfiguration.java:86 - 

Using generated security password: 8c409adf-f6af-4e5d-9f81-ab7176740e52

2021-01-25 18:55:41,369 [main] INFO  [o.s.security.web.DefaultSecurityFilterChain] DefaultSecurityFilterChain.java:43 - Creating filter chain: any request, [org.springframework.security.web.context.request.async.WebAsyncManagerIntegrationFilter@310aee0b, org.springframework.security.web.context.SecurityContextPersistenceFilter@7b6c6e70, org.springframework.security.web.header.HeaderWriterFilter@106d77da, org.springframework.security.web.csrf.CsrfFilter@77c233af, org.springframework.security.web.authentication.logout.LogoutFilter@5a02bfe3, org.springframework.security.web.authentication.UsernamePasswordAuthenticationFilter@596a7f44, org.springframework.security.web.authentication.ui.DefaultLoginPageGeneratingFilter@34aeacd1, org.springframework.security.web.authentication.ui.DefaultLogoutPageGeneratingFilter@36327cec, org.springframework.security.web.authentication.www.BasicAuthenticationFilter@63a28987, org.springframework.security.web.savedrequest.RequestCacheAwareFilter@3a894088, org.springframework.security.web.servletapi.SecurityContextHolderAwareRequestFilter@67de7a99, org.springframework.security.web.authentication.AnonymousAuthenticationFilter@410ae5ac, org.springframework.security.web.session.SessionManagementFilter@5114b7c7, org.springframework.security.web.access.ExceptionTranslationFilter@24534cb0, org.springframework.security.web.access.intercept.FilterSecurityInterceptor@2ef0dd86]
2021-01-25 18:55:41,435 [main] INFO  [o.s.b.test.mock.web.SpringBootMockServletContext] MockServletContext.java:455 - Initializing Spring TestDispatcherServlet ''
2021-01-25 18:55:41,435 [main] INFO  [o.s.test.web.servlet.TestDispatcherServlet] FrameworkServlet.java:525 - Initializing Servlet ''
2021-01-25 18:55:41,449 [main] INFO  [o.s.test.web.servlet.TestDispatcherServlet] FrameworkServlet.java:547 - Completed initialization in 13 ms
2021-01-25 18:55:41,476 [main] INFO  [c.j.b.w.i.filter.RequestResponseLoggingFilterTest] StartupInfoLogger.java:61 - Started RequestResponseLoggingFilterTest in 3.127 seconds (JVM running for 4.404)
2021-01-25 18:55:41,727 [SpringContextShutdownHook] INFO  [o.s.scheduling.concurrent.ThreadPoolTaskExecutor] ExecutorConfigurationSupport.java:218 - Shutting down ExecutorService 'applicationTaskExecutor'
