2021-03-04 17:45:42,235 [main] INFO  [c.j.b.w.a.e.subscriber.OrderUpdatedSubscriberTest] StartupInfoLogger.java:55 - Starting OrderUpdatedSubscriberTest on JaphydeMacBook-Pro.local with PID 41070 (started by japhy in /Users/japhy/Documents/code/bootstrap/web-base)
2021-03-04 17:45:42,238 [main] INFO  [c.j.b.w.a.e.subscriber.OrderUpdatedSubscriberTest] SpringApplication.java:651 - No active profile set, falling back to default profiles: default
2021-03-04 17:45:44,050 [main] INFO  [o.s.d.r.config.RepositoryConfigurationDelegate] RepositoryConfigurationDelegate.java:249 - Multiple Spring Data modules found, entering strict repository configuration mode!
2021-03-04 17:45:44,053 [main] INFO  [o.s.d.r.config.RepositoryConfigurationDelegate] RepositoryConfigurationDelegate.java:127 - Bootstrapping Spring Data JPA repositories in DEFERRED mode.
2021-03-04 17:45:44,324 [main] INFO  [o.s.d.r.config.RepositoryConfigurationDelegate] RepositoryConfigurationDelegate.java:187 - Finished Spring Data repository scanning in 259ms. Found 2 JPA repository interfaces.
2021-03-04 17:45:44,344 [main] INFO  [o.s.d.r.config.RepositoryConfigurationDelegate] RepositoryConfigurationDelegate.java:249 - Multiple Spring Data modules found, entering strict repository configuration mode!
2021-03-04 17:45:44,346 [main] INFO  [o.s.d.r.config.RepositoryConfigurationDelegate] RepositoryConfigurationDelegate.java:127 - Bootstrapping Spring Data Redis repositories in DEFAULT mode.
2021-03-04 17:45:44,372 [main] INFO  [o.s.d.r.c.RepositoryConfigurationExtensionSupport] RepositoryConfigurationExtensionSupport.java:348 - Spring Data Redis - Could not safely identify store assignment for repository candidate interface com.japhy.bootstrap.web.domain.order.repository.OrderRepository. If you want this repository to be a Redis repository, consider annotating your entities with one of these annotations: org.springframework.data.redis.core.RedisHash (preferred), or consider extending one of the following types with your repository: org.springframework.data.keyvalue.repository.KeyValueRepository.
2021-03-04 17:45:44,373 [main] INFO  [o.s.d.r.c.RepositoryConfigurationExtensionSupport] RepositoryConfigurationExtensionSupport.java:348 - Spring Data Redis - Could not safely identify store assignment for repository candidate interface com.japhy.bootstrap.web.domain.user.repository.UserRepository. If you want this repository to be a Redis repository, consider annotating your entities with one of these annotations: org.springframework.data.redis.core.RedisHash (preferred), or consider extending one of the following types with your repository: org.springframework.data.keyvalue.repository.KeyValueRepository.
2021-03-04 17:45:44,374 [main] INFO  [o.s.d.r.config.RepositoryConfigurationDelegate] RepositoryConfigurationDelegate.java:187 - Finished Spring Data repository scanning in 13ms. Found 0 Redis repository interfaces.
2021-03-04 17:45:45,460 [main] INFO  [o.s.c.s.PostProcessorRegistrationDelegate$BeanPostProcessorChecker] PostProcessorRegistrationDelegate.java:335 - Bean 'org.springframework.security.access.expression.method.DefaultMethodSecurityExpressionHandler@57cabdc3' of type [org.springframework.security.access.expression.method.DefaultMethodSecurityExpressionHandler] is not eligible for getting processed by all BeanPostProcessors (for example: not eligible for auto-proxying)
2021-03-04 17:45:45,489 [main] INFO  [o.s.c.s.PostProcessorRegistrationDelegate$BeanPostProcessorChecker] PostProcessorRegistrationDelegate.java:335 - Bean 'methodSecurityMetadataSource' of type [org.springframework.security.access.method.DelegatingMethodSecurityMetadataSource] is not eligible for getting processed by all BeanPostProcessors (for example: not eligible for auto-proxying)
2021-03-04 17:45:45,638 [main] INFO  [com.zaxxer.hikari.HikariDataSource] HikariDataSource.java:110 - HikariPool-1 - Starting...
2021-03-04 17:45:45,960 [main] INFO  [com.zaxxer.hikari.HikariDataSource] HikariDataSource.java:123 - HikariPool-1 - Start completed.
2021-03-04 17:45:46,140 [main] INFO  [o.s.scheduling.concurrent.ThreadPoolTaskExecutor] ExecutorConfigurationSupport.java:181 - Initializing ExecutorService 'applicationTaskExecutor'
2021-03-04 17:45:46,175 [main] INFO  [o.s.scheduling.concurrent.ThreadPoolTaskScheduler] ExecutorConfigurationSupport.java:181 - Initializing ExecutorService 'taskScheduler'
2021-03-04 17:45:46,258 [task-1] INFO  [org.hibernate.jpa.internal.util.LogHelper] LogHelper.java:31 - HHH000204: Processing PersistenceUnitInfo [name: default]
2021-03-04 17:45:46,343 [task-1] INFO  [org.hibernate.Version] Version.java:44 - HHH000412: Hibernate ORM core version 5.4.17.Final
2021-03-04 17:45:46,449 [task-1] INFO  [org.hibernate.annotations.common.Version] JavaReflectionManager.java:49 - HCANN000001: Hibernate Commons Annotations {5.1.0.Final}
2021-03-04 17:45:46,733 [task-1] INFO  [org.hibernate.dialect.Dialect] Dialect.java:172 - HHH000400: Using dialect: org.hibernate.dialect.H2Dialect
2021-03-04 17:45:47,039 [main] WARN  [o.s.b.a.o.j.JpaBaseConfiguration$JpaWebConfiguration] JpaBaseConfiguration.java:220 - spring.jpa.open-in-view is enabled by default. Therefore, database queries may be performed during view rendering. Explicitly configure spring.jpa.open-in-view to disable this warning
2021-03-04 17:45:47,679 [task-1] INFO  [o.h.e.t.jta.platform.internal.JtaPlatformInitiator] JtaPlatformInitiator.java:52 - HHH000490: Using JtaPlatform implementation: [org.hibernate.engine.transaction.jta.platform.internal.NoJtaPlatform]
2021-03-04 17:45:47,689 [task-1] INFO  [o.s.orm.jpa.LocalContainerEntityManagerFactoryBean] AbstractEntityManagerFactoryBean.java:416 - Initialized JPA EntityManagerFactory for persistence unit 'default'
2021-03-04 17:45:48,741 [main] INFO  [o.s.b.actuate.endpoint.web.EndpointLinksResolver] EndpointLinksResolver.java:58 - Exposing 13 endpoint(s) beneath base path '/mgm'
2021-03-04 17:45:49,538 [main] INFO  [o.s.security.web.DefaultSecurityFilterChain] DefaultSecurityFilterChain.java:43 - Creating filter chain: any request, [org.springframework.security.web.context.request.async.WebAsyncManagerIntegrationFilter@7852ab30, org.springframework.security.web.context.SecurityContextPersistenceFilter@4a45ca1c, org.springframework.security.web.header.HeaderWriterFilter@ea84346, org.springframework.web.filter.CorsFilter@417751d3, org.springframework.security.web.authentication.logout.LogoutFilter@5617168c, com.japhy.bootstrap.web.infrastructure.filter.JwtTokenFilter@7d7b4e04, org.springframework.security.web.savedrequest.RequestCacheAwareFilter@83e5898, org.springframework.security.web.servletapi.SecurityContextHolderAwareRequestFilter@4c91a008, org.springframework.security.web.authentication.AnonymousAuthenticationFilter@5bf4dfb, org.springframework.security.web.session.SessionManagementFilter@343727b5, org.springframework.security.web.access.ExceptionTranslationFilter@328e50eb, org.springframework.security.web.access.intercept.FilterSecurityInterceptor@37a1beb3]
2021-03-04 17:45:50,966 [main] INFO  [o.s.d.r.c.DeferredRepositoryInitializationListener] DeferredRepositoryInitializationListener.java:49 - Triggering deferred initialization of Spring Data repositories…
2021-03-04 17:45:51,351 [main] INFO  [o.s.d.r.c.DeferredRepositoryInitializationListener] DeferredRepositoryInitializationListener.java:53 - Spring Data repositories initialized!
2021-03-04 17:45:51,366 [main] INFO  [c.j.b.w.a.e.subscriber.OrderUpdatedSubscriberTest] StartupInfoLogger.java:61 - Started OrderUpdatedSubscriberTest in 9.909 seconds (JVM running for 11.548)
2021-03-04 17:45:51,462 [main] INFO  [c.j.b.w.a.event.subscriber.OrderCreatedSubscriber] OrderCreatedSubscriber.java:20 - OrderCreatedEvent(order=Order(id=null, orderNo=no, userId=null, createTime=null, updateTime=null, operatorId=null, status=null)) received ========
2021-03-04 17:45:52,007 [task-3] INFO  [c.j.bootstrap.web.infrastructure.job.OrderSumTask] OrderSumTask.java:23 - order si summing
2021-03-04 17:45:54,001 [task-4] INFO  [c.j.bootstrap.web.infrastructure.job.OrderSumTask] OrderSumTask.java:23 - order si summing
2021-03-04 17:45:56,001 [task-5] INFO  [c.j.bootstrap.web.infrastructure.job.OrderSumTask] OrderSumTask.java:23 - order si summing
2021-03-04 17:45:58,003 [task-6] INFO  [c.j.bootstrap.web.infrastructure.job.OrderSumTask] OrderSumTask.java:23 - order si summing
2021-03-04 17:46:00,005 [task-7] INFO  [c.j.bootstrap.web.infrastructure.job.OrderSumTask] OrderSumTask.java:23 - order si summing
2021-03-04 17:46:01,533 [SpringContextShutdownHook] INFO  [o.s.orm.jpa.LocalContainerEntityManagerFactoryBean] AbstractEntityManagerFactoryBean.java:598 - Closing JPA EntityManagerFactory for persistence unit 'default'
2021-03-04 17:46:01,534 [SpringContextShutdownHook] INFO  [o.h.t.s.i.SchemaDropperImpl$DelayedDropActionImpl] SchemaDropperImpl.java:526 - HHH000477: Starting delayed evictData of schema as part of SessionFactory shut-down'
2021-03-04 17:46:01,542 [SpringContextShutdownHook] INFO  [o.s.scheduling.concurrent.ThreadPoolTaskScheduler] ExecutorConfigurationSupport.java:218 - Shutting down ExecutorService 'taskScheduler'
2021-03-04 17:46:01,543 [SpringContextShutdownHook] INFO  [o.s.scheduling.concurrent.ThreadPoolTaskExecutor] ExecutorConfigurationSupport.java:218 - Shutting down ExecutorService 'applicationTaskExecutor'
2021-03-04 17:46:01,544 [SpringContextShutdownHook] INFO  [com.zaxxer.hikari.HikariDataSource] HikariDataSource.java:350 - HikariPool-1 - Shutdown initiated...
2021-03-04 17:46:01,546 [SpringContextShutdownHook] INFO  [com.zaxxer.hikari.HikariDataSource] HikariDataSource.java:352 - HikariPool-1 - Shutdown completed.
2021-03-04 17:46:20,806 [main] INFO  [c.j.b.w.a.e.subscriber.OrderUpdatedSubscriberTest] StartupInfoLogger.java:55 - Starting OrderUpdatedSubscriberTest on JaphydeMacBook-Pro.local with PID 41076 (started by japhy in /Users/japhy/Documents/code/bootstrap/web-base)
2021-03-04 17:46:20,810 [main] INFO  [c.j.b.w.a.e.subscriber.OrderUpdatedSubscriberTest] SpringApplication.java:651 - No active profile set, falling back to default profiles: default
2021-03-04 17:46:23,492 [main] INFO  [o.s.d.r.config.RepositoryConfigurationDelegate] RepositoryConfigurationDelegate.java:249 - Multiple Spring Data modules found, entering strict repository configuration mode!
2021-03-04 17:46:23,495 [main] INFO  [o.s.d.r.config.RepositoryConfigurationDelegate] RepositoryConfigurationDelegate.java:127 - Bootstrapping Spring Data JPA repositories in DEFERRED mode.
2021-03-04 17:46:24,229 [main] INFO  [o.s.d.r.config.RepositoryConfigurationDelegate] RepositoryConfigurationDelegate.java:187 - Finished Spring Data repository scanning in 722ms. Found 2 JPA repository interfaces.
2021-03-04 17:46:24,274 [main] INFO  [o.s.d.r.config.RepositoryConfigurationDelegate] RepositoryConfigurationDelegate.java:249 - Multiple Spring Data modules found, entering strict repository configuration mode!
2021-03-04 17:46:24,281 [main] INFO  [o.s.d.r.config.RepositoryConfigurationDelegate] RepositoryConfigurationDelegate.java:127 - Bootstrapping Spring Data Redis repositories in DEFAULT mode.
2021-03-04 17:46:24,674 [main] INFO  [o.s.d.r.c.RepositoryConfigurationExtensionSupport] RepositoryConfigurationExtensionSupport.java:348 - Spring Data Redis - Could not safely identify store assignment for repository candidate interface com.japhy.bootstrap.web.domain.order.repository.OrderRepository. If you want this repository to be a Redis repository, consider annotating your entities with one of these annotations: org.springframework.data.redis.core.RedisHash (preferred), or consider extending one of the following types with your repository: org.springframework.data.keyvalue.repository.KeyValueRepository.
2021-03-04 17:46:24,685 [main] INFO  [o.s.d.r.c.RepositoryConfigurationExtensionSupport] RepositoryConfigurationExtensionSupport.java:348 - Spring Data Redis - Could not safely identify store assignment for repository candidate interface com.japhy.bootstrap.web.domain.user.repository.UserRepository. If you want this repository to be a Redis repository, consider annotating your entities with one of these annotations: org.springframework.data.redis.core.RedisHash (preferred), or consider extending one of the following types with your repository: org.springframework.data.keyvalue.repository.KeyValueRepository.
2021-03-04 17:46:24,690 [main] INFO  [o.s.d.r.config.RepositoryConfigurationDelegate] RepositoryConfigurationDelegate.java:187 - Finished Spring Data repository scanning in 139ms. Found 0 Redis repository interfaces.
2021-03-04 17:46:27,348 [main] INFO  [o.s.c.s.PostProcessorRegistrationDelegate$BeanPostProcessorChecker] PostProcessorRegistrationDelegate.java:335 - Bean 'org.springframework.security.access.expression.method.DefaultMethodSecurityExpressionHandler@509a6095' of type [org.springframework.security.access.expression.method.DefaultMethodSecurityExpressionHandler] is not eligible for getting processed by all BeanPostProcessors (for example: not eligible for auto-proxying)
2021-03-04 17:46:27,413 [main] INFO  [o.s.c.s.PostProcessorRegistrationDelegate$BeanPostProcessorChecker] PostProcessorRegistrationDelegate.java:335 - Bean 'methodSecurityMetadataSource' of type [org.springframework.security.access.method.DelegatingMethodSecurityMetadataSource] is not eligible for getting processed by all BeanPostProcessors (for example: not eligible for auto-proxying)
2021-03-04 17:46:27,717 [main] INFO  [com.zaxxer.hikari.HikariDataSource] HikariDataSource.java:110 - HikariPool-1 - Starting...
2021-03-04 17:46:28,399 [main] INFO  [com.zaxxer.hikari.HikariDataSource] HikariDataSource.java:123 - HikariPool-1 - Start completed.
2021-03-04 17:46:28,891 [main] INFO  [o.s.scheduling.concurrent.ThreadPoolTaskExecutor] ExecutorConfigurationSupport.java:181 - Initializing ExecutorService 'applicationTaskExecutor'
2021-03-04 17:46:28,861 [main] INFO  [c.j.b.w.a.e.subscriber.OrderCreatedSubscriberTest] StartupInfoLogger.java:55 - Starting OrderCreatedSubscriberTest on JaphydeMacBook-Pro.local with PID 41079 (started by japhy in /Users/japhy/Documents/code/bootstrap/web-base)
2021-03-04 17:46:28,918 [main] INFO  [c.j.b.w.a.e.subscriber.OrderCreatedSubscriberTest] SpringApplication.java:651 - No active profile set, falling back to default profiles: default
2021-03-04 17:46:29,009 [main] INFO  [o.s.scheduling.concurrent.ThreadPoolTaskScheduler] ExecutorConfigurationSupport.java:181 - Initializing ExecutorService 'taskScheduler'
2021-03-04 17:46:29,233 [task-1] INFO  [org.hibernate.jpa.internal.util.LogHelper] LogHelper.java:31 - HHH000204: Processing PersistenceUnitInfo [name: default]
2021-03-04 17:46:29,320 [task-1] INFO  [org.hibernate.Version] Version.java:44 - HHH000412: Hibernate ORM core version 5.4.17.Final
2021-03-04 17:46:29,501 [task-1] INFO  [org.hibernate.annotations.common.Version] JavaReflectionManager.java:49 - HCANN000001: Hibernate Commons Annotations {5.1.0.Final}
2021-03-04 17:46:29,757 [task-1] INFO  [org.hibernate.dialect.Dialect] Dialect.java:172 - HHH000400: Using dialect: org.hibernate.dialect.H2Dialect
2021-03-04 17:46:30,250 [main] WARN  [o.s.b.a.o.j.JpaBaseConfiguration$JpaWebConfiguration] JpaBaseConfiguration.java:220 - spring.jpa.open-in-view is enabled by default. Therefore, database queries may be performed during view rendering. Explicitly configure spring.jpa.open-in-view to disable this warning
2021-03-04 17:46:31,058 [task-1] INFO  [o.h.e.t.jta.platform.internal.JtaPlatformInitiator] JtaPlatformInitiator.java:52 - HHH000490: Using JtaPlatform implementation: [org.hibernate.engine.transaction.jta.platform.internal.NoJtaPlatform]
2021-03-04 17:46:31,069 [task-1] INFO  [o.s.orm.jpa.LocalContainerEntityManagerFactoryBean] AbstractEntityManagerFactoryBean.java:416 - Initialized JPA EntityManagerFactory for persistence unit 'default'
2021-03-04 17:46:31,749 [main] INFO  [o.s.d.r.config.RepositoryConfigurationDelegate] RepositoryConfigurationDelegate.java:249 - Multiple Spring Data modules found, entering strict repository configuration mode!
2021-03-04 17:46:31,752 [main] INFO  [o.s.d.r.config.RepositoryConfigurationDelegate] RepositoryConfigurationDelegate.java:127 - Bootstrapping Spring Data JPA repositories in DEFERRED mode.
2021-03-04 17:46:32,064 [main] INFO  [o.s.d.r.config.RepositoryConfigurationDelegate] RepositoryConfigurationDelegate.java:187 - Finished Spring Data repository scanning in 302ms. Found 2 JPA repository interfaces.
2021-03-04 17:46:32,081 [main] INFO  [o.s.d.r.config.RepositoryConfigurationDelegate] RepositoryConfigurationDelegate.java:249 - Multiple Spring Data modules found, entering strict repository configuration mode!
2021-03-04 17:46:32,082 [main] INFO  [o.s.d.r.config.RepositoryConfigurationDelegate] RepositoryConfigurationDelegate.java:127 - Bootstrapping Spring Data Redis repositories in DEFAULT mode.
2021-03-04 17:46:32,114 [main] INFO  [o.s.d.r.c.RepositoryConfigurationExtensionSupport] RepositoryConfigurationExtensionSupport.java:348 - Spring Data Redis - Could not safely identify store assignment for repository candidate interface com.japhy.bootstrap.web.domain.order.repository.OrderRepository. If you want this repository to be a Redis repository, consider annotating your entities with one of these annotations: org.springframework.data.redis.core.RedisHash (preferred), or consider extending one of the following types with your repository: org.springframework.data.keyvalue.repository.KeyValueRepository.
2021-03-04 17:46:32,115 [main] INFO  [o.s.d.r.c.RepositoryConfigurationExtensionSupport] RepositoryConfigurationExtensionSupport.java:348 - Spring Data Redis - Could not safely identify store assignment for repository candidate interface com.japhy.bootstrap.web.domain.user.repository.UserRepository. If you want this repository to be a Redis repository, consider annotating your entities with one of these annotations: org.springframework.data.redis.core.RedisHash (preferred), or consider extending one of the following types with your repository: org.springframework.data.keyvalue.repository.KeyValueRepository.
2021-03-04 17:46:32,115 [main] INFO  [o.s.d.r.config.RepositoryConfigurationDelegate] RepositoryConfigurationDelegate.java:187 - Finished Spring Data repository scanning in 17ms. Found 0 Redis repository interfaces.
2021-03-04 17:46:32,677 [main] INFO  [o.s.b.actuate.endpoint.web.EndpointLinksResolver] EndpointLinksResolver.java:58 - Exposing 13 endpoint(s) beneath base path '/mgm'
2021-03-04 17:46:33,509 [main] INFO  [o.s.c.s.PostProcessorRegistrationDelegate$BeanPostProcessorChecker] PostProcessorRegistrationDelegate.java:335 - Bean 'org.springframework.security.access.expression.method.DefaultMethodSecurityExpressionHandler@58a3d521' of type [org.springframework.security.access.expression.method.DefaultMethodSecurityExpressionHandler] is not eligible for getting processed by all BeanPostProcessors (for example: not eligible for auto-proxying)
2021-03-04 17:46:33,563 [main] INFO  [o.s.c.s.PostProcessorRegistrationDelegate$BeanPostProcessorChecker] PostProcessorRegistrationDelegate.java:335 - Bean 'methodSecurityMetadataSource' of type [org.springframework.security.access.method.DelegatingMethodSecurityMetadataSource] is not eligible for getting processed by all BeanPostProcessors (for example: not eligible for auto-proxying)
2021-03-04 17:46:33,791 [main] INFO  [com.zaxxer.hikari.HikariDataSource] HikariDataSource.java:110 - HikariPool-1 - Starting...
2021-03-04 17:46:34,048 [main] INFO  [o.s.security.web.DefaultSecurityFilterChain] DefaultSecurityFilterChain.java:43 - Creating filter chain: any request, [org.springframework.security.web.context.request.async.WebAsyncManagerIntegrationFilter@47f39279, org.springframework.security.web.context.SecurityContextPersistenceFilter@3c82bac3, org.springframework.security.web.header.HeaderWriterFilter@8ecc457, org.springframework.web.filter.CorsFilter@63ed5dae, org.springframework.security.web.authentication.logout.LogoutFilter@6bf28f61, com.japhy.bootstrap.web.infrastructure.filter.JwtTokenFilter@13dc6649, org.springframework.security.web.savedrequest.RequestCacheAwareFilter@446a5aa5, org.springframework.security.web.servletapi.SecurityContextHolderAwareRequestFilter@366b4a7b, org.springframework.security.web.authentication.AnonymousAuthenticationFilter@578198d9, org.springframework.security.web.session.SessionManagementFilter@7cbfbcd1, org.springframework.security.web.access.ExceptionTranslationFilter@71fb1da3, org.springframework.security.web.access.intercept.FilterSecurityInterceptor@35f6f105]
2021-03-04 17:46:34,296 [main] INFO  [com.zaxxer.hikari.HikariDataSource] HikariDataSource.java:123 - HikariPool-1 - Start completed.
2021-03-04 17:46:34,683 [main] INFO  [o.s.scheduling.concurrent.ThreadPoolTaskExecutor] ExecutorConfigurationSupport.java:181 - Initializing ExecutorService 'applicationTaskExecutor'
2021-03-04 17:46:34,748 [main] INFO  [o.s.scheduling.concurrent.ThreadPoolTaskScheduler] ExecutorConfigurationSupport.java:181 - Initializing ExecutorService 'taskScheduler'
2021-03-04 17:46:35,082 [task-1] INFO  [org.hibernate.jpa.internal.util.LogHelper] LogHelper.java:31 - HHH000204: Processing PersistenceUnitInfo [name: default]
2021-03-04 17:46:35,190 [task-1] INFO  [org.hibernate.Version] Version.java:44 - HHH000412: Hibernate ORM core version 5.4.17.Final
2021-03-04 17:46:35,382 [task-1] INFO  [org.hibernate.annotations.common.Version] JavaReflectionManager.java:49 - HCANN000001: Hibernate Commons Annotations {5.1.0.Final}
2021-03-04 17:46:35,759 [task-1] INFO  [org.hibernate.dialect.Dialect] Dialect.java:172 - HHH000400: Using dialect: org.hibernate.dialect.H2Dialect
2021-03-04 17:46:36,273 [main] WARN  [o.s.b.a.o.j.JpaBaseConfiguration$JpaWebConfiguration] JpaBaseConfiguration.java:220 - spring.jpa.open-in-view is enabled by default. Therefore, database queries may be performed during view rendering. Explicitly configure spring.jpa.open-in-view to disable this warning
2021-03-04 17:46:37,571 [task-1] INFO  [o.h.e.t.jta.platform.internal.JtaPlatformInitiator] JtaPlatformInitiator.java:52 - HHH000490: Using JtaPlatform implementation: [org.hibernate.engine.transaction.jta.platform.internal.NoJtaPlatform]
2021-03-04 17:46:37,585 [task-1] INFO  [o.s.orm.jpa.LocalContainerEntityManagerFactoryBean] AbstractEntityManagerFactoryBean.java:416 - Initialized JPA EntityManagerFactory for persistence unit 'default'
2021-03-04 17:46:38,248 [main] INFO  [o.s.d.r.c.DeferredRepositoryInitializationListener] DeferredRepositoryInitializationListener.java:49 - Triggering deferred initialization of Spring Data repositories…
2021-03-04 17:46:39,036 [main] INFO  [o.s.d.r.c.DeferredRepositoryInitializationListener] DeferredRepositoryInitializationListener.java:53 - Spring Data repositories initialized!
2021-03-04 17:46:39,071 [main] INFO  [c.j.b.w.a.e.subscriber.OrderUpdatedSubscriberTest] StartupInfoLogger.java:61 - Started OrderUpdatedSubscriberTest in 19.283 seconds (JVM running for 20.729)
2021-03-04 17:46:39,249 [main] INFO  [c.j.b.w.a.event.subscriber.OrderCreatedSubscriber] OrderCreatedSubscriber.java:20 - OrderCreatedEvent(order=Order(id=null, orderNo=no, userId=null, createTime=null, updateTime=null, operatorId=null, status=null)) received ========
2021-03-04 17:46:40,022 [task-3] INFO  [c.j.bootstrap.web.infrastructure.job.OrderSumTask] OrderSumTask.java:23 - order si summing
2021-03-04 17:46:40,515 [main] INFO  [o.s.b.actuate.endpoint.web.EndpointLinksResolver] EndpointLinksResolver.java:58 - Exposing 13 endpoint(s) beneath base path '/mgm'
2021-03-04 17:46:41,723 [main] INFO  [o.s.security.web.DefaultSecurityFilterChain] DefaultSecurityFilterChain.java:43 - Creating filter chain: any request, [org.springframework.security.web.context.request.async.WebAsyncManagerIntegrationFilter@1614499b, org.springframework.security.web.context.SecurityContextPersistenceFilter@70819ba8, org.springframework.security.web.header.HeaderWriterFilter@7cbfbcd1, org.springframework.web.filter.CorsFilter@1468fc85, org.springframework.security.web.authentication.logout.LogoutFilter@7378c4a4, com.japhy.bootstrap.web.infrastructure.filter.JwtTokenFilter@10f20d38, org.springframework.security.web.savedrequest.RequestCacheAwareFilter@283ecb4b, org.springframework.security.web.servletapi.SecurityContextHolderAwareRequestFilter@3f9e8af5, org.springframework.security.web.authentication.AnonymousAuthenticationFilter@47f39279, org.springframework.security.web.session.SessionManagementFilter@20c283b4, org.springframework.security.web.access.ExceptionTranslationFilter@5690c2a8, org.springframework.security.web.access.intercept.FilterSecurityInterceptor@6fad5ace]
2021-03-04 17:46:42,000 [task-4] INFO  [c.j.bootstrap.web.infrastructure.job.OrderSumTask] OrderSumTask.java:23 - order si summing
2021-03-04 17:46:43,250 [main] INFO  [o.s.d.r.c.DeferredRepositoryInitializationListener] DeferredRepositoryInitializationListener.java:49 - Triggering deferred initialization of Spring Data repositories…
2021-03-04 17:46:43,820 [main] INFO  [o.s.d.r.c.DeferredRepositoryInitializationListener] DeferredRepositoryInitializationListener.java:53 - Spring Data repositories initialized!
2021-03-04 17:46:43,840 [main] INFO  [c.j.b.w.a.e.subscriber.OrderCreatedSubscriberTest] StartupInfoLogger.java:61 - Started OrderCreatedSubscriberTest in 16.115 seconds (JVM running for 18.992)
2021-03-04 17:46:44,002 [task-5] INFO  [c.j.bootstrap.web.infrastructure.job.OrderSumTask] OrderSumTask.java:23 - order si summing
2021-03-04 17:46:44,010 [task-3] INFO  [c.j.bootstrap.web.infrastructure.job.OrderSumTask] OrderSumTask.java:23 - order si summing
2021-03-04 17:46:44,070 [main] INFO  [c.j.b.w.a.event.subscriber.OrderCreatedSubscriber] OrderCreatedSubscriber.java:20 - OrderCreatedEvent(order=Order(id=null, orderNo=orderNo, userId=null, createTime=null, updateTime=null, operatorId=null, status=null)) received ========
2021-03-04 17:46:44,282 [SpringContextShutdownHook] INFO  [o.s.orm.jpa.LocalContainerEntityManagerFactoryBean] AbstractEntityManagerFactoryBean.java:598 - Closing JPA EntityManagerFactory for persistence unit 'default'
2021-03-04 17:46:44,283 [SpringContextShutdownHook] INFO  [o.h.t.s.i.SchemaDropperImpl$DelayedDropActionImpl] SchemaDropperImpl.java:526 - HHH000477: Starting delayed evictData of schema as part of SessionFactory shut-down'
2021-03-04 17:46:44,291 [SpringContextShutdownHook] INFO  [o.s.scheduling.concurrent.ThreadPoolTaskScheduler] ExecutorConfigurationSupport.java:218 - Shutting down ExecutorService 'taskScheduler'
2021-03-04 17:46:44,292 [SpringContextShutdownHook] INFO  [o.s.scheduling.concurrent.ThreadPoolTaskExecutor] ExecutorConfigurationSupport.java:218 - Shutting down ExecutorService 'applicationTaskExecutor'
2021-03-04 17:46:44,293 [SpringContextShutdownHook] INFO  [com.zaxxer.hikari.HikariDataSource] HikariDataSource.java:350 - HikariPool-1 - Shutdown initiated...
2021-03-04 17:46:44,296 [SpringContextShutdownHook] INFO  [com.zaxxer.hikari.HikariDataSource] HikariDataSource.java:352 - HikariPool-1 - Shutdown completed.
2021-03-04 17:46:46,001 [task-6] INFO  [c.j.bootstrap.web.infrastructure.job.OrderSumTask] OrderSumTask.java:23 - order si summing
2021-03-04 17:46:48,004 [task-7] INFO  [c.j.bootstrap.web.infrastructure.job.OrderSumTask] OrderSumTask.java:23 - order si summing
2021-03-04 17:46:49,318 [SpringContextShutdownHook] INFO  [o.s.orm.jpa.LocalContainerEntityManagerFactoryBean] AbstractEntityManagerFactoryBean.java:598 - Closing JPA EntityManagerFactory for persistence unit 'default'
2021-03-04 17:46:49,319 [SpringContextShutdownHook] INFO  [o.h.t.s.i.SchemaDropperImpl$DelayedDropActionImpl] SchemaDropperImpl.java:526 - HHH000477: Starting delayed evictData of schema as part of SessionFactory shut-down'
2021-03-04 17:46:49,327 [SpringContextShutdownHook] INFO  [o.s.scheduling.concurrent.ThreadPoolTaskScheduler] ExecutorConfigurationSupport.java:218 - Shutting down ExecutorService 'taskScheduler'
2021-03-04 17:46:49,327 [SpringContextShutdownHook] INFO  [o.s.scheduling.concurrent.ThreadPoolTaskExecutor] ExecutorConfigurationSupport.java:218 - Shutting down ExecutorService 'applicationTaskExecutor'
2021-03-04 17:46:49,328 [SpringContextShutdownHook] INFO  [com.zaxxer.hikari.HikariDataSource] HikariDataSource.java:350 - HikariPool-1 - Shutdown initiated...
2021-03-04 17:46:49,333 [SpringContextShutdownHook] INFO  [com.zaxxer.hikari.HikariDataSource] HikariDataSource.java:352 - HikariPool-1 - Shutdown completed.
2021-03-04 17:48:32,200 [main] INFO  [c.j.b.w.a.e.subscriber.OrderCreatedSubscriberTest] StartupInfoLogger.java:55 - Starting OrderCreatedSubscriberTest on JaphydeMacBook-Pro.local with PID 41106 (started by japhy in /Users/japhy/Documents/code/bootstrap/web-base)
2021-03-04 17:48:32,202 [main] INFO  [c.j.b.w.a.e.subscriber.OrderCreatedSubscriberTest] SpringApplication.java:651 - No active profile set, falling back to default profiles: default
2021-03-04 17:48:33,510 [main] INFO  [o.s.d.r.config.RepositoryConfigurationDelegate] RepositoryConfigurationDelegate.java:249 - Multiple Spring Data modules found, entering strict repository configuration mode!
2021-03-04 17:48:33,511 [main] INFO  [o.s.d.r.config.RepositoryConfigurationDelegate] RepositoryConfigurationDelegate.java:127 - Bootstrapping Spring Data JPA repositories in DEFERRED mode.
2021-03-04 17:48:33,698 [main] INFO  [o.s.d.r.config.RepositoryConfigurationDelegate] RepositoryConfigurationDelegate.java:187 - Finished Spring Data repository scanning in 179ms. Found 2 JPA repository interfaces.
2021-03-04 17:48:33,716 [main] INFO  [o.s.d.r.config.RepositoryConfigurationDelegate] RepositoryConfigurationDelegate.java:249 - Multiple Spring Data modules found, entering strict repository configuration mode!
2021-03-04 17:48:33,718 [main] INFO  [o.s.d.r.config.RepositoryConfigurationDelegate] RepositoryConfigurationDelegate.java:127 - Bootstrapping Spring Data Redis repositories in DEFAULT mode.
2021-03-04 17:48:33,742 [main] INFO  [o.s.d.r.c.RepositoryConfigurationExtensionSupport] RepositoryConfigurationExtensionSupport.java:348 - Spring Data Redis - Could not safely identify store assignment for repository candidate interface com.japhy.bootstrap.web.domain.order.repository.OrderRepository. If you want this repository to be a Redis repository, consider annotating your entities with one of these annotations: org.springframework.data.redis.core.RedisHash (preferred), or consider extending one of the following types with your repository: org.springframework.data.keyvalue.repository.KeyValueRepository.
2021-03-04 17:48:33,743 [main] INFO  [o.s.d.r.c.RepositoryConfigurationExtensionSupport] RepositoryConfigurationExtensionSupport.java:348 - Spring Data Redis - Could not safely identify store assignment for repository candidate interface com.japhy.bootstrap.web.domain.user.repository.UserRepository. If you want this repository to be a Redis repository, consider annotating your entities with one of these annotations: org.springframework.data.redis.core.RedisHash (preferred), or consider extending one of the following types with your repository: org.springframework.data.keyvalue.repository.KeyValueRepository.
2021-03-04 17:48:33,743 [main] INFO  [o.s.d.r.config.RepositoryConfigurationDelegate] RepositoryConfigurationDelegate.java:187 - Finished Spring Data repository scanning in 15ms. Found 0 Redis repository interfaces.
2021-03-04 17:48:34,608 [main] INFO  [o.s.c.s.PostProcessorRegistrationDelegate$BeanPostProcessorChecker] PostProcessorRegistrationDelegate.java:335 - Bean 'org.springframework.security.access.expression.method.DefaultMethodSecurityExpressionHandler@75bd28d' of type [org.springframework.security.access.expression.method.DefaultMethodSecurityExpressionHandler] is not eligible for getting processed by all BeanPostProcessors (for example: not eligible for auto-proxying)
2021-03-04 17:48:34,636 [main] INFO  [o.s.c.s.PostProcessorRegistrationDelegate$BeanPostProcessorChecker] PostProcessorRegistrationDelegate.java:335 - Bean 'methodSecurityMetadataSource' of type [org.springframework.security.access.method.DelegatingMethodSecurityMetadataSource] is not eligible for getting processed by all BeanPostProcessors (for example: not eligible for auto-proxying)
2021-03-04 17:48:34,785 [main] INFO  [com.zaxxer.hikari.HikariDataSource] HikariDataSource.java:110 - HikariPool-1 - Starting...
2021-03-04 17:48:35,059 [main] INFO  [com.zaxxer.hikari.HikariDataSource] HikariDataSource.java:123 - HikariPool-1 - Start completed.
2021-03-04 17:48:35,217 [main] INFO  [o.s.scheduling.concurrent.ThreadPoolTaskExecutor] ExecutorConfigurationSupport.java:181 - Initializing ExecutorService 'applicationTaskExecutor'
2021-03-04 17:48:35,251 [main] INFO  [o.s.scheduling.concurrent.ThreadPoolTaskScheduler] ExecutorConfigurationSupport.java:181 - Initializing ExecutorService 'taskScheduler'
2021-03-04 17:48:35,339 [task-1] INFO  [org.hibernate.jpa.internal.util.LogHelper] LogHelper.java:31 - HHH000204: Processing PersistenceUnitInfo [name: default]
2021-03-04 17:48:35,402 [task-1] INFO  [org.hibernate.Version] Version.java:44 - HHH000412: Hibernate ORM core version 5.4.17.Final
2021-03-04 17:48:35,487 [task-1] INFO  [org.hibernate.annotations.common.Version] JavaReflectionManager.java:49 - HCANN000001: Hibernate Commons Annotations {5.1.0.Final}
2021-03-04 17:48:35,647 [task-1] INFO  [org.hibernate.dialect.Dialect] Dialect.java:172 - HHH000400: Using dialect: org.hibernate.dialect.H2Dialect
2021-03-04 17:48:35,883 [main] WARN  [o.s.b.a.o.j.JpaBaseConfiguration$JpaWebConfiguration] JpaBaseConfiguration.java:220 - spring.jpa.open-in-view is enabled by default. Therefore, database queries may be performed during view rendering. Explicitly configure spring.jpa.open-in-view to disable this warning
2021-03-04 17:48:36,470 [task-1] INFO  [o.h.e.t.jta.platform.internal.JtaPlatformInitiator] JtaPlatformInitiator.java:52 - HHH000490: Using JtaPlatform implementation: [org.hibernate.engine.transaction.jta.platform.internal.NoJtaPlatform]
2021-03-04 17:48:36,478 [task-1] INFO  [o.s.orm.jpa.LocalContainerEntityManagerFactoryBean] AbstractEntityManagerFactoryBean.java:416 - Initialized JPA EntityManagerFactory for persistence unit 'default'
2021-03-04 17:48:37,463 [main] INFO  [o.s.b.actuate.endpoint.web.EndpointLinksResolver] EndpointLinksResolver.java:58 - Exposing 13 endpoint(s) beneath base path '/mgm'
2021-03-04 17:48:38,256 [main] INFO  [o.s.security.web.DefaultSecurityFilterChain] DefaultSecurityFilterChain.java:43 - Creating filter chain: any request, [org.springframework.security.web.context.request.async.WebAsyncManagerIntegrationFilter@4b9ed99d, org.springframework.security.web.context.SecurityContextPersistenceFilter@a2fb8a5, org.springframework.security.web.header.HeaderWriterFilter@206bd7a0, org.springframework.web.filter.CorsFilter@39b95a80, org.springframework.security.web.authentication.logout.LogoutFilter@1b556a88, com.japhy.bootstrap.web.infrastructure.filter.JwtTokenFilter@61993d18, org.springframework.security.web.savedrequest.RequestCacheAwareFilter@13ddaffb, org.springframework.security.web.servletapi.SecurityContextHolderAwareRequestFilter@17477bbb, org.springframework.security.web.authentication.AnonymousAuthenticationFilter@3ec62141, org.springframework.security.web.session.SessionManagementFilter@5c5c784c, org.springframework.security.web.access.ExceptionTranslationFilter@1669f4e5, org.springframework.security.web.access.intercept.FilterSecurityInterceptor@706c062e]
2021-03-04 17:48:39,725 [main] INFO  [o.s.d.r.c.DeferredRepositoryInitializationListener] DeferredRepositoryInitializationListener.java:49 - Triggering deferred initialization of Spring Data repositories…
2021-03-04 17:48:40,137 [main] INFO  [o.s.d.r.c.DeferredRepositoryInitializationListener] DeferredRepositoryInitializationListener.java:53 - Spring Data repositories initialized!
2021-03-04 17:48:40,153 [main] INFO  [c.j.b.w.a.e.subscriber.OrderCreatedSubscriberTest] StartupInfoLogger.java:61 - Started OrderCreatedSubscriberTest in 8.577 seconds (JVM running for 9.789)
2021-03-04 17:48:40,243 [main] INFO  [c.j.b.w.a.event.subscriber.OrderCreatedSubscriber] OrderCreatedSubscriber.java:20 - OrderCreatedEvent(order=Order(id=null, orderNo=orderNo, userId=null, createTime=null, updateTime=null, operatorId=null, status=null)) received ========
2021-03-04 17:48:40,340 [SpringContextShutdownHook] INFO  [o.s.orm.jpa.LocalContainerEntityManagerFactoryBean] AbstractEntityManagerFactoryBean.java:598 - Closing JPA EntityManagerFactory for persistence unit 'default'
2021-03-04 17:48:40,341 [SpringContextShutdownHook] INFO  [o.h.t.s.i.SchemaDropperImpl$DelayedDropActionImpl] SchemaDropperImpl.java:526 - HHH000477: Starting delayed evictData of schema as part of SessionFactory shut-down'
2021-03-04 17:48:40,348 [SpringContextShutdownHook] INFO  [o.s.scheduling.concurrent.ThreadPoolTaskScheduler] ExecutorConfigurationSupport.java:218 - Shutting down ExecutorService 'taskScheduler'
2021-03-04 17:48:40,348 [SpringContextShutdownHook] INFO  [o.s.scheduling.concurrent.ThreadPoolTaskExecutor] ExecutorConfigurationSupport.java:218 - Shutting down ExecutorService 'applicationTaskExecutor'
2021-03-04 17:48:40,349 [SpringContextShutdownHook] INFO  [com.zaxxer.hikari.HikariDataSource] HikariDataSource.java:350 - HikariPool-1 - Shutdown initiated...
2021-03-04 17:48:40,352 [SpringContextShutdownHook] INFO  [com.zaxxer.hikari.HikariDataSource] HikariDataSource.java:352 - HikariPool-1 - Shutdown completed.
2021-03-04 17:48:50,020 [main] INFO  [c.j.b.w.a.e.subscriber.OrderCreatedSubscriberTest] StartupInfoLogger.java:55 - Starting OrderCreatedSubscriberTest on JaphydeMacBook-Pro.local with PID 41109 (started by japhy in /Users/japhy/Documents/code/bootstrap/web-base)
2021-03-04 17:48:50,022 [main] INFO  [c.j.b.w.a.e.subscriber.OrderCreatedSubscriberTest] SpringApplication.java:651 - No active profile set, falling back to default profiles: default
2021-03-04 17:48:51,307 [main] INFO  [o.s.d.r.config.RepositoryConfigurationDelegate] RepositoryConfigurationDelegate.java:249 - Multiple Spring Data modules found, entering strict repository configuration mode!
2021-03-04 17:48:51,309 [main] INFO  [o.s.d.r.config.RepositoryConfigurationDelegate] RepositoryConfigurationDelegate.java:127 - Bootstrapping Spring Data JPA repositories in DEFERRED mode.
2021-03-04 17:48:51,507 [main] INFO  [o.s.d.r.config.RepositoryConfigurationDelegate] RepositoryConfigurationDelegate.java:187 - Finished Spring Data repository scanning in 188ms. Found 2 JPA repository interfaces.
2021-03-04 17:48:51,523 [main] INFO  [o.s.d.r.config.RepositoryConfigurationDelegate] RepositoryConfigurationDelegate.java:249 - Multiple Spring Data modules found, entering strict repository configuration mode!
2021-03-04 17:48:51,525 [main] INFO  [o.s.d.r.config.RepositoryConfigurationDelegate] RepositoryConfigurationDelegate.java:127 - Bootstrapping Spring Data Redis repositories in DEFAULT mode.
2021-03-04 17:48:51,552 [main] INFO  [o.s.d.r.c.RepositoryConfigurationExtensionSupport] RepositoryConfigurationExtensionSupport.java:348 - Spring Data Redis - Could not safely identify store assignment for repository candidate interface com.japhy.bootstrap.web.domain.order.repository.OrderRepository. If you want this repository to be a Redis repository, consider annotating your entities with one of these annotations: org.springframework.data.redis.core.RedisHash (preferred), or consider extending one of the following types with your repository: org.springframework.data.keyvalue.repository.KeyValueRepository.
2021-03-04 17:48:51,553 [main] INFO  [o.s.d.r.c.RepositoryConfigurationExtensionSupport] RepositoryConfigurationExtensionSupport.java:348 - Spring Data Redis - Could not safely identify store assignment for repository candidate interface com.japhy.bootstrap.web.domain.user.repository.UserRepository. If you want this repository to be a Redis repository, consider annotating your entities with one of these annotations: org.springframework.data.redis.core.RedisHash (preferred), or consider extending one of the following types with your repository: org.springframework.data.keyvalue.repository.KeyValueRepository.
2021-03-04 17:48:51,553 [main] INFO  [o.s.d.r.config.RepositoryConfigurationDelegate] RepositoryConfigurationDelegate.java:187 - Finished Spring Data repository scanning in 17ms. Found 0 Redis repository interfaces.
2021-03-04 17:48:52,425 [main] INFO  [o.s.c.s.PostProcessorRegistrationDelegate$BeanPostProcessorChecker] PostProcessorRegistrationDelegate.java:335 - Bean 'org.springframework.security.access.expression.method.DefaultMethodSecurityExpressionHandler@75bd28d' of type [org.springframework.security.access.expression.method.DefaultMethodSecurityExpressionHandler] is not eligible for getting processed by all BeanPostProcessors (for example: not eligible for auto-proxying)
2021-03-04 17:48:52,447 [main] INFO  [o.s.c.s.PostProcessorRegistrationDelegate$BeanPostProcessorChecker] PostProcessorRegistrationDelegate.java:335 - Bean 'methodSecurityMetadataSource' of type [org.springframework.security.access.method.DelegatingMethodSecurityMetadataSource] is not eligible for getting processed by all BeanPostProcessors (for example: not eligible for auto-proxying)
2021-03-04 17:48:52,574 [main] INFO  [com.zaxxer.hikari.HikariDataSource] HikariDataSource.java:110 - HikariPool-1 - Starting...
2021-03-04 17:48:52,806 [main] INFO  [com.zaxxer.hikari.HikariDataSource] HikariDataSource.java:123 - HikariPool-1 - Start completed.
2021-03-04 17:48:52,966 [main] INFO  [o.s.scheduling.concurrent.ThreadPoolTaskExecutor] ExecutorConfigurationSupport.java:181 - Initializing ExecutorService 'applicationTaskExecutor'
2021-03-04 17:48:52,999 [main] INFO  [o.s.scheduling.concurrent.ThreadPoolTaskScheduler] ExecutorConfigurationSupport.java:181 - Initializing ExecutorService 'taskScheduler'
2021-03-04 17:48:53,095 [task-1] INFO  [org.hibernate.jpa.internal.util.LogHelper] LogHelper.java:31 - HHH000204: Processing PersistenceUnitInfo [name: default]
2021-03-04 17:48:53,169 [task-1] INFO  [org.hibernate.Version] Version.java:44 - HHH000412: Hibernate ORM core version 5.4.17.Final
2021-03-04 17:48:53,287 [task-1] INFO  [org.hibernate.annotations.common.Version] JavaReflectionManager.java:49 - HCANN000001: Hibernate Commons Annotations {5.1.0.Final}
2021-03-04 17:48:53,453 [task-1] INFO  [org.hibernate.dialect.Dialect] Dialect.java:172 - HHH000400: Using dialect: org.hibernate.dialect.H2Dialect
2021-03-04 17:48:53,677 [main] WARN  [o.s.b.a.o.j.JpaBaseConfiguration$JpaWebConfiguration] JpaBaseConfiguration.java:220 - spring.jpa.open-in-view is enabled by default. Therefore, database queries may be performed during view rendering. Explicitly configure spring.jpa.open-in-view to disable this warning
2021-03-04 17:48:54,306 [task-1] INFO  [o.h.e.t.jta.platform.internal.JtaPlatformInitiator] JtaPlatformInitiator.java:52 - HHH000490: Using JtaPlatform implementation: [org.hibernate.engine.transaction.jta.platform.internal.NoJtaPlatform]
2021-03-04 17:48:54,316 [task-1] INFO  [o.s.orm.jpa.LocalContainerEntityManagerFactoryBean] AbstractEntityManagerFactoryBean.java:416 - Initialized JPA EntityManagerFactory for persistence unit 'default'
2021-03-04 17:48:55,345 [main] INFO  [o.s.b.actuate.endpoint.web.EndpointLinksResolver] EndpointLinksResolver.java:58 - Exposing 13 endpoint(s) beneath base path '/mgm'
2021-03-04 17:48:56,111 [main] INFO  [o.s.security.web.DefaultSecurityFilterChain] DefaultSecurityFilterChain.java:43 - Creating filter chain: any request, [org.springframework.security.web.context.request.async.WebAsyncManagerIntegrationFilter@c3d4bd7, org.springframework.security.web.context.SecurityContextPersistenceFilter@87f6ab5, org.springframework.security.web.header.HeaderWriterFilter@69cc49ec, org.springframework.web.filter.CorsFilter@2626aa35, org.springframework.security.web.authentication.logout.LogoutFilter@18dafd3b, com.japhy.bootstrap.web.infrastructure.filter.JwtTokenFilter@1805ec96, org.springframework.security.web.savedrequest.RequestCacheAwareFilter@41581c3f, org.springframework.security.web.servletapi.SecurityContextHolderAwareRequestFilter@352ce817, org.springframework.security.web.authentication.AnonymousAuthenticationFilter@5ca8c904, org.springframework.security.web.session.SessionManagementFilter@62c6db99, org.springframework.security.web.access.ExceptionTranslationFilter@482942d8, org.springframework.security.web.access.intercept.FilterSecurityInterceptor@2699b656]
2021-03-04 17:48:57,542 [main] INFO  [o.s.d.r.c.DeferredRepositoryInitializationListener] DeferredRepositoryInitializationListener.java:49 - Triggering deferred initialization of Spring Data repositories…
2021-03-04 17:48:57,887 [main] INFO  [o.s.d.r.c.DeferredRepositoryInitializationListener] DeferredRepositoryInitializationListener.java:53 - Spring Data repositories initialized!
2021-03-04 17:48:57,902 [main] INFO  [c.j.b.w.a.e.subscriber.OrderCreatedSubscriberTest] StartupInfoLogger.java:61 - Started OrderCreatedSubscriberTest in 8.495 seconds (JVM running for 9.67)
2021-03-04 17:48:57,988 [main] INFO  [c.j.b.w.a.event.subscriber.OrderCreatedSubscriber] OrderCreatedSubscriber.java:20 - OrderCreatedEvent(order=Order(id=null, orderNo=orderNo, userId=null, createTime=null, updateTime=null, operatorId=null, status=null)) received ========
2021-03-04 17:48:58,013 [task-3] INFO  [c.j.bootstrap.web.infrastructure.job.OrderSumTask] OrderSumTask.java:23 - order si summing
2021-03-04 17:48:58,104 [SpringContextShutdownHook] INFO  [o.s.orm.jpa.LocalContainerEntityManagerFactoryBean] AbstractEntityManagerFactoryBean.java:598 - Closing JPA EntityManagerFactory for persistence unit 'default'
2021-03-04 17:48:58,104 [SpringContextShutdownHook] INFO  [o.h.t.s.i.SchemaDropperImpl$DelayedDropActionImpl] SchemaDropperImpl.java:526 - HHH000477: Starting delayed evictData of schema as part of SessionFactory shut-down'
2021-03-04 17:48:58,111 [SpringContextShutdownHook] INFO  [o.s.scheduling.concurrent.ThreadPoolTaskScheduler] ExecutorConfigurationSupport.java:218 - Shutting down ExecutorService 'taskScheduler'
2021-03-04 17:48:58,112 [SpringContextShutdownHook] INFO  [o.s.scheduling.concurrent.ThreadPoolTaskExecutor] ExecutorConfigurationSupport.java:218 - Shutting down ExecutorService 'applicationTaskExecutor'
2021-03-04 17:48:58,113 [SpringContextShutdownHook] INFO  [com.zaxxer.hikari.HikariDataSource] HikariDataSource.java:350 - HikariPool-1 - Shutdown initiated...
2021-03-04 17:48:58,116 [SpringContextShutdownHook] INFO  [com.zaxxer.hikari.HikariDataSource] HikariDataSource.java:352 - HikariPool-1 - Shutdown completed.
2021-03-04 17:59:31,532 [main] INFO  [c.j.b.w.a.e.subscriber.OrderUpdatedSubscriberTest] StartupInfoLogger.java:55 - Starting OrderUpdatedSubscriberTest on JaphydeMacBook-Pro.local with PID 41243 (started by japhy in /Users/japhy/Documents/code/bootstrap/web-base)
2021-03-04 17:59:31,535 [main] INFO  [c.j.b.w.a.e.subscriber.OrderUpdatedSubscriberTest] SpringApplication.java:651 - No active profile set, falling back to default profiles: default
2021-03-04 17:59:33,405 [main] INFO  [o.s.d.r.config.RepositoryConfigurationDelegate] RepositoryConfigurationDelegate.java:249 - Multiple Spring Data modules found, entering strict repository configuration mode!
2021-03-04 17:59:33,408 [main] INFO  [o.s.d.r.config.RepositoryConfigurationDelegate] RepositoryConfigurationDelegate.java:127 - Bootstrapping Spring Data JPA repositories in DEFERRED mode.
2021-03-04 17:59:33,647 [main] INFO  [o.s.d.r.config.RepositoryConfigurationDelegate] RepositoryConfigurationDelegate.java:187 - Finished Spring Data repository scanning in 230ms. Found 2 JPA repository interfaces.
2021-03-04 17:59:33,664 [main] INFO  [o.s.d.r.config.RepositoryConfigurationDelegate] RepositoryConfigurationDelegate.java:249 - Multiple Spring Data modules found, entering strict repository configuration mode!
2021-03-04 17:59:33,667 [main] INFO  [o.s.d.r.config.RepositoryConfigurationDelegate] RepositoryConfigurationDelegate.java:127 - Bootstrapping Spring Data Redis repositories in DEFAULT mode.
2021-03-04 17:59:33,692 [main] INFO  [o.s.d.r.c.RepositoryConfigurationExtensionSupport] RepositoryConfigurationExtensionSupport.java:348 - Spring Data Redis - Could not safely identify store assignment for repository candidate interface com.japhy.bootstrap.web.domain.order.repository.OrderRepository. If you want this repository to be a Redis repository, consider annotating your entities with one of these annotations: org.springframework.data.redis.core.RedisHash (preferred), or consider extending one of the following types with your repository: org.springframework.data.keyvalue.repository.KeyValueRepository.
2021-03-04 17:59:33,692 [main] INFO  [o.s.d.r.c.RepositoryConfigurationExtensionSupport] RepositoryConfigurationExtensionSupport.java:348 - Spring Data Redis - Could not safely identify store assignment for repository candidate interface com.japhy.bootstrap.web.domain.user.repository.UserRepository. If you want this repository to be a Redis repository, consider annotating your entities with one of these annotations: org.springframework.data.redis.core.RedisHash (preferred), or consider extending one of the following types with your repository: org.springframework.data.keyvalue.repository.KeyValueRepository.
2021-03-04 17:59:33,693 [main] INFO  [o.s.d.r.config.RepositoryConfigurationDelegate] RepositoryConfigurationDelegate.java:187 - Finished Spring Data repository scanning in 11ms. Found 0 Redis repository interfaces.
2021-03-04 17:59:34,705 [main] INFO  [o.s.c.s.PostProcessorRegistrationDelegate$BeanPostProcessorChecker] PostProcessorRegistrationDelegate.java:335 - Bean 'org.springframework.security.access.expression.method.DefaultMethodSecurityExpressionHandler@7741ae1b' of type [org.springframework.security.access.expression.method.DefaultMethodSecurityExpressionHandler] is not eligible for getting processed by all BeanPostProcessors (for example: not eligible for auto-proxying)
2021-03-04 17:59:34,737 [main] INFO  [o.s.c.s.PostProcessorRegistrationDelegate$BeanPostProcessorChecker] PostProcessorRegistrationDelegate.java:335 - Bean 'methodSecurityMetadataSource' of type [org.springframework.security.access.method.DelegatingMethodSecurityMetadataSource] is not eligible for getting processed by all BeanPostProcessors (for example: not eligible for auto-proxying)
2021-03-04 17:59:34,899 [main] INFO  [com.zaxxer.hikari.HikariDataSource] HikariDataSource.java:110 - HikariPool-1 - Starting...
2021-03-04 17:59:35,197 [main] INFO  [com.zaxxer.hikari.HikariDataSource] HikariDataSource.java:123 - HikariPool-1 - Start completed.
2021-03-04 17:59:35,370 [main] INFO  [o.s.scheduling.concurrent.ThreadPoolTaskExecutor] ExecutorConfigurationSupport.java:181 - Initializing ExecutorService 'applicationTaskExecutor'
2021-03-04 17:59:35,404 [main] INFO  [o.s.scheduling.concurrent.ThreadPoolTaskScheduler] ExecutorConfigurationSupport.java:181 - Initializing ExecutorService 'taskScheduler'
2021-03-04 17:59:35,537 [task-1] INFO  [org.hibernate.jpa.internal.util.LogHelper] LogHelper.java:31 - HHH000204: Processing PersistenceUnitInfo [name: default]
2021-03-04 17:59:35,622 [task-1] INFO  [org.hibernate.Version] Version.java:44 - HHH000412: Hibernate ORM core version 5.4.17.Final
2021-03-04 17:59:35,746 [task-1] INFO  [org.hibernate.annotations.common.Version] JavaReflectionManager.java:49 - HCANN000001: Hibernate Commons Annotations {5.1.0.Final}
2021-03-04 17:59:35,995 [task-1] INFO  [org.hibernate.dialect.Dialect] Dialect.java:172 - HHH000400: Using dialect: org.hibernate.dialect.H2Dialect
2021-03-04 17:59:36,277 [main] WARN  [o.s.b.a.o.j.JpaBaseConfiguration$JpaWebConfiguration] JpaBaseConfiguration.java:220 - spring.jpa.open-in-view is enabled by default. Therefore, database queries may be performed during view rendering. Explicitly configure spring.jpa.open-in-view to disable this warning
2021-03-04 17:59:36,986 [task-1] INFO  [o.h.e.t.jta.platform.internal.JtaPlatformInitiator] JtaPlatformInitiator.java:52 - HHH000490: Using JtaPlatform implementation: [org.hibernate.engine.transaction.jta.platform.internal.NoJtaPlatform]
2021-03-04 17:59:36,997 [task-1] INFO  [o.s.orm.jpa.LocalContainerEntityManagerFactoryBean] AbstractEntityManagerFactoryBean.java:416 - Initialized JPA EntityManagerFactory for persistence unit 'default'
2021-03-04 17:59:38,112 [main] INFO  [o.s.b.actuate.endpoint.web.EndpointLinksResolver] EndpointLinksResolver.java:58 - Exposing 13 endpoint(s) beneath base path '/mgm'
2021-03-04 17:59:38,843 [main] INFO  [o.s.security.web.DefaultSecurityFilterChain] DefaultSecurityFilterChain.java:43 - Creating filter chain: any request, [org.springframework.security.web.context.request.async.WebAsyncManagerIntegrationFilter@2dbb8da0, org.springframework.security.web.context.SecurityContextPersistenceFilter@a80a896, org.springframework.security.web.header.HeaderWriterFilter@4713b631, org.springframework.web.filter.CorsFilter@3130ca39, org.springframework.security.web.authentication.logout.LogoutFilter@609ad016, com.japhy.bootstrap.web.infrastructure.filter.JwtTokenFilter@280d5a82, org.springframework.security.web.savedrequest.RequestCacheAwareFilter@5617168c, org.springframework.security.web.servletapi.SecurityContextHolderAwareRequestFilter@3ad558bf, org.springframework.security.web.authentication.AnonymousAuthenticationFilter@17fb5184, org.springframework.security.web.session.SessionManagementFilter@4e4af370, org.springframework.security.web.access.ExceptionTranslationFilter@582ca1e2, org.springframework.security.web.access.intercept.FilterSecurityInterceptor@38a52072]
2021-03-04 17:59:40,278 [main] INFO  [o.s.d.r.c.DeferredRepositoryInitializationListener] DeferredRepositoryInitializationListener.java:49 - Triggering deferred initialization of Spring Data repositories…
2021-03-04 17:59:40,646 [main] INFO  [o.s.d.r.c.DeferredRepositoryInitializationListener] DeferredRepositoryInitializationListener.java:53 - Spring Data repositories initialized!
2021-03-04 17:59:40,664 [main] INFO  [c.j.b.w.a.e.subscriber.OrderUpdatedSubscriberTest] StartupInfoLogger.java:61 - Started OrderUpdatedSubscriberTest in 10.039 seconds (JVM running for 11.529)
2021-03-04 17:59:40,761 [main] INFO  [c.j.b.w.a.event.subscriber.OrderCreatedSubscriber] OrderCreatedSubscriber.java:20 - OrderCreatedEvent(order=Order(id=null, orderNo=no, userId=null, createTime=null, updateTime=null, operatorId=null, status=null)) received ========
2021-03-04 17:59:40,767 [task-3] INFO  [c.j.b.w.a.event.subscriber.OrderUpdatedSubscriber] OrderUpdatedSubscriber.java:27 - Threadtask-3
2021-03-04 17:59:42,007 [task-4] INFO  [c.j.bootstrap.web.infrastructure.job.OrderSumTask] OrderSumTask.java:23 - order si summing
2021-03-04 17:59:44,002 [task-5] INFO  [c.j.bootstrap.web.infrastructure.job.OrderSumTask] OrderSumTask.java:23 - order si summing
2021-03-04 17:59:46,001 [task-6] INFO  [c.j.bootstrap.web.infrastructure.job.OrderSumTask] OrderSumTask.java:23 - order si summing
2021-03-04 17:59:48,003 [task-7] INFO  [c.j.bootstrap.web.infrastructure.job.OrderSumTask] OrderSumTask.java:23 - order si summing
2021-03-04 17:59:50,001 [task-8] INFO  [c.j.bootstrap.web.infrastructure.job.OrderSumTask] OrderSumTask.java:23 - order si summing
2021-03-04 17:59:50,847 [SpringContextShutdownHook] INFO  [o.s.orm.jpa.LocalContainerEntityManagerFactoryBean] AbstractEntityManagerFactoryBean.java:598 - Closing JPA EntityManagerFactory for persistence unit 'default'
2021-03-04 17:59:50,847 [SpringContextShutdownHook] INFO  [o.h.t.s.i.SchemaDropperImpl$DelayedDropActionImpl] SchemaDropperImpl.java:526 - HHH000477: Starting delayed evictData of schema as part of SessionFactory shut-down'
2021-03-04 17:59:50,856 [SpringContextShutdownHook] INFO  [o.s.scheduling.concurrent.ThreadPoolTaskScheduler] ExecutorConfigurationSupport.java:218 - Shutting down ExecutorService 'taskScheduler'
2021-03-04 17:59:50,857 [SpringContextShutdownHook] INFO  [o.s.scheduling.concurrent.ThreadPoolTaskExecutor] ExecutorConfigurationSupport.java:218 - Shutting down ExecutorService 'applicationTaskExecutor'
2021-03-04 17:59:50,858 [SpringContextShutdownHook] INFO  [com.zaxxer.hikari.HikariDataSource] HikariDataSource.java:350 - HikariPool-1 - Shutdown initiated...
2021-03-04 17:59:50,864 [SpringContextShutdownHook] INFO  [com.zaxxer.hikari.HikariDataSource] HikariDataSource.java:352 - HikariPool-1 - Shutdown completed.
2021-03-04 18:43:22,485 [main] INFO  [c.j.b.w.a.e.subscriber.OrderUpdatedSubscriberTest] StartupInfoLogger.java:55 - Starting OrderUpdatedSubscriberTest on JaphydeMacBook-Pro.local with PID 41707 (started by japhy in /Users/japhy/Documents/code/bootstrap/web-base)
2021-03-04 18:43:22,488 [main] INFO  [c.j.b.w.a.e.subscriber.OrderUpdatedSubscriberTest] SpringApplication.java:651 - No active profile set, falling back to default profiles: default
2021-03-04 18:43:24,299 [main] INFO  [o.s.d.r.config.RepositoryConfigurationDelegate] RepositoryConfigurationDelegate.java:249 - Multiple Spring Data modules found, entering strict repository configuration mode!
2021-03-04 18:43:24,301 [main] INFO  [o.s.d.r.config.RepositoryConfigurationDelegate] RepositoryConfigurationDelegate.java:127 - Bootstrapping Spring Data JPA repositories in DEFERRED mode.
2021-03-04 18:43:24,531 [main] INFO  [o.s.d.r.config.RepositoryConfigurationDelegate] RepositoryConfigurationDelegate.java:187 - Finished Spring Data repository scanning in 220ms. Found 2 JPA repository interfaces.
2021-03-04 18:43:24,546 [main] INFO  [o.s.d.r.config.RepositoryConfigurationDelegate] RepositoryConfigurationDelegate.java:249 - Multiple Spring Data modules found, entering strict repository configuration mode!
2021-03-04 18:43:24,548 [main] INFO  [o.s.d.r.config.RepositoryConfigurationDelegate] RepositoryConfigurationDelegate.java:127 - Bootstrapping Spring Data Redis repositories in DEFAULT mode.
2021-03-04 18:43:24,574 [main] INFO  [o.s.d.r.c.RepositoryConfigurationExtensionSupport] RepositoryConfigurationExtensionSupport.java:348 - Spring Data Redis - Could not safely identify store assignment for repository candidate interface com.japhy.bootstrap.web.domain.order.repository.OrderRepository. If you want this repository to be a Redis repository, consider annotating your entities with one of these annotations: org.springframework.data.redis.core.RedisHash (preferred), or consider extending one of the following types with your repository: org.springframework.data.keyvalue.repository.KeyValueRepository.
2021-03-04 18:43:24,575 [main] INFO  [o.s.d.r.c.RepositoryConfigurationExtensionSupport] RepositoryConfigurationExtensionSupport.java:348 - Spring Data Redis - Could not safely identify store assignment for repository candidate interface com.japhy.bootstrap.web.domain.user.repository.UserRepository. If you want this repository to be a Redis repository, consider annotating your entities with one of these annotations: org.springframework.data.redis.core.RedisHash (preferred), or consider extending one of the following types with your repository: org.springframework.data.keyvalue.repository.KeyValueRepository.
2021-03-04 18:43:24,575 [main] INFO  [o.s.d.r.config.RepositoryConfigurationDelegate] RepositoryConfigurationDelegate.java:187 - Finished Spring Data repository scanning in 12ms. Found 0 Redis repository interfaces.
2021-03-04 18:43:25,572 [main] INFO  [o.s.c.s.PostProcessorRegistrationDelegate$BeanPostProcessorChecker] PostProcessorRegistrationDelegate.java:335 - Bean 'org.springframework.security.access.expression.method.DefaultMethodSecurityExpressionHandler@49c1e294' of type [org.springframework.security.access.expression.method.DefaultMethodSecurityExpressionHandler] is not eligible for getting processed by all BeanPostProcessors (for example: not eligible for auto-proxying)
2021-03-04 18:43:25,600 [main] INFO  [o.s.c.s.PostProcessorRegistrationDelegate$BeanPostProcessorChecker] PostProcessorRegistrationDelegate.java:335 - Bean 'methodSecurityMetadataSource' of type [org.springframework.security.access.method.DelegatingMethodSecurityMetadataSource] is not eligible for getting processed by all BeanPostProcessors (for example: not eligible for auto-proxying)
2021-03-04 18:43:25,734 [main] INFO  [com.zaxxer.hikari.HikariDataSource] HikariDataSource.java:110 - HikariPool-1 - Starting...
2021-03-04 18:43:26,013 [main] INFO  [com.zaxxer.hikari.HikariDataSource] HikariDataSource.java:123 - HikariPool-1 - Start completed.
2021-03-04 18:43:26,198 [main] INFO  [o.s.scheduling.concurrent.ThreadPoolTaskExecutor] ExecutorConfigurationSupport.java:181 - Initializing ExecutorService 'applicationTaskExecutor'
2021-03-04 18:43:26,234 [main] INFO  [o.s.scheduling.concurrent.ThreadPoolTaskScheduler] ExecutorConfigurationSupport.java:181 - Initializing ExecutorService 'taskScheduler'
2021-03-04 18:43:26,364 [task-1] INFO  [org.hibernate.jpa.internal.util.LogHelper] LogHelper.java:31 - HHH000204: Processing PersistenceUnitInfo [name: default]
2021-03-04 18:43:26,455 [task-1] INFO  [org.hibernate.Version] Version.java:44 - HHH000412: Hibernate ORM core version 5.4.17.Final
2021-03-04 18:43:26,601 [task-1] INFO  [org.hibernate.annotations.common.Version] JavaReflectionManager.java:49 - HCANN000001: Hibernate Commons Annotations {5.1.0.Final}
2021-03-04 18:43:26,812 [task-1] INFO  [org.hibernate.dialect.Dialect] Dialect.java:172 - HHH000400: Using dialect: org.hibernate.dialect.H2Dialect
2021-03-04 18:43:27,140 [main] WARN  [o.s.b.a.o.j.JpaBaseConfiguration$JpaWebConfiguration] JpaBaseConfiguration.java:220 - spring.jpa.open-in-view is enabled by default. Therefore, database queries may be performed during view rendering. Explicitly configure spring.jpa.open-in-view to disable this warning
2021-03-04 18:43:27,789 [task-1] INFO  [o.h.e.t.jta.platform.internal.JtaPlatformInitiator] JtaPlatformInitiator.java:52 - HHH000490: Using JtaPlatform implementation: [org.hibernate.engine.transaction.jta.platform.internal.NoJtaPlatform]
2021-03-04 18:43:27,800 [task-1] INFO  [o.s.orm.jpa.LocalContainerEntityManagerFactoryBean] AbstractEntityManagerFactoryBean.java:416 - Initialized JPA EntityManagerFactory for persistence unit 'default'
2021-03-04 18:43:28,929 [main] INFO  [o.s.b.actuate.endpoint.web.EndpointLinksResolver] EndpointLinksResolver.java:58 - Exposing 13 endpoint(s) beneath base path '/mgm'
2021-03-04 18:43:29,712 [main] INFO  [o.s.security.web.DefaultSecurityFilterChain] DefaultSecurityFilterChain.java:43 - Creating filter chain: any request, [org.springframework.security.web.context.request.async.WebAsyncManagerIntegrationFilter@2b506a79, org.springframework.security.web.context.SecurityContextPersistenceFilter@4e614370, org.springframework.security.web.header.HeaderWriterFilter@716e6fa5, org.springframework.web.filter.CorsFilter@48b9773b, org.springframework.security.web.authentication.logout.LogoutFilter@1cca3e8c, com.japhy.bootstrap.web.infrastructure.filter.JwtTokenFilter@780129bc, org.springframework.security.web.savedrequest.RequestCacheAwareFilter@6da9541c, org.springframework.security.web.servletapi.SecurityContextHolderAwareRequestFilter@29394966, org.springframework.security.web.authentication.AnonymousAuthenticationFilter@43ca96a0, org.springframework.security.web.session.SessionManagementFilter@2fcffc05, org.springframework.security.web.access.ExceptionTranslationFilter@63636de0, org.springframework.security.web.access.intercept.FilterSecurityInterceptor@becb93a]
2021-03-04 18:43:31,102 [main] INFO  [o.s.d.r.c.DeferredRepositoryInitializationListener] DeferredRepositoryInitializationListener.java:49 - Triggering deferred initialization of Spring Data repositories…
2021-03-04 18:43:31,556 [main] INFO  [o.s.d.r.c.DeferredRepositoryInitializationListener] DeferredRepositoryInitializationListener.java:53 - Spring Data repositories initialized!
2021-03-04 18:43:31,573 [main] INFO  [c.j.b.w.a.e.subscriber.OrderUpdatedSubscriberTest] StartupInfoLogger.java:61 - Started OrderUpdatedSubscriberTest in 9.762 seconds (JVM running for 11.098)
2021-03-04 18:43:31,672 [main] INFO  [c.j.b.w.a.event.subscriber.OrderCreatedSubscriber] OrderCreatedSubscriber.java:20 - OrderCreatedEvent(order=Order(id=null, orderNo=no, userId=null, createTime=null, updateTime=null, operatorId=null, status=null)) received ========
2021-03-04 18:43:31,673 [main] INFO  [c.j.b.w.a.event.subscriber.OrderUpdatedSubscriber] OrderUpdatedSubscriber.java:26 - Threadmain
2021-03-04 18:43:32,009 [task-3] INFO  [c.j.bootstrap.web.infrastructure.job.OrderSumTask] OrderSumTask.java:23 - order si summing
2021-03-04 18:43:32,744 [SpringContextShutdownHook] INFO  [o.s.orm.jpa.LocalContainerEntityManagerFactoryBean] AbstractEntityManagerFactoryBean.java:598 - Closing JPA EntityManagerFactory for persistence unit 'default'
2021-03-04 18:43:32,745 [SpringContextShutdownHook] INFO  [o.h.t.s.i.SchemaDropperImpl$DelayedDropActionImpl] SchemaDropperImpl.java:526 - HHH000477: Starting delayed evictData of schema as part of SessionFactory shut-down'
2021-03-04 18:43:32,753 [SpringContextShutdownHook] INFO  [o.s.scheduling.concurrent.ThreadPoolTaskScheduler] ExecutorConfigurationSupport.java:218 - Shutting down ExecutorService 'taskScheduler'
2021-03-04 18:43:32,754 [SpringContextShutdownHook] INFO  [o.s.scheduling.concurrent.ThreadPoolTaskExecutor] ExecutorConfigurationSupport.java:218 - Shutting down ExecutorService 'applicationTaskExecutor'
2021-03-04 18:43:32,755 [SpringContextShutdownHook] INFO  [com.zaxxer.hikari.HikariDataSource] HikariDataSource.java:350 - HikariPool-1 - Shutdown initiated...
2021-03-04 18:43:32,759 [SpringContextShutdownHook] INFO  [com.zaxxer.hikari.HikariDataSource] HikariDataSource.java:352 - HikariPool-1 - Shutdown completed.
2021-03-04 18:45:04,371 [main] INFO  [c.j.b.w.a.e.subscriber.OrderUpdatedSubscriberTest] StartupInfoLogger.java:55 - Starting OrderUpdatedSubscriberTest on JaphydeMacBook-Pro.local with PID 41717 (started by japhy in /Users/japhy/Documents/code/bootstrap/web-base)
2021-03-04 18:45:04,374 [main] INFO  [c.j.b.w.a.e.subscriber.OrderUpdatedSubscriberTest] SpringApplication.java:651 - No active profile set, falling back to default profiles: default
2021-03-04 18:45:05,803 [main] INFO  [o.s.d.r.config.RepositoryConfigurationDelegate] RepositoryConfigurationDelegate.java:249 - Multiple Spring Data modules found, entering strict repository configuration mode!
2021-03-04 18:45:05,804 [main] INFO  [o.s.d.r.config.RepositoryConfigurationDelegate] RepositoryConfigurationDelegate.java:127 - Bootstrapping Spring Data JPA repositories in DEFERRED mode.
2021-03-04 18:45:05,980 [main] INFO  [o.s.d.r.config.RepositoryConfigurationDelegate] RepositoryConfigurationDelegate.java:187 - Finished Spring Data repository scanning in 169ms. Found 2 JPA repository interfaces.
2021-03-04 18:45:05,995 [main] INFO  [o.s.d.r.config.RepositoryConfigurationDelegate] RepositoryConfigurationDelegate.java:249 - Multiple Spring Data modules found, entering strict repository configuration mode!
2021-03-04 18:45:05,997 [main] INFO  [o.s.d.r.config.RepositoryConfigurationDelegate] RepositoryConfigurationDelegate.java:127 - Bootstrapping Spring Data Redis repositories in DEFAULT mode.
2021-03-04 18:45:06,022 [main] INFO  [o.s.d.r.c.RepositoryConfigurationExtensionSupport] RepositoryConfigurationExtensionSupport.java:348 - Spring Data Redis - Could not safely identify store assignment for repository candidate interface com.japhy.bootstrap.web.domain.order.repository.OrderRepository. If you want this repository to be a Redis repository, consider annotating your entities with one of these annotations: org.springframework.data.redis.core.RedisHash (preferred), or consider extending one of the following types with your repository: org.springframework.data.keyvalue.repository.KeyValueRepository.
2021-03-04 18:45:06,023 [main] INFO  [o.s.d.r.c.RepositoryConfigurationExtensionSupport] RepositoryConfigurationExtensionSupport.java:348 - Spring Data Redis - Could not safely identify store assignment for repository candidate interface com.japhy.bootstrap.web.domain.user.repository.UserRepository. If you want this repository to be a Redis repository, consider annotating your entities with one of these annotations: org.springframework.data.redis.core.RedisHash (preferred), or consider extending one of the following types with your repository: org.springframework.data.keyvalue.repository.KeyValueRepository.
2021-03-04 18:45:06,024 [main] INFO  [o.s.d.r.config.RepositoryConfigurationDelegate] RepositoryConfigurationDelegate.java:187 - Finished Spring Data repository scanning in 17ms. Found 0 Redis repository interfaces.
2021-03-04 18:45:06,858 [main] INFO  [o.s.c.s.PostProcessorRegistrationDelegate$BeanPostProcessorChecker] PostProcessorRegistrationDelegate.java:335 - Bean 'org.springframework.security.access.expression.method.DefaultMethodSecurityExpressionHandler@75bd28d' of type [org.springframework.security.access.expression.method.DefaultMethodSecurityExpressionHandler] is not eligible for getting processed by all BeanPostProcessors (for example: not eligible for auto-proxying)
2021-03-04 18:45:06,886 [main] INFO  [o.s.c.s.PostProcessorRegistrationDelegate$BeanPostProcessorChecker] PostProcessorRegistrationDelegate.java:335 - Bean 'methodSecurityMetadataSource' of type [org.springframework.security.access.method.DelegatingMethodSecurityMetadataSource] is not eligible for getting processed by all BeanPostProcessors (for example: not eligible for auto-proxying)
2021-03-04 18:45:07,020 [main] INFO  [com.zaxxer.hikari.HikariDataSource] HikariDataSource.java:110 - HikariPool-1 - Starting...
2021-03-04 18:45:07,267 [main] INFO  [com.zaxxer.hikari.HikariDataSource] HikariDataSource.java:123 - HikariPool-1 - Start completed.
2021-03-04 18:45:07,414 [main] INFO  [o.s.scheduling.concurrent.ThreadPoolTaskExecutor] ExecutorConfigurationSupport.java:181 - Initializing ExecutorService 'applicationTaskExecutor'
2021-03-04 18:45:07,446 [main] INFO  [o.s.scheduling.concurrent.ThreadPoolTaskScheduler] ExecutorConfigurationSupport.java:181 - Initializing ExecutorService 'taskScheduler'
2021-03-04 18:45:07,524 [task-1] INFO  [org.hibernate.jpa.internal.util.LogHelper] LogHelper.java:31 - HHH000204: Processing PersistenceUnitInfo [name: default]
2021-03-04 18:45:07,587 [task-1] INFO  [org.hibernate.Version] Version.java:44 - HHH000412: Hibernate ORM core version 5.4.17.Final
2021-03-04 18:45:07,670 [task-1] INFO  [org.hibernate.annotations.common.Version] JavaReflectionManager.java:49 - HCANN000001: Hibernate Commons Annotations {5.1.0.Final}
2021-03-04 18:45:07,821 [task-1] INFO  [org.hibernate.dialect.Dialect] Dialect.java:172 - HHH000400: Using dialect: org.hibernate.dialect.H2Dialect
2021-03-04 18:45:08,065 [main] WARN  [o.s.b.a.o.j.JpaBaseConfiguration$JpaWebConfiguration] JpaBaseConfiguration.java:220 - spring.jpa.open-in-view is enabled by default. Therefore, database queries may be performed during view rendering. Explicitly configure spring.jpa.open-in-view to disable this warning
2021-03-04 18:45:08,704 [task-1] INFO  [o.h.e.t.jta.platform.internal.JtaPlatformInitiator] JtaPlatformInitiator.java:52 - HHH000490: Using JtaPlatform implementation: [org.hibernate.engine.transaction.jta.platform.internal.NoJtaPlatform]
2021-03-04 18:45:08,713 [task-1] INFO  [o.s.orm.jpa.LocalContainerEntityManagerFactoryBean] AbstractEntityManagerFactoryBean.java:416 - Initialized JPA EntityManagerFactory for persistence unit 'default'
2021-03-04 18:45:09,730 [main] INFO  [o.s.b.actuate.endpoint.web.EndpointLinksResolver] EndpointLinksResolver.java:58 - Exposing 13 endpoint(s) beneath base path '/mgm'
2021-03-04 18:45:10,531 [main] INFO  [o.s.security.web.DefaultSecurityFilterChain] DefaultSecurityFilterChain.java:43 - Creating filter chain: any request, [org.springframework.security.web.context.request.async.WebAsyncManagerIntegrationFilter@1ca0aa40, org.springframework.security.web.context.SecurityContextPersistenceFilter@43fbc2bf, org.springframework.security.web.header.HeaderWriterFilter@350e3fb4, org.springframework.web.filter.CorsFilter@626766fd, org.springframework.security.web.authentication.logout.LogoutFilter@3494a35e, com.japhy.bootstrap.web.infrastructure.filter.JwtTokenFilter@3e39f08c, org.springframework.security.web.savedrequest.RequestCacheAwareFilter@5e2718b3, org.springframework.security.web.servletapi.SecurityContextHolderAwareRequestFilter@2f4545c6, org.springframework.security.web.authentication.AnonymousAuthenticationFilter@e1fd2bf, org.springframework.security.web.session.SessionManagementFilter@3ffa0f38, org.springframework.security.web.access.ExceptionTranslationFilter@6a299b9d, org.springframework.security.web.access.intercept.FilterSecurityInterceptor@aa794a3]
2021-03-04 18:45:11,960 [main] INFO  [o.s.d.r.c.DeferredRepositoryInitializationListener] DeferredRepositoryInitializationListener.java:49 - Triggering deferred initialization of Spring Data repositories…
2021-03-04 18:45:12,342 [main] INFO  [o.s.d.r.c.DeferredRepositoryInitializationListener] DeferredRepositoryInitializationListener.java:53 - Spring Data repositories initialized!
2021-03-04 18:45:12,362 [main] INFO  [c.j.b.w.a.e.subscriber.OrderUpdatedSubscriberTest] StartupInfoLogger.java:61 - Started OrderUpdatedSubscriberTest in 8.598 seconds (JVM running for 9.751)
2021-03-04 18:45:12,493 [main] INFO  [c.j.b.w.a.event.subscriber.OrderCreatedSubscriber] OrderCreatedSubscriber.java:20 - OrderCreatedEvent(order=Order(id=null, orderNo=no, userId=null, createTime=null, updateTime=null, operatorId=null, status=null)) received ========
2021-03-04 18:45:12,494 [main] INFO  [c.j.b.w.a.event.subscriber.OrderUpdatedSubscriber] OrderUpdatedSubscriber.java:26 - Thread---------main
2021-03-04 18:45:13,557 [SpringContextShutdownHook] INFO  [o.s.orm.jpa.LocalContainerEntityManagerFactoryBean] AbstractEntityManagerFactoryBean.java:598 - Closing JPA EntityManagerFactory for persistence unit 'default'
2021-03-04 18:45:13,557 [SpringContextShutdownHook] INFO  [o.h.t.s.i.SchemaDropperImpl$DelayedDropActionImpl] SchemaDropperImpl.java:526 - HHH000477: Starting delayed evictData of schema as part of SessionFactory shut-down'
2021-03-04 18:45:13,566 [SpringContextShutdownHook] INFO  [o.s.scheduling.concurrent.ThreadPoolTaskScheduler] ExecutorConfigurationSupport.java:218 - Shutting down ExecutorService 'taskScheduler'
2021-03-04 18:45:13,566 [SpringContextShutdownHook] INFO  [o.s.scheduling.concurrent.ThreadPoolTaskExecutor] ExecutorConfigurationSupport.java:218 - Shutting down ExecutorService 'applicationTaskExecutor'
2021-03-04 18:45:13,567 [SpringContextShutdownHook] INFO  [com.zaxxer.hikari.HikariDataSource] HikariDataSource.java:350 - HikariPool-1 - Shutdown initiated...
2021-03-04 18:45:13,571 [SpringContextShutdownHook] INFO  [com.zaxxer.hikari.HikariDataSource] HikariDataSource.java:352 - HikariPool-1 - Shutdown completed.
2021-03-04 18:45:33,081 [main] INFO  [c.j.b.w.a.e.subscriber.OrderUpdatedSubscriberTest] StartupInfoLogger.java:55 - Starting OrderUpdatedSubscriberTest on JaphydeMacBook-Pro.local with PID 41720 (started by japhy in /Users/japhy/Documents/code/bootstrap/web-base)
2021-03-04 18:45:33,083 [main] INFO  [c.j.b.w.a.e.subscriber.OrderUpdatedSubscriberTest] SpringApplication.java:651 - No active profile set, falling back to default profiles: default
2021-03-04 18:45:34,985 [main] INFO  [o.s.d.r.config.RepositoryConfigurationDelegate] RepositoryConfigurationDelegate.java:249 - Multiple Spring Data modules found, entering strict repository configuration mode!
2021-03-04 18:45:34,987 [main] INFO  [o.s.d.r.config.RepositoryConfigurationDelegate] RepositoryConfigurationDelegate.java:127 - Bootstrapping Spring Data JPA repositories in DEFERRED mode.
2021-03-04 18:45:35,274 [main] INFO  [o.s.d.r.config.RepositoryConfigurationDelegate] RepositoryConfigurationDelegate.java:187 - Finished Spring Data repository scanning in 277ms. Found 2 JPA repository interfaces.
2021-03-04 18:45:35,292 [main] INFO  [o.s.d.r.config.RepositoryConfigurationDelegate] RepositoryConfigurationDelegate.java:249 - Multiple Spring Data modules found, entering strict repository configuration mode!
2021-03-04 18:45:35,294 [main] INFO  [o.s.d.r.config.RepositoryConfigurationDelegate] RepositoryConfigurationDelegate.java:127 - Bootstrapping Spring Data Redis repositories in DEFAULT mode.
2021-03-04 18:45:35,321 [main] INFO  [o.s.d.r.c.RepositoryConfigurationExtensionSupport] RepositoryConfigurationExtensionSupport.java:348 - Spring Data Redis - Could not safely identify store assignment for repository candidate interface com.japhy.bootstrap.web.domain.order.repository.OrderRepository. If you want this repository to be a Redis repository, consider annotating your entities with one of these annotations: org.springframework.data.redis.core.RedisHash (preferred), or consider extending one of the following types with your repository: org.springframework.data.keyvalue.repository.KeyValueRepository.
2021-03-04 18:45:35,322 [main] INFO  [o.s.d.r.c.RepositoryConfigurationExtensionSupport] RepositoryConfigurationExtensionSupport.java:348 - Spring Data Redis - Could not safely identify store assignment for repository candidate interface com.japhy.bootstrap.web.domain.user.repository.UserRepository. If you want this repository to be a Redis repository, consider annotating your entities with one of these annotations: org.springframework.data.redis.core.RedisHash (preferred), or consider extending one of the following types with your repository: org.springframework.data.keyvalue.repository.KeyValueRepository.
2021-03-04 18:45:35,322 [main] INFO  [o.s.d.r.config.RepositoryConfigurationDelegate] RepositoryConfigurationDelegate.java:187 - Finished Spring Data repository scanning in 17ms. Found 0 Redis repository interfaces.
2021-03-04 18:45:36,480 [main] INFO  [o.s.c.s.PostProcessorRegistrationDelegate$BeanPostProcessorChecker] PostProcessorRegistrationDelegate.java:335 - Bean 'org.springframework.security.access.expression.method.DefaultMethodSecurityExpressionHandler@77d95e5a' of type [org.springframework.security.access.expression.method.DefaultMethodSecurityExpressionHandler] is not eligible for getting processed by all BeanPostProcessors (for example: not eligible for auto-proxying)
2021-03-04 18:45:36,522 [main] INFO  [o.s.c.s.PostProcessorRegistrationDelegate$BeanPostProcessorChecker] PostProcessorRegistrationDelegate.java:335 - Bean 'methodSecurityMetadataSource' of type [org.springframework.security.access.method.DelegatingMethodSecurityMetadataSource] is not eligible for getting processed by all BeanPostProcessors (for example: not eligible for auto-proxying)
2021-03-04 18:45:36,666 [main] INFO  [com.zaxxer.hikari.HikariDataSource] HikariDataSource.java:110 - HikariPool-1 - Starting...
2021-03-04 18:45:36,910 [main] INFO  [com.zaxxer.hikari.HikariDataSource] HikariDataSource.java:123 - HikariPool-1 - Start completed.
2021-03-04 18:45:37,094 [main] INFO  [o.s.scheduling.concurrent.ThreadPoolTaskExecutor] ExecutorConfigurationSupport.java:181 - Initializing ExecutorService 'applicationTaskExecutor'
2021-03-04 18:45:37,155 [main] INFO  [o.s.scheduling.concurrent.ThreadPoolTaskScheduler] ExecutorConfigurationSupport.java:181 - Initializing ExecutorService 'taskScheduler'
2021-03-04 18:45:37,244 [task-1] INFO  [org.hibernate.jpa.internal.util.LogHelper] LogHelper.java:31 - HHH000204: Processing PersistenceUnitInfo [name: default]
2021-03-04 18:45:37,326 [task-1] INFO  [org.hibernate.Version] Version.java:44 - HHH000412: Hibernate ORM core version 5.4.17.Final
2021-03-04 18:45:37,438 [task-1] INFO  [org.hibernate.annotations.common.Version] JavaReflectionManager.java:49 - HCANN000001: Hibernate Commons Annotations {5.1.0.Final}
2021-03-04 18:45:37,644 [task-1] INFO  [org.hibernate.dialect.Dialect] Dialect.java:172 - HHH000400: Using dialect: org.hibernate.dialect.H2Dialect
2021-03-04 18:45:37,962 [main] WARN  [o.s.b.a.o.j.JpaBaseConfiguration$JpaWebConfiguration] JpaBaseConfiguration.java:220 - spring.jpa.open-in-view is enabled by default. Therefore, database queries may be performed during view rendering. Explicitly configure spring.jpa.open-in-view to disable this warning
2021-03-04 18:45:38,899 [task-1] INFO  [o.h.e.t.jta.platform.internal.JtaPlatformInitiator] JtaPlatformInitiator.java:52 - HHH000490: Using JtaPlatform implementation: [org.hibernate.engine.transaction.jta.platform.internal.NoJtaPlatform]
2021-03-04 18:45:38,913 [task-1] INFO  [o.s.orm.jpa.LocalContainerEntityManagerFactoryBean] AbstractEntityManagerFactoryBean.java:416 - Initialized JPA EntityManagerFactory for persistence unit 'default'
2021-03-04 18:45:40,367 [main] INFO  [o.s.b.actuate.endpoint.web.EndpointLinksResolver] EndpointLinksResolver.java:58 - Exposing 13 endpoint(s) beneath base path '/mgm'
2021-03-04 18:45:41,348 [main] INFO  [o.s.security.web.DefaultSecurityFilterChain] DefaultSecurityFilterChain.java:43 - Creating filter chain: any request, [org.springframework.security.web.context.request.async.WebAsyncManagerIntegrationFilter@4b02dc4e, org.springframework.security.web.context.SecurityContextPersistenceFilter@3c3357c7, org.springframework.security.web.header.HeaderWriterFilter@13563e64, org.springframework.web.filter.CorsFilter@b67b359, org.springframework.security.web.authentication.logout.LogoutFilter@495a9305, com.japhy.bootstrap.web.infrastructure.filter.JwtTokenFilter@b6b746b, org.springframework.security.web.savedrequest.RequestCacheAwareFilter@506d7fed, org.springframework.security.web.servletapi.SecurityContextHolderAwareRequestFilter@259f0fdb, org.springframework.security.web.authentication.AnonymousAuthenticationFilter@98c4a8b, org.springframework.security.web.session.SessionManagementFilter@74eae1e0, org.springframework.security.web.access.ExceptionTranslationFilter@381c826c, org.springframework.security.web.access.intercept.FilterSecurityInterceptor@76a86677]
2021-03-04 18:45:43,296 [main] INFO  [o.s.d.r.c.DeferredRepositoryInitializationListener] DeferredRepositoryInitializationListener.java:49 - Triggering deferred initialization of Spring Data repositories…
2021-03-04 18:45:43,791 [main] INFO  [o.s.d.r.c.DeferredRepositoryInitializationListener] DeferredRepositoryInitializationListener.java:53 - Spring Data repositories initialized!
2021-03-04 18:45:43,810 [main] INFO  [c.j.b.w.a.e.subscriber.OrderUpdatedSubscriberTest] StartupInfoLogger.java:61 - Started OrderUpdatedSubscriberTest in 11.313 seconds (JVM running for 13.065)
2021-03-04 18:45:43,956 [main] INFO  [c.j.b.w.a.event.subscriber.OrderCreatedSubscriber] OrderCreatedSubscriber.java:20 - OrderCreatedEvent(order=Order(id=null, orderNo=no, userId=null, createTime=null, updateTime=null, operatorId=null, status=null)) received ========
2021-03-04 18:46:00,601 [main] INFO  [c.j.b.w.a.event.subscriber.OrderUpdatedSubscriber] OrderUpdatedSubscriber.java:26 - Thread---------main
2021-03-04 18:46:01,209 [task-3] INFO  [c.j.bootstrap.web.infrastructure.job.OrderSumTask] OrderSumTask.java:23 - order si summing
2021-03-04 18:46:02,001 [task-4] INFO  [c.j.bootstrap.web.infrastructure.job.OrderSumTask] OrderSumTask.java:23 - order si summing
2021-03-04 18:46:05,130 [task-5] INFO  [c.j.bootstrap.web.infrastructure.job.OrderSumTask] OrderSumTask.java:23 - order si summing
2021-03-04 18:46:22,631 [task-6] INFO  [c.j.bootstrap.web.infrastructure.job.OrderSumTask] OrderSumTask.java:23 - order si summing
2021-03-04 18:46:28,840 [task-7] INFO  [c.j.bootstrap.web.infrastructure.job.OrderSumTask] OrderSumTask.java:23 - order si summing
2021-03-04 18:46:30,779 [task-8] INFO  [c.j.bootstrap.web.infrastructure.job.OrderSumTask] OrderSumTask.java:23 - order si summing
2021-03-04 18:46:34,413 [task-1] INFO  [c.j.bootstrap.web.infrastructure.job.OrderSumTask] OrderSumTask.java:23 - order si summing
2021-03-04 18:46:36,164 [task-1] INFO  [c.j.bootstrap.web.infrastructure.job.OrderSumTask] OrderSumTask.java:23 - order si summing
2021-03-04 18:46:39,150 [task-2] INFO  [c.j.bootstrap.web.infrastructure.job.OrderSumTask] OrderSumTask.java:23 - order si summing
2021-03-04 18:46:41,387 [task-4] INFO  [c.j.bootstrap.web.infrastructure.job.OrderSumTask] OrderSumTask.java:23 - order si summing
2021-03-04 18:46:45,150 [task-5] INFO  [c.j.bootstrap.web.infrastructure.job.OrderSumTask] OrderSumTask.java:23 - order si summing
2021-03-04 18:46:47,219 [task-6] INFO  [c.j.bootstrap.web.infrastructure.job.OrderSumTask] OrderSumTask.java:23 - order si summing
2021-03-04 18:47:08,477 [HikariPool-1 housekeeper] WARN  [com.zaxxer.hikari.pool.HikariPool] HikariPool.java:787 - HikariPool-1 - Thread starvation or clock leap detected (housekeeper delta=49s451ms).
2021-03-04 18:47:09,143 [task-9] INFO  [c.j.bootstrap.web.infrastructure.job.OrderSumTask] OrderSumTask.java:23 - order si summing
2021-03-04 18:47:10,155 [task-7] INFO  [c.j.bootstrap.web.infrastructure.job.OrderSumTask] OrderSumTask.java:23 - order si summing
2021-03-04 18:47:12,131 [task-8] INFO  [c.j.bootstrap.web.infrastructure.job.OrderSumTask] OrderSumTask.java:23 - order si summing
2021-03-04 18:47:15,323 [task-1] INFO  [c.j.bootstrap.web.infrastructure.job.OrderSumTask] OrderSumTask.java:23 - order si summing
2021-03-04 18:47:15,438 [SpringContextShutdownHook] INFO  [o.s.orm.jpa.LocalContainerEntityManagerFactoryBean] AbstractEntityManagerFactoryBean.java:598 - Closing JPA EntityManagerFactory for persistence unit 'default'
2021-03-04 18:47:15,440 [SpringContextShutdownHook] INFO  [o.h.t.s.i.SchemaDropperImpl$DelayedDropActionImpl] SchemaDropperImpl.java:526 - HHH000477: Starting delayed evictData of schema as part of SessionFactory shut-down'
2021-03-04 18:47:15,457 [SpringContextShutdownHook] INFO  [o.s.scheduling.concurrent.ThreadPoolTaskScheduler] ExecutorConfigurationSupport.java:218 - Shutting down ExecutorService 'taskScheduler'
2021-03-04 18:47:15,458 [SpringContextShutdownHook] INFO  [o.s.scheduling.concurrent.ThreadPoolTaskExecutor] ExecutorConfigurationSupport.java:218 - Shutting down ExecutorService 'applicationTaskExecutor'
2021-03-04 18:47:15,461 [SpringContextShutdownHook] INFO  [com.zaxxer.hikari.HikariDataSource] HikariDataSource.java:350 - HikariPool-1 - Shutdown initiated...
2021-03-04 18:47:15,467 [SpringContextShutdownHook] INFO  [com.zaxxer.hikari.HikariDataSource] HikariDataSource.java:352 - HikariPool-1 - Shutdown completed.
