2021-03-09 10:04:20,330 [main] INFO  [c.japhy.bootstrap.web.interfaces.http.OrderApiTest] StartupInfoLogger.java:55 - Starting OrderApiTest on JaphydeMacBook-Pro.local with PID 4102 (started by japhy in /Users/japhy/Documents/code/bootstrap/web-base)
2021-03-09 10:04:20,333 [main] INFO  [c.japhy.bootstrap.web.interfaces.http.OrderApiTest] SpringApplication.java:651 - No active profile set, falling back to default profiles: default
2021-03-09 10:04:22,239 [main] INFO  [o.s.d.r.config.RepositoryConfigurationDelegate] RepositoryConfigurationDelegate.java:249 - Multiple Spring Data modules found, entering strict repository configuration mode!
2021-03-09 10:04:22,241 [main] INFO  [o.s.d.r.config.RepositoryConfigurationDelegate] RepositoryConfigurationDelegate.java:127 - Bootstrapping Spring Data JPA repositories in DEFERRED mode.
2021-03-09 10:04:22,519 [main] INFO  [o.s.d.r.config.RepositoryConfigurationDelegate] RepositoryConfigurationDelegate.java:187 - Finished Spring Data repository scanning in 265ms. Found 2 JPA repository interfaces.
2021-03-09 10:04:22,540 [main] INFO  [o.s.d.r.config.RepositoryConfigurationDelegate] RepositoryConfigurationDelegate.java:249 - Multiple Spring Data modules found, entering strict repository configuration mode!
2021-03-09 10:04:22,542 [main] INFO  [o.s.d.r.config.RepositoryConfigurationDelegate] RepositoryConfigurationDelegate.java:127 - Bootstrapping Spring Data Redis repositories in DEFAULT mode.
2021-03-09 10:04:22,584 [main] INFO  [o.s.d.r.c.RepositoryConfigurationExtensionSupport] RepositoryConfigurationExtensionSupport.java:348 - Spring Data Redis - Could not safely identify store assignment for repository candidate interface com.japhy.bootstrap.web.domain.order.repository.OrderRepository. If you want this repository to be a Redis repository, consider annotating your entities with one of these annotations: org.springframework.data.redis.core.RedisHash (preferred), or consider extending one of the following types with your repository: org.springframework.data.keyvalue.repository.KeyValueRepository.
2021-03-09 10:04:22,585 [main] INFO  [o.s.d.r.c.RepositoryConfigurationExtensionSupport] RepositoryConfigurationExtensionSupport.java:348 - Spring Data Redis - Could not safely identify store assignment for repository candidate interface com.japhy.bootstrap.web.domain.user.repository.UserRepository. If you want this repository to be a Redis repository, consider annotating your entities with one of these annotations: org.springframework.data.redis.core.RedisHash (preferred), or consider extending one of the following types with your repository: org.springframework.data.keyvalue.repository.KeyValueRepository.
2021-03-09 10:04:22,586 [main] INFO  [o.s.d.r.config.RepositoryConfigurationDelegate] RepositoryConfigurationDelegate.java:187 - Finished Spring Data repository scanning in 14ms. Found 0 Redis repository interfaces.
2021-03-09 10:04:24,079 [main] INFO  [o.s.c.s.PostProcessorRegistrationDelegate$BeanPostProcessorChecker] PostProcessorRegistrationDelegate.java:335 - Bean 'org.springframework.security.access.expression.method.DefaultMethodSecurityExpressionHandler@2a2b7a35' of type [org.springframework.security.access.expression.method.DefaultMethodSecurityExpressionHandler] is not eligible for getting processed by all BeanPostProcessors (for example: not eligible for auto-proxying)
2021-03-09 10:04:24,106 [main] INFO  [o.s.c.s.PostProcessorRegistrationDelegate$BeanPostProcessorChecker] PostProcessorRegistrationDelegate.java:335 - Bean 'methodSecurityMetadataSource' of type [org.springframework.security.access.method.DelegatingMethodSecurityMetadataSource] is not eligible for getting processed by all BeanPostProcessors (for example: not eligible for auto-proxying)
2021-03-09 10:04:24,257 [main] INFO  [com.zaxxer.hikari.HikariDataSource] HikariDataSource.java:110 - HikariPool-1 - Starting...
2021-03-09 10:04:24,527 [main] INFO  [com.zaxxer.hikari.HikariDataSource] HikariDataSource.java:123 - HikariPool-1 - Start completed.
2021-03-09 10:04:24,731 [main] INFO  [o.s.scheduling.concurrent.ThreadPoolTaskExecutor] ExecutorConfigurationSupport.java:181 - Initializing ExecutorService 'applicationTaskExecutor'
2021-03-09 10:04:24,764 [main] INFO  [o.s.scheduling.concurrent.ThreadPoolTaskScheduler] ExecutorConfigurationSupport.java:181 - Initializing ExecutorService 'taskScheduler'
2021-03-09 10:04:24,856 [task-1] INFO  [org.hibernate.jpa.internal.util.LogHelper] LogHelper.java:31 - HHH000204: Processing PersistenceUnitInfo [name: default]
2021-03-09 10:04:24,945 [task-1] INFO  [org.hibernate.Version] Version.java:44 - HHH000412: Hibernate ORM core version 5.4.17.Final
2021-03-09 10:04:24,991 [main] WARN  [o.s.b.a.o.j.JpaBaseConfiguration$JpaWebConfiguration] JpaBaseConfiguration.java:220 - spring.jpa.open-in-view is enabled by default. Therefore, database queries may be performed during view rendering. Explicitly configure spring.jpa.open-in-view to disable this warning
2021-03-09 10:04:25,008 [task-1] INFO  [org.hibernate.annotations.common.Version] JavaReflectionManager.java:49 - HCANN000001: Hibernate Commons Annotations {5.1.0.Final}
2021-03-09 10:04:25,212 [task-1] INFO  [org.hibernate.dialect.Dialect] Dialect.java:172 - HHH000400: Using dialect: org.hibernate.dialect.H2Dialect
2021-03-09 10:04:26,099 [task-1] INFO  [o.h.e.t.jta.platform.internal.JtaPlatformInitiator] JtaPlatformInitiator.java:52 - HHH000490: Using JtaPlatform implementation: [org.hibernate.engine.transaction.jta.platform.internal.NoJtaPlatform]
2021-03-09 10:04:26,110 [task-1] INFO  [o.s.orm.jpa.LocalContainerEntityManagerFactoryBean] AbstractEntityManagerFactoryBean.java:416 - Initialized JPA EntityManagerFactory for persistence unit 'default'
2021-03-09 10:04:26,899 [main] INFO  [o.s.b.actuate.endpoint.web.EndpointLinksResolver] EndpointLinksResolver.java:58 - Exposing 13 endpoint(s) beneath base path '/mgm'
2021-03-09 10:04:27,703 [main] INFO  [o.s.security.web.DefaultSecurityFilterChain] DefaultSecurityFilterChain.java:43 - Creating filter chain: any request, [org.springframework.security.web.context.request.async.WebAsyncManagerIntegrationFilter@3945886e, org.springframework.security.web.context.SecurityContextPersistenceFilter@259aec72, org.springframework.security.web.header.HeaderWriterFilter@6fe243a, org.springframework.web.filter.CorsFilter@12765ebd, org.springframework.security.web.authentication.logout.LogoutFilter@63b0b3dd, com.japhy.bootstrap.web.infrastructure.filter.JwtTokenFilter@4e7eba9f, org.springframework.security.web.savedrequest.RequestCacheAwareFilter@26be0d23, org.springframework.security.web.servletapi.SecurityContextHolderAwareRequestFilter@59aa2fba, org.springframework.security.web.authentication.AnonymousAuthenticationFilter@1dac0784, org.springframework.security.web.session.SessionManagementFilter@6e7fa4b0, org.springframework.security.web.access.ExceptionTranslationFilter@183a508b, org.springframework.security.web.access.intercept.FilterSecurityInterceptor@5870fc05]
2021-03-09 10:04:28,708 [main] INFO  [o.s.b.test.mock.web.SpringBootMockServletContext] MockServletContext.java:455 - Initializing Spring TestDispatcherServlet ''
2021-03-09 10:04:28,709 [main] INFO  [o.s.test.web.servlet.TestDispatcherServlet] FrameworkServlet.java:525 - Initializing Servlet ''
2021-03-09 10:04:28,729 [main] INFO  [o.s.test.web.servlet.TestDispatcherServlet] FrameworkServlet.java:547 - Completed initialization in 20 ms
2021-03-09 10:04:29,214 [main] INFO  [o.s.d.r.c.DeferredRepositoryInitializationListener] DeferredRepositoryInitializationListener.java:49 - Triggering deferred initialization of Spring Data repositories…
2021-03-09 10:04:29,682 [main] INFO  [o.s.d.r.c.DeferredRepositoryInitializationListener] DeferredRepositoryInitializationListener.java:53 - Spring Data repositories initialized!
2021-03-09 10:04:29,703 [main] INFO  [c.japhy.bootstrap.web.interfaces.http.OrderApiTest] StartupInfoLogger.java:61 - Started OrderApiTest in 10.125 seconds (JVM running for 11.589)
2021-03-09 10:04:29,923 [SpringContextShutdownHook] INFO  [o.s.orm.jpa.LocalContainerEntityManagerFactoryBean] AbstractEntityManagerFactoryBean.java:598 - Closing JPA EntityManagerFactory for persistence unit 'default'
2021-03-09 10:04:29,924 [SpringContextShutdownHook] INFO  [o.h.t.s.i.SchemaDropperImpl$DelayedDropActionImpl] SchemaDropperImpl.java:526 - HHH000477: Starting delayed evictData of schema as part of SessionFactory shut-down'
2021-03-09 10:04:29,932 [SpringContextShutdownHook] INFO  [o.s.scheduling.concurrent.ThreadPoolTaskScheduler] ExecutorConfigurationSupport.java:218 - Shutting down ExecutorService 'taskScheduler'
2021-03-09 10:04:29,932 [SpringContextShutdownHook] INFO  [o.s.scheduling.concurrent.ThreadPoolTaskExecutor] ExecutorConfigurationSupport.java:218 - Shutting down ExecutorService 'applicationTaskExecutor'
2021-03-09 10:04:29,933 [SpringContextShutdownHook] INFO  [com.zaxxer.hikari.HikariDataSource] HikariDataSource.java:350 - HikariPool-1 - Shutdown initiated...
2021-03-09 10:04:29,936 [SpringContextShutdownHook] INFO  [com.zaxxer.hikari.HikariDataSource] HikariDataSource.java:352 - HikariPool-1 - Shutdown completed.
2021-03-09 10:04:42,718 [main] INFO  [c.japhy.bootstrap.web.interfaces.http.OrderApiTest] StartupInfoLogger.java:55 - Starting OrderApiTest on JaphydeMacBook-Pro.local with PID 4115 (started by japhy in /Users/japhy/Documents/code/bootstrap/web-base)
2021-03-09 10:04:42,721 [main] INFO  [c.japhy.bootstrap.web.interfaces.http.OrderApiTest] SpringApplication.java:651 - No active profile set, falling back to default profiles: default
2021-03-09 10:04:44,637 [main] INFO  [o.s.d.r.config.RepositoryConfigurationDelegate] RepositoryConfigurationDelegate.java:249 - Multiple Spring Data modules found, entering strict repository configuration mode!
2021-03-09 10:04:44,640 [main] INFO  [o.s.d.r.config.RepositoryConfigurationDelegate] RepositoryConfigurationDelegate.java:127 - Bootstrapping Spring Data JPA repositories in DEFERRED mode.
2021-03-09 10:04:44,839 [main] INFO  [o.s.d.r.config.RepositoryConfigurationDelegate] RepositoryConfigurationDelegate.java:187 - Finished Spring Data repository scanning in 188ms. Found 2 JPA repository interfaces.
2021-03-09 10:04:44,860 [main] INFO  [o.s.d.r.config.RepositoryConfigurationDelegate] RepositoryConfigurationDelegate.java:249 - Multiple Spring Data modules found, entering strict repository configuration mode!
2021-03-09 10:04:44,861 [main] INFO  [o.s.d.r.config.RepositoryConfigurationDelegate] RepositoryConfigurationDelegate.java:127 - Bootstrapping Spring Data Redis repositories in DEFAULT mode.
2021-03-09 10:04:44,883 [main] INFO  [o.s.d.r.c.RepositoryConfigurationExtensionSupport] RepositoryConfigurationExtensionSupport.java:348 - Spring Data Redis - Could not safely identify store assignment for repository candidate interface com.japhy.bootstrap.web.domain.order.repository.OrderRepository. If you want this repository to be a Redis repository, consider annotating your entities with one of these annotations: org.springframework.data.redis.core.RedisHash (preferred), or consider extending one of the following types with your repository: org.springframework.data.keyvalue.repository.KeyValueRepository.
2021-03-09 10:04:44,884 [main] INFO  [o.s.d.r.c.RepositoryConfigurationExtensionSupport] RepositoryConfigurationExtensionSupport.java:348 - Spring Data Redis - Could not safely identify store assignment for repository candidate interface com.japhy.bootstrap.web.domain.user.repository.UserRepository. If you want this repository to be a Redis repository, consider annotating your entities with one of these annotations: org.springframework.data.redis.core.RedisHash (preferred), or consider extending one of the following types with your repository: org.springframework.data.keyvalue.repository.KeyValueRepository.
2021-03-09 10:04:44,885 [main] INFO  [o.s.d.r.config.RepositoryConfigurationDelegate] RepositoryConfigurationDelegate.java:187 - Finished Spring Data repository scanning in 13ms. Found 0 Redis repository interfaces.
2021-03-09 10:04:46,126 [main] INFO  [o.s.c.s.PostProcessorRegistrationDelegate$BeanPostProcessorChecker] PostProcessorRegistrationDelegate.java:335 - Bean 'org.springframework.security.access.expression.method.DefaultMethodSecurityExpressionHandler@58186f9f' of type [org.springframework.security.access.expression.method.DefaultMethodSecurityExpressionHandler] is not eligible for getting processed by all BeanPostProcessors (for example: not eligible for auto-proxying)
2021-03-09 10:04:46,157 [main] INFO  [o.s.c.s.PostProcessorRegistrationDelegate$BeanPostProcessorChecker] PostProcessorRegistrationDelegate.java:335 - Bean 'methodSecurityMetadataSource' of type [org.springframework.security.access.method.DelegatingMethodSecurityMetadataSource] is not eligible for getting processed by all BeanPostProcessors (for example: not eligible for auto-proxying)
2021-03-09 10:04:46,342 [main] INFO  [com.zaxxer.hikari.HikariDataSource] HikariDataSource.java:110 - HikariPool-1 - Starting...
2021-03-09 10:04:46,588 [main] INFO  [com.zaxxer.hikari.HikariDataSource] HikariDataSource.java:123 - HikariPool-1 - Start completed.
2021-03-09 10:04:46,791 [main] INFO  [o.s.scheduling.concurrent.ThreadPoolTaskExecutor] ExecutorConfigurationSupport.java:181 - Initializing ExecutorService 'applicationTaskExecutor'
2021-03-09 10:04:46,830 [main] INFO  [o.s.scheduling.concurrent.ThreadPoolTaskScheduler] ExecutorConfigurationSupport.java:181 - Initializing ExecutorService 'taskScheduler'
2021-03-09 10:04:46,916 [task-1] INFO  [org.hibernate.jpa.internal.util.LogHelper] LogHelper.java:31 - HHH000204: Processing PersistenceUnitInfo [name: default]
2021-03-09 10:04:46,985 [task-1] INFO  [org.hibernate.Version] Version.java:44 - HHH000412: Hibernate ORM core version 5.4.17.Final
2021-03-09 10:04:47,050 [task-1] INFO  [org.hibernate.annotations.common.Version] JavaReflectionManager.java:49 - HCANN000001: Hibernate Commons Annotations {5.1.0.Final}
2021-03-09 10:04:47,051 [main] WARN  [o.s.b.a.o.j.JpaBaseConfiguration$JpaWebConfiguration] JpaBaseConfiguration.java:220 - spring.jpa.open-in-view is enabled by default. Therefore, database queries may be performed during view rendering. Explicitly configure spring.jpa.open-in-view to disable this warning
2021-03-09 10:04:47,216 [task-1] INFO  [org.hibernate.dialect.Dialect] Dialect.java:172 - HHH000400: Using dialect: org.hibernate.dialect.H2Dialect
2021-03-09 10:04:48,066 [task-1] INFO  [o.h.e.t.jta.platform.internal.JtaPlatformInitiator] JtaPlatformInitiator.java:52 - HHH000490: Using JtaPlatform implementation: [org.hibernate.engine.transaction.jta.platform.internal.NoJtaPlatform]
2021-03-09 10:04:48,076 [task-1] INFO  [o.s.orm.jpa.LocalContainerEntityManagerFactoryBean] AbstractEntityManagerFactoryBean.java:416 - Initialized JPA EntityManagerFactory for persistence unit 'default'
2021-03-09 10:04:48,969 [main] INFO  [o.s.b.actuate.endpoint.web.EndpointLinksResolver] EndpointLinksResolver.java:58 - Exposing 13 endpoint(s) beneath base path '/mgm'
2021-03-09 10:04:49,901 [main] INFO  [o.s.security.web.DefaultSecurityFilterChain] DefaultSecurityFilterChain.java:43 - Creating filter chain: any request, [org.springframework.security.web.context.request.async.WebAsyncManagerIntegrationFilter@6d0a4a22, org.springframework.security.web.context.SecurityContextPersistenceFilter@26be0d23, org.springframework.security.web.header.HeaderWriterFilter@63ad5fe7, org.springframework.web.filter.CorsFilter@1999e1f5, org.springframework.security.web.authentication.logout.LogoutFilter@783f5f71, com.japhy.bootstrap.web.infrastructure.filter.JwtTokenFilter@2df71be0, org.springframework.security.web.savedrequest.RequestCacheAwareFilter@2560a7be, org.springframework.security.web.servletapi.SecurityContextHolderAwareRequestFilter@77f04d1a, org.springframework.security.web.authentication.AnonymousAuthenticationFilter@b1fa523, org.springframework.security.web.session.SessionManagementFilter@3e89f5bc, org.springframework.security.web.access.ExceptionTranslationFilter@14293540, org.springframework.security.web.access.intercept.FilterSecurityInterceptor@da67c46]
2021-03-09 10:04:51,002 [main] INFO  [o.s.b.test.mock.web.SpringBootMockServletContext] MockServletContext.java:455 - Initializing Spring TestDispatcherServlet ''
2021-03-09 10:04:51,003 [main] INFO  [o.s.test.web.servlet.TestDispatcherServlet] FrameworkServlet.java:525 - Initializing Servlet ''
2021-03-09 10:04:51,026 [main] INFO  [o.s.test.web.servlet.TestDispatcherServlet] FrameworkServlet.java:547 - Completed initialization in 23 ms
2021-03-09 10:04:51,527 [main] INFO  [o.s.d.r.c.DeferredRepositoryInitializationListener] DeferredRepositoryInitializationListener.java:49 - Triggering deferred initialization of Spring Data repositories…
2021-03-09 10:04:51,959 [main] INFO  [o.s.d.r.c.DeferredRepositoryInitializationListener] DeferredRepositoryInitializationListener.java:53 - Spring Data repositories initialized!
2021-03-09 10:04:51,981 [main] INFO  [c.japhy.bootstrap.web.interfaces.http.OrderApiTest] StartupInfoLogger.java:61 - Started OrderApiTest in 9.779 seconds (JVM running for 10.959)
2021-03-09 10:04:52,010 [task-3] INFO  [c.j.bootstrap.web.infrastructure.job.OrderSumTask] OrderSumTask.java:23 - order si summing
2021-03-09 10:04:52,234 [SpringContextShutdownHook] INFO  [o.s.orm.jpa.LocalContainerEntityManagerFactoryBean] AbstractEntityManagerFactoryBean.java:598 - Closing JPA EntityManagerFactory for persistence unit 'default'
2021-03-09 10:04:52,234 [SpringContextShutdownHook] INFO  [o.h.t.s.i.SchemaDropperImpl$DelayedDropActionImpl] SchemaDropperImpl.java:526 - HHH000477: Starting delayed evictData of schema as part of SessionFactory shut-down'
2021-03-09 10:04:52,243 [SpringContextShutdownHook] INFO  [o.s.scheduling.concurrent.ThreadPoolTaskScheduler] ExecutorConfigurationSupport.java:218 - Shutting down ExecutorService 'taskScheduler'
2021-03-09 10:04:52,243 [SpringContextShutdownHook] INFO  [o.s.scheduling.concurrent.ThreadPoolTaskExecutor] ExecutorConfigurationSupport.java:218 - Shutting down ExecutorService 'applicationTaskExecutor'
2021-03-09 10:04:52,244 [SpringContextShutdownHook] INFO  [com.zaxxer.hikari.HikariDataSource] HikariDataSource.java:350 - HikariPool-1 - Shutdown initiated...
2021-03-09 10:04:52,248 [SpringContextShutdownHook] INFO  [com.zaxxer.hikari.HikariDataSource] HikariDataSource.java:352 - HikariPool-1 - Shutdown completed.
2021-03-09 10:06:39,753 [main] INFO  [c.japhy.bootstrap.web.interfaces.http.OrderApiTest] StartupInfoLogger.java:55 - Starting OrderApiTest on JaphydeMacBook-Pro.local with PID 4215 (started by japhy in /Users/japhy/Documents/code/bootstrap/web-base)
2021-03-09 10:06:39,758 [main] INFO  [c.japhy.bootstrap.web.interfaces.http.OrderApiTest] SpringApplication.java:651 - No active profile set, falling back to default profiles: default
2021-03-09 10:06:41,666 [main] INFO  [o.s.d.r.config.RepositoryConfigurationDelegate] RepositoryConfigurationDelegate.java:249 - Multiple Spring Data modules found, entering strict repository configuration mode!
2021-03-09 10:06:41,668 [main] INFO  [o.s.d.r.config.RepositoryConfigurationDelegate] RepositoryConfigurationDelegate.java:127 - Bootstrapping Spring Data JPA repositories in DEFERRED mode.
2021-03-09 10:06:41,872 [main] INFO  [o.s.d.r.config.RepositoryConfigurationDelegate] RepositoryConfigurationDelegate.java:187 - Finished Spring Data repository scanning in 195ms. Found 2 JPA repository interfaces.
2021-03-09 10:06:41,898 [main] INFO  [o.s.d.r.config.RepositoryConfigurationDelegate] RepositoryConfigurationDelegate.java:249 - Multiple Spring Data modules found, entering strict repository configuration mode!
2021-03-09 10:06:41,900 [main] INFO  [o.s.d.r.config.RepositoryConfigurationDelegate] RepositoryConfigurationDelegate.java:127 - Bootstrapping Spring Data Redis repositories in DEFAULT mode.
2021-03-09 10:06:41,931 [main] INFO  [o.s.d.r.c.RepositoryConfigurationExtensionSupport] RepositoryConfigurationExtensionSupport.java:348 - Spring Data Redis - Could not safely identify store assignment for repository candidate interface com.japhy.bootstrap.web.domain.order.repository.OrderRepository. If you want this repository to be a Redis repository, consider annotating your entities with one of these annotations: org.springframework.data.redis.core.RedisHash (preferred), or consider extending one of the following types with your repository: org.springframework.data.keyvalue.repository.KeyValueRepository.
2021-03-09 10:06:41,933 [main] INFO  [o.s.d.r.c.RepositoryConfigurationExtensionSupport] RepositoryConfigurationExtensionSupport.java:348 - Spring Data Redis - Could not safely identify store assignment for repository candidate interface com.japhy.bootstrap.web.domain.user.repository.UserRepository. If you want this repository to be a Redis repository, consider annotating your entities with one of these annotations: org.springframework.data.redis.core.RedisHash (preferred), or consider extending one of the following types with your repository: org.springframework.data.keyvalue.repository.KeyValueRepository.
2021-03-09 10:06:41,933 [main] INFO  [o.s.d.r.config.RepositoryConfigurationDelegate] RepositoryConfigurationDelegate.java:187 - Finished Spring Data repository scanning in 22ms. Found 0 Redis repository interfaces.
2021-03-09 10:06:43,324 [main] INFO  [o.s.c.s.PostProcessorRegistrationDelegate$BeanPostProcessorChecker] PostProcessorRegistrationDelegate.java:335 - Bean 'org.springframework.security.access.expression.method.DefaultMethodSecurityExpressionHandler@12209826' of type [org.springframework.security.access.expression.method.DefaultMethodSecurityExpressionHandler] is not eligible for getting processed by all BeanPostProcessors (for example: not eligible for auto-proxying)
2021-03-09 10:06:43,370 [main] INFO  [o.s.c.s.PostProcessorRegistrationDelegate$BeanPostProcessorChecker] PostProcessorRegistrationDelegate.java:335 - Bean 'methodSecurityMetadataSource' of type [org.springframework.security.access.method.DelegatingMethodSecurityMetadataSource] is not eligible for getting processed by all BeanPostProcessors (for example: not eligible for auto-proxying)
2021-03-09 10:06:43,545 [main] INFO  [com.zaxxer.hikari.HikariDataSource] HikariDataSource.java:110 - HikariPool-1 - Starting...
2021-03-09 10:06:43,830 [main] INFO  [com.zaxxer.hikari.HikariDataSource] HikariDataSource.java:123 - HikariPool-1 - Start completed.
2021-03-09 10:06:44,050 [main] INFO  [o.s.scheduling.concurrent.ThreadPoolTaskExecutor] ExecutorConfigurationSupport.java:181 - Initializing ExecutorService 'applicationTaskExecutor'
2021-03-09 10:06:44,105 [main] INFO  [o.s.scheduling.concurrent.ThreadPoolTaskScheduler] ExecutorConfigurationSupport.java:181 - Initializing ExecutorService 'taskScheduler'
2021-03-09 10:06:44,224 [task-1] INFO  [org.hibernate.jpa.internal.util.LogHelper] LogHelper.java:31 - HHH000204: Processing PersistenceUnitInfo [name: default]
2021-03-09 10:06:44,291 [task-1] INFO  [org.hibernate.Version] Version.java:44 - HHH000412: Hibernate ORM core version 5.4.17.Final
2021-03-09 10:06:44,349 [task-1] INFO  [org.hibernate.annotations.common.Version] JavaReflectionManager.java:49 - HCANN000001: Hibernate Commons Annotations {5.1.0.Final}
2021-03-09 10:06:44,364 [main] WARN  [o.s.b.a.o.j.JpaBaseConfiguration$JpaWebConfiguration] JpaBaseConfiguration.java:220 - spring.jpa.open-in-view is enabled by default. Therefore, database queries may be performed during view rendering. Explicitly configure spring.jpa.open-in-view to disable this warning
2021-03-09 10:06:44,539 [task-1] INFO  [org.hibernate.dialect.Dialect] Dialect.java:172 - HHH000400: Using dialect: org.hibernate.dialect.H2Dialect
2021-03-09 10:06:45,433 [task-1] INFO  [o.h.e.t.jta.platform.internal.JtaPlatformInitiator] JtaPlatformInitiator.java:52 - HHH000490: Using JtaPlatform implementation: [org.hibernate.engine.transaction.jta.platform.internal.NoJtaPlatform]
2021-03-09 10:06:45,443 [task-1] INFO  [o.s.orm.jpa.LocalContainerEntityManagerFactoryBean] AbstractEntityManagerFactoryBean.java:416 - Initialized JPA EntityManagerFactory for persistence unit 'default'
2021-03-09 10:06:46,352 [main] INFO  [o.s.b.actuate.endpoint.web.EndpointLinksResolver] EndpointLinksResolver.java:58 - Exposing 13 endpoint(s) beneath base path '/mgm'
2021-03-09 10:06:47,172 [main] INFO  [o.s.security.web.DefaultSecurityFilterChain] DefaultSecurityFilterChain.java:43 - Creating filter chain: any request, [org.springframework.security.web.context.request.async.WebAsyncManagerIntegrationFilter@21d15932, org.springframework.security.web.context.SecurityContextPersistenceFilter@51da7b08, org.springframework.security.web.header.HeaderWriterFilter@3f1fb139, org.springframework.web.filter.CorsFilter@3966c679, org.springframework.security.web.authentication.logout.LogoutFilter@50013a15, com.japhy.bootstrap.web.infrastructure.filter.JwtTokenFilter@29f95272, org.springframework.security.web.savedrequest.RequestCacheAwareFilter@79fc4e99, org.springframework.security.web.servletapi.SecurityContextHolderAwareRequestFilter@259aec72, org.springframework.security.web.authentication.AnonymousAuthenticationFilter@66a99584, org.springframework.security.web.session.SessionManagementFilter@63ad5fe7, org.springframework.security.web.access.ExceptionTranslationFilter@6a54aa7a, org.springframework.security.web.access.intercept.FilterSecurityInterceptor@21579b35]
2021-03-09 10:06:48,243 [main] INFO  [o.s.b.test.mock.web.SpringBootMockServletContext] MockServletContext.java:455 - Initializing Spring TestDispatcherServlet ''
2021-03-09 10:06:48,243 [main] INFO  [o.s.test.web.servlet.TestDispatcherServlet] FrameworkServlet.java:525 - Initializing Servlet ''
2021-03-09 10:06:48,266 [main] INFO  [o.s.test.web.servlet.TestDispatcherServlet] FrameworkServlet.java:547 - Completed initialization in 22 ms
2021-03-09 10:06:48,820 [main] INFO  [o.s.d.r.c.DeferredRepositoryInitializationListener] DeferredRepositoryInitializationListener.java:49 - Triggering deferred initialization of Spring Data repositories…
2021-03-09 10:06:49,203 [main] INFO  [o.s.d.r.c.DeferredRepositoryInitializationListener] DeferredRepositoryInitializationListener.java:53 - Spring Data repositories initialized!
2021-03-09 10:06:49,223 [main] INFO  [c.japhy.bootstrap.web.interfaces.http.OrderApiTest] StartupInfoLogger.java:61 - Started OrderApiTest in 9.995 seconds (JVM running for 11.219)
2021-03-09 10:06:49,460 [SpringContextShutdownHook] INFO  [o.s.orm.jpa.LocalContainerEntityManagerFactoryBean] AbstractEntityManagerFactoryBean.java:598 - Closing JPA EntityManagerFactory for persistence unit 'default'
2021-03-09 10:06:49,461 [SpringContextShutdownHook] INFO  [o.h.t.s.i.SchemaDropperImpl$DelayedDropActionImpl] SchemaDropperImpl.java:526 - HHH000477: Starting delayed evictData of schema as part of SessionFactory shut-down'
2021-03-09 10:06:49,470 [SpringContextShutdownHook] INFO  [o.s.scheduling.concurrent.ThreadPoolTaskScheduler] ExecutorConfigurationSupport.java:218 - Shutting down ExecutorService 'taskScheduler'
2021-03-09 10:06:49,470 [SpringContextShutdownHook] INFO  [o.s.scheduling.concurrent.ThreadPoolTaskExecutor] ExecutorConfigurationSupport.java:218 - Shutting down ExecutorService 'applicationTaskExecutor'
2021-03-09 10:06:49,471 [SpringContextShutdownHook] INFO  [com.zaxxer.hikari.HikariDataSource] HikariDataSource.java:350 - HikariPool-1 - Shutdown initiated...
2021-03-09 10:06:49,475 [SpringContextShutdownHook] INFO  [com.zaxxer.hikari.HikariDataSource] HikariDataSource.java:352 - HikariPool-1 - Shutdown completed.
2021-03-09 10:21:28,050 [main] INFO  [c.japhy.bootstrap.web.interfaces.http.OrderApiTest] StartupInfoLogger.java:55 - Starting OrderApiTest on JaphydeMacBook-Pro.local with PID 4328 (started by japhy in /Users/japhy/Documents/code/bootstrap/web-base)
2021-03-09 10:21:28,053 [main] INFO  [c.japhy.bootstrap.web.interfaces.http.OrderApiTest] SpringApplication.java:651 - No active profile set, falling back to default profiles: default
2021-03-09 10:21:30,051 [main] INFO  [o.s.d.r.config.RepositoryConfigurationDelegate] RepositoryConfigurationDelegate.java:249 - Multiple Spring Data modules found, entering strict repository configuration mode!
2021-03-09 10:21:30,054 [main] INFO  [o.s.d.r.config.RepositoryConfigurationDelegate] RepositoryConfigurationDelegate.java:127 - Bootstrapping Spring Data JPA repositories in DEFERRED mode.
2021-03-09 10:21:30,452 [main] INFO  [o.s.d.r.config.RepositoryConfigurationDelegate] RepositoryConfigurationDelegate.java:187 - Finished Spring Data repository scanning in 381ms. Found 2 JPA repository interfaces.
2021-03-09 10:21:30,479 [main] INFO  [o.s.d.r.config.RepositoryConfigurationDelegate] RepositoryConfigurationDelegate.java:249 - Multiple Spring Data modules found, entering strict repository configuration mode!
2021-03-09 10:21:30,482 [main] INFO  [o.s.d.r.config.RepositoryConfigurationDelegate] RepositoryConfigurationDelegate.java:127 - Bootstrapping Spring Data Redis repositories in DEFAULT mode.
2021-03-09 10:21:30,521 [main] INFO  [o.s.d.r.c.RepositoryConfigurationExtensionSupport] RepositoryConfigurationExtensionSupport.java:348 - Spring Data Redis - Could not safely identify store assignment for repository candidate interface com.japhy.bootstrap.web.domain.order.repository.OrderRepository. If you want this repository to be a Redis repository, consider annotating your entities with one of these annotations: org.springframework.data.redis.core.RedisHash (preferred), or consider extending one of the following types with your repository: org.springframework.data.keyvalue.repository.KeyValueRepository.
2021-03-09 10:21:30,523 [main] INFO  [o.s.d.r.c.RepositoryConfigurationExtensionSupport] RepositoryConfigurationExtensionSupport.java:348 - Spring Data Redis - Could not safely identify store assignment for repository candidate interface com.japhy.bootstrap.web.domain.user.repository.UserRepository. If you want this repository to be a Redis repository, consider annotating your entities with one of these annotations: org.springframework.data.redis.core.RedisHash (preferred), or consider extending one of the following types with your repository: org.springframework.data.keyvalue.repository.KeyValueRepository.
2021-03-09 10:21:30,524 [main] INFO  [o.s.d.r.config.RepositoryConfigurationDelegate] RepositoryConfigurationDelegate.java:187 - Finished Spring Data repository scanning in 21ms. Found 0 Redis repository interfaces.
2021-03-09 10:21:32,233 [main] INFO  [o.s.c.s.PostProcessorRegistrationDelegate$BeanPostProcessorChecker] PostProcessorRegistrationDelegate.java:335 - Bean 'org.springframework.security.access.expression.method.DefaultMethodSecurityExpressionHandler@2a2b7a35' of type [org.springframework.security.access.expression.method.DefaultMethodSecurityExpressionHandler] is not eligible for getting processed by all BeanPostProcessors (for example: not eligible for auto-proxying)
2021-03-09 10:21:32,264 [main] INFO  [o.s.c.s.PostProcessorRegistrationDelegate$BeanPostProcessorChecker] PostProcessorRegistrationDelegate.java:335 - Bean 'methodSecurityMetadataSource' of type [org.springframework.security.access.method.DelegatingMethodSecurityMetadataSource] is not eligible for getting processed by all BeanPostProcessors (for example: not eligible for auto-proxying)
2021-03-09 10:21:32,411 [main] INFO  [com.zaxxer.hikari.HikariDataSource] HikariDataSource.java:110 - HikariPool-1 - Starting...
2021-03-09 10:21:32,700 [main] INFO  [com.zaxxer.hikari.HikariDataSource] HikariDataSource.java:123 - HikariPool-1 - Start completed.
2021-03-09 10:21:32,896 [main] INFO  [o.s.scheduling.concurrent.ThreadPoolTaskExecutor] ExecutorConfigurationSupport.java:181 - Initializing ExecutorService 'applicationTaskExecutor'
2021-03-09 10:21:32,941 [main] INFO  [o.s.scheduling.concurrent.ThreadPoolTaskScheduler] ExecutorConfigurationSupport.java:181 - Initializing ExecutorService 'taskScheduler'
2021-03-09 10:21:33,030 [task-1] INFO  [org.hibernate.jpa.internal.util.LogHelper] LogHelper.java:31 - HHH000204: Processing PersistenceUnitInfo [name: default]
2021-03-09 10:21:33,120 [task-1] INFO  [org.hibernate.Version] Version.java:44 - HHH000412: Hibernate ORM core version 5.4.17.Final
2021-03-09 10:21:33,165 [main] WARN  [o.s.b.a.o.j.JpaBaseConfiguration$JpaWebConfiguration] JpaBaseConfiguration.java:220 - spring.jpa.open-in-view is enabled by default. Therefore, database queries may be performed during view rendering. Explicitly configure spring.jpa.open-in-view to disable this warning
2021-03-09 10:21:33,189 [task-1] INFO  [org.hibernate.annotations.common.Version] JavaReflectionManager.java:49 - HCANN000001: Hibernate Commons Annotations {5.1.0.Final}
2021-03-09 10:21:33,392 [task-1] INFO  [org.hibernate.dialect.Dialect] Dialect.java:172 - HHH000400: Using dialect: org.hibernate.dialect.H2Dialect
2021-03-09 10:21:34,293 [task-1] INFO  [o.h.e.t.jta.platform.internal.JtaPlatformInitiator] JtaPlatformInitiator.java:52 - HHH000490: Using JtaPlatform implementation: [org.hibernate.engine.transaction.jta.platform.internal.NoJtaPlatform]
2021-03-09 10:21:34,309 [task-1] INFO  [o.s.orm.jpa.LocalContainerEntityManagerFactoryBean] AbstractEntityManagerFactoryBean.java:416 - Initialized JPA EntityManagerFactory for persistence unit 'default'
2021-03-09 10:21:35,059 [main] INFO  [o.s.b.actuate.endpoint.web.EndpointLinksResolver] EndpointLinksResolver.java:58 - Exposing 13 endpoint(s) beneath base path '/mgm'
2021-03-09 10:21:35,854 [main] INFO  [o.s.security.web.DefaultSecurityFilterChain] DefaultSecurityFilterChain.java:43 - Creating filter chain: any request, [org.springframework.security.web.context.request.async.WebAsyncManagerIntegrationFilter@3945886e, org.springframework.security.web.context.SecurityContextPersistenceFilter@36d39655, org.springframework.security.web.header.HeaderWriterFilter@4c8a9266, org.springframework.web.filter.CorsFilter@12765ebd, org.springframework.security.web.authentication.logout.LogoutFilter@397dfbe8, com.japhy.bootstrap.web.infrastructure.filter.JwtTokenFilter@3fef1e6b, org.springframework.security.web.savedrequest.RequestCacheAwareFilter@576b385d, org.springframework.security.web.servletapi.SecurityContextHolderAwareRequestFilter@578d5d02, org.springframework.security.web.authentication.AnonymousAuthenticationFilter@1dac0784, org.springframework.security.web.session.SessionManagementFilter@6c7f804c, org.springframework.security.web.access.ExceptionTranslationFilter@5aeebccc, org.springframework.security.web.access.intercept.FilterSecurityInterceptor@5870fc05]
2021-03-09 10:21:36,841 [main] INFO  [o.s.b.test.mock.web.SpringBootMockServletContext] MockServletContext.java:455 - Initializing Spring TestDispatcherServlet ''
2021-03-09 10:21:36,841 [main] INFO  [o.s.test.web.servlet.TestDispatcherServlet] FrameworkServlet.java:525 - Initializing Servlet ''
2021-03-09 10:21:36,865 [main] INFO  [o.s.test.web.servlet.TestDispatcherServlet] FrameworkServlet.java:547 - Completed initialization in 24 ms
2021-03-09 10:21:37,361 [main] INFO  [o.s.d.r.c.DeferredRepositoryInitializationListener] DeferredRepositoryInitializationListener.java:49 - Triggering deferred initialization of Spring Data repositories…
2021-03-09 10:21:37,756 [main] INFO  [o.s.d.r.c.DeferredRepositoryInitializationListener] DeferredRepositoryInitializationListener.java:53 - Spring Data repositories initialized!
2021-03-09 10:21:37,782 [main] INFO  [c.japhy.bootstrap.web.interfaces.http.OrderApiTest] StartupInfoLogger.java:61 - Started OrderApiTest in 10.289 seconds (JVM running for 11.638)
2021-03-09 10:21:37,991 [SpringContextShutdownHook] INFO  [o.s.orm.jpa.LocalContainerEntityManagerFactoryBean] AbstractEntityManagerFactoryBean.java:598 - Closing JPA EntityManagerFactory for persistence unit 'default'
2021-03-09 10:21:37,992 [SpringContextShutdownHook] INFO  [o.h.t.s.i.SchemaDropperImpl$DelayedDropActionImpl] SchemaDropperImpl.java:526 - HHH000477: Starting delayed evictData of schema as part of SessionFactory shut-down'
2021-03-09 10:21:38,000 [SpringContextShutdownHook] INFO  [o.s.scheduling.concurrent.ThreadPoolTaskScheduler] ExecutorConfigurationSupport.java:218 - Shutting down ExecutorService 'taskScheduler'
2021-03-09 10:21:38,000 [SpringContextShutdownHook] INFO  [o.s.scheduling.concurrent.ThreadPoolTaskExecutor] ExecutorConfigurationSupport.java:218 - Shutting down ExecutorService 'applicationTaskExecutor'
2021-03-09 10:21:38,001 [SpringContextShutdownHook] INFO  [com.zaxxer.hikari.HikariDataSource] HikariDataSource.java:350 - HikariPool-1 - Shutdown initiated...
2021-03-09 10:21:38,005 [SpringContextShutdownHook] INFO  [com.zaxxer.hikari.HikariDataSource] HikariDataSource.java:352 - HikariPool-1 - Shutdown completed.
2021-03-09 10:21:54,972 [main] INFO  [c.japhy.bootstrap.web.interfaces.http.OrderApiTest] StartupInfoLogger.java:55 - Starting OrderApiTest on JaphydeMacBook-Pro.local with PID 4334 (started by japhy in /Users/japhy/Documents/code/bootstrap/web-base)
2021-03-09 10:21:54,977 [main] INFO  [c.japhy.bootstrap.web.interfaces.http.OrderApiTest] SpringApplication.java:651 - No active profile set, falling back to default profiles: default
2021-03-09 10:21:56,700 [main] INFO  [o.s.d.r.config.RepositoryConfigurationDelegate] RepositoryConfigurationDelegate.java:249 - Multiple Spring Data modules found, entering strict repository configuration mode!
2021-03-09 10:21:56,701 [main] INFO  [o.s.d.r.config.RepositoryConfigurationDelegate] RepositoryConfigurationDelegate.java:127 - Bootstrapping Spring Data JPA repositories in DEFERRED mode.
2021-03-09 10:21:56,886 [main] INFO  [o.s.d.r.config.RepositoryConfigurationDelegate] RepositoryConfigurationDelegate.java:187 - Finished Spring Data repository scanning in 175ms. Found 2 JPA repository interfaces.
2021-03-09 10:21:56,902 [main] INFO  [o.s.d.r.config.RepositoryConfigurationDelegate] RepositoryConfigurationDelegate.java:249 - Multiple Spring Data modules found, entering strict repository configuration mode!
2021-03-09 10:21:56,903 [main] INFO  [o.s.d.r.config.RepositoryConfigurationDelegate] RepositoryConfigurationDelegate.java:127 - Bootstrapping Spring Data Redis repositories in DEFAULT mode.
2021-03-09 10:21:56,924 [main] INFO  [o.s.d.r.c.RepositoryConfigurationExtensionSupport] RepositoryConfigurationExtensionSupport.java:348 - Spring Data Redis - Could not safely identify store assignment for repository candidate interface com.japhy.bootstrap.web.domain.order.repository.OrderRepository. If you want this repository to be a Redis repository, consider annotating your entities with one of these annotations: org.springframework.data.redis.core.RedisHash (preferred), or consider extending one of the following types with your repository: org.springframework.data.keyvalue.repository.KeyValueRepository.
2021-03-09 10:21:56,925 [main] INFO  [o.s.d.r.c.RepositoryConfigurationExtensionSupport] RepositoryConfigurationExtensionSupport.java:348 - Spring Data Redis - Could not safely identify store assignment for repository candidate interface com.japhy.bootstrap.web.domain.user.repository.UserRepository. If you want this repository to be a Redis repository, consider annotating your entities with one of these annotations: org.springframework.data.redis.core.RedisHash (preferred), or consider extending one of the following types with your repository: org.springframework.data.keyvalue.repository.KeyValueRepository.
2021-03-09 10:21:56,925 [main] INFO  [o.s.d.r.config.RepositoryConfigurationDelegate] RepositoryConfigurationDelegate.java:187 - Finished Spring Data repository scanning in 13ms. Found 0 Redis repository interfaces.
2021-03-09 10:21:58,034 [main] INFO  [o.s.c.s.PostProcessorRegistrationDelegate$BeanPostProcessorChecker] PostProcessorRegistrationDelegate.java:335 - Bean 'org.springframework.security.access.expression.method.DefaultMethodSecurityExpressionHandler@5bb7a59' of type [org.springframework.security.access.expression.method.DefaultMethodSecurityExpressionHandler] is not eligible for getting processed by all BeanPostProcessors (for example: not eligible for auto-proxying)
2021-03-09 10:21:58,064 [main] INFO  [o.s.c.s.PostProcessorRegistrationDelegate$BeanPostProcessorChecker] PostProcessorRegistrationDelegate.java:335 - Bean 'methodSecurityMetadataSource' of type [org.springframework.security.access.method.DelegatingMethodSecurityMetadataSource] is not eligible for getting processed by all BeanPostProcessors (for example: not eligible for auto-proxying)
2021-03-09 10:21:58,215 [main] INFO  [com.zaxxer.hikari.HikariDataSource] HikariDataSource.java:110 - HikariPool-1 - Starting...
2021-03-09 10:21:58,459 [main] INFO  [com.zaxxer.hikari.HikariDataSource] HikariDataSource.java:123 - HikariPool-1 - Start completed.
2021-03-09 10:21:58,636 [main] INFO  [o.s.scheduling.concurrent.ThreadPoolTaskExecutor] ExecutorConfigurationSupport.java:181 - Initializing ExecutorService 'applicationTaskExecutor'
2021-03-09 10:21:58,677 [main] INFO  [o.s.scheduling.concurrent.ThreadPoolTaskScheduler] ExecutorConfigurationSupport.java:181 - Initializing ExecutorService 'taskScheduler'
2021-03-09 10:21:58,752 [task-1] INFO  [org.hibernate.jpa.internal.util.LogHelper] LogHelper.java:31 - HHH000204: Processing PersistenceUnitInfo [name: default]
2021-03-09 10:21:58,817 [task-1] INFO  [org.hibernate.Version] Version.java:44 - HHH000412: Hibernate ORM core version 5.4.17.Final
2021-03-09 10:21:58,877 [task-1] INFO  [org.hibernate.annotations.common.Version] JavaReflectionManager.java:49 - HCANN000001: Hibernate Commons Annotations {5.1.0.Final}
2021-03-09 10:21:58,879 [main] WARN  [o.s.b.a.o.j.JpaBaseConfiguration$JpaWebConfiguration] JpaBaseConfiguration.java:220 - spring.jpa.open-in-view is enabled by default. Therefore, database queries may be performed during view rendering. Explicitly configure spring.jpa.open-in-view to disable this warning
2021-03-09 10:21:59,076 [task-1] INFO  [org.hibernate.dialect.Dialect] Dialect.java:172 - HHH000400: Using dialect: org.hibernate.dialect.H2Dialect
2021-03-09 10:21:59,885 [task-1] INFO  [o.h.e.t.jta.platform.internal.JtaPlatformInitiator] JtaPlatformInitiator.java:52 - HHH000490: Using JtaPlatform implementation: [org.hibernate.engine.transaction.jta.platform.internal.NoJtaPlatform]
2021-03-09 10:21:59,895 [task-1] INFO  [o.s.orm.jpa.LocalContainerEntityManagerFactoryBean] AbstractEntityManagerFactoryBean.java:416 - Initialized JPA EntityManagerFactory for persistence unit 'default'
2021-03-09 10:22:00,622 [main] INFO  [o.s.b.actuate.endpoint.web.EndpointLinksResolver] EndpointLinksResolver.java:58 - Exposing 13 endpoint(s) beneath base path '/mgm'
2021-03-09 10:22:01,511 [main] INFO  [o.s.security.web.DefaultSecurityFilterChain] DefaultSecurityFilterChain.java:43 - Creating filter chain: any request, [org.springframework.security.web.context.request.async.WebAsyncManagerIntegrationFilter@25b83dce, org.springframework.security.web.context.SecurityContextPersistenceFilter@259aec72, org.springframework.security.web.header.HeaderWriterFilter@6fe243a, org.springframework.web.filter.CorsFilter@74cd8c55, org.springframework.security.web.authentication.logout.LogoutFilter@63b0b3dd, com.japhy.bootstrap.web.infrastructure.filter.JwtTokenFilter@2df71be0, org.springframework.security.web.savedrequest.RequestCacheAwareFilter@26be0d23, org.springframework.security.web.servletapi.SecurityContextHolderAwareRequestFilter@59aa2fba, org.springframework.security.web.authentication.AnonymousAuthenticationFilter@5870fc05, org.springframework.security.web.session.SessionManagementFilter@6e7fa4b0, org.springframework.security.web.access.ExceptionTranslationFilter@183a508b, org.springframework.security.web.access.intercept.FilterSecurityInterceptor@1e5e3147]
2021-03-09 10:22:02,687 [main] INFO  [o.s.b.test.mock.web.SpringBootMockServletContext] MockServletContext.java:455 - Initializing Spring TestDispatcherServlet ''
2021-03-09 10:22:02,688 [main] INFO  [o.s.test.web.servlet.TestDispatcherServlet] FrameworkServlet.java:525 - Initializing Servlet ''
2021-03-09 10:22:02,716 [main] INFO  [o.s.test.web.servlet.TestDispatcherServlet] FrameworkServlet.java:547 - Completed initialization in 28 ms
2021-03-09 10:22:03,363 [main] INFO  [o.s.d.r.c.DeferredRepositoryInitializationListener] DeferredRepositoryInitializationListener.java:49 - Triggering deferred initialization of Spring Data repositories…
2021-03-09 10:22:03,786 [main] INFO  [o.s.d.r.c.DeferredRepositoryInitializationListener] DeferredRepositoryInitializationListener.java:53 - Spring Data repositories initialized!
2021-03-09 10:22:03,805 [main] INFO  [c.japhy.bootstrap.web.interfaces.http.OrderApiTest] StartupInfoLogger.java:61 - Started OrderApiTest in 9.496 seconds (JVM running for 10.82)
2021-03-09 10:22:04,018 [task-3] INFO  [c.j.bootstrap.web.infrastructure.job.OrderSumTask] OrderSumTask.java:23 - order si summing
2021-03-09 10:22:04,039 [SpringContextShutdownHook] INFO  [o.s.orm.jpa.LocalContainerEntityManagerFactoryBean] AbstractEntityManagerFactoryBean.java:598 - Closing JPA EntityManagerFactory for persistence unit 'default'
2021-03-09 10:22:04,039 [SpringContextShutdownHook] INFO  [o.h.t.s.i.SchemaDropperImpl$DelayedDropActionImpl] SchemaDropperImpl.java:526 - HHH000477: Starting delayed evictData of schema as part of SessionFactory shut-down'
2021-03-09 10:22:04,048 [SpringContextShutdownHook] INFO  [o.s.scheduling.concurrent.ThreadPoolTaskScheduler] ExecutorConfigurationSupport.java:218 - Shutting down ExecutorService 'taskScheduler'
2021-03-09 10:22:04,049 [SpringContextShutdownHook] INFO  [o.s.scheduling.concurrent.ThreadPoolTaskExecutor] ExecutorConfigurationSupport.java:218 - Shutting down ExecutorService 'applicationTaskExecutor'
2021-03-09 10:22:04,050 [SpringContextShutdownHook] INFO  [com.zaxxer.hikari.HikariDataSource] HikariDataSource.java:350 - HikariPool-1 - Shutdown initiated...
2021-03-09 10:22:04,054 [SpringContextShutdownHook] INFO  [com.zaxxer.hikari.HikariDataSource] HikariDataSource.java:352 - HikariPool-1 - Shutdown completed.
2021-03-09 19:52:18,768 [main] INFO  [c.j.b.w.a.e.subscriber.OrderCreatedSubscriberTest] StartupInfoLogger.java:55 - Starting OrderCreatedSubscriberTest on JaphydeMacBook-Pro.local with PID 7353 (started by japhy in /Users/japhy/Documents/code/bootstrap/web-base)
2021-03-09 19:52:18,771 [main] INFO  [c.j.b.w.a.e.subscriber.OrderCreatedSubscriberTest] SpringApplication.java:651 - No active profile set, falling back to default profiles: default
2021-03-09 19:52:20,712 [main] INFO  [o.s.d.r.config.RepositoryConfigurationDelegate] RepositoryConfigurationDelegate.java:249 - Multiple Spring Data modules found, entering strict repository configuration mode!
2021-03-09 19:52:20,715 [main] INFO  [o.s.d.r.config.RepositoryConfigurationDelegate] RepositoryConfigurationDelegate.java:127 - Bootstrapping Spring Data JPA repositories in DEFERRED mode.
2021-03-09 19:52:20,934 [main] INFO  [o.s.d.r.config.RepositoryConfigurationDelegate] RepositoryConfigurationDelegate.java:187 - Finished Spring Data repository scanning in 207ms. Found 2 JPA repository interfaces.
2021-03-09 19:52:20,955 [main] INFO  [o.s.d.r.config.RepositoryConfigurationDelegate] RepositoryConfigurationDelegate.java:249 - Multiple Spring Data modules found, entering strict repository configuration mode!
2021-03-09 19:52:20,958 [main] INFO  [o.s.d.r.config.RepositoryConfigurationDelegate] RepositoryConfigurationDelegate.java:127 - Bootstrapping Spring Data Redis repositories in DEFAULT mode.
2021-03-09 19:52:20,985 [main] INFO  [o.s.d.r.c.RepositoryConfigurationExtensionSupport] RepositoryConfigurationExtensionSupport.java:348 - Spring Data Redis - Could not safely identify store assignment for repository candidate interface com.japhy.bootstrap.web.domain.order.repository.OrderRepository. If you want this repository to be a Redis repository, consider annotating your entities with one of these annotations: org.springframework.data.redis.core.RedisHash (preferred), or consider extending one of the following types with your repository: org.springframework.data.keyvalue.repository.KeyValueRepository.
2021-03-09 19:52:20,985 [main] INFO  [o.s.d.r.c.RepositoryConfigurationExtensionSupport] RepositoryConfigurationExtensionSupport.java:348 - Spring Data Redis - Could not safely identify store assignment for repository candidate interface com.japhy.bootstrap.web.domain.user.repository.UserRepository. If you want this repository to be a Redis repository, consider annotating your entities with one of these annotations: org.springframework.data.redis.core.RedisHash (preferred), or consider extending one of the following types with your repository: org.springframework.data.keyvalue.repository.KeyValueRepository.
2021-03-09 19:52:20,986 [main] INFO  [o.s.d.r.config.RepositoryConfigurationDelegate] RepositoryConfigurationDelegate.java:187 - Finished Spring Data repository scanning in 12ms. Found 0 Redis repository interfaces.
2021-03-09 19:52:21,989 [main] INFO  [o.s.c.s.PostProcessorRegistrationDelegate$BeanPostProcessorChecker] PostProcessorRegistrationDelegate.java:335 - Bean 'org.springframework.security.access.expression.method.DefaultMethodSecurityExpressionHandler@11810917' of type [org.springframework.security.access.expression.method.DefaultMethodSecurityExpressionHandler] is not eligible for getting processed by all BeanPostProcessors (for example: not eligible for auto-proxying)
2021-03-09 19:52:22,019 [main] INFO  [o.s.c.s.PostProcessorRegistrationDelegate$BeanPostProcessorChecker] PostProcessorRegistrationDelegate.java:335 - Bean 'methodSecurityMetadataSource' of type [org.springframework.security.access.method.DelegatingMethodSecurityMetadataSource] is not eligible for getting processed by all BeanPostProcessors (for example: not eligible for auto-proxying)
2021-03-09 19:52:22,157 [main] INFO  [com.zaxxer.hikari.HikariDataSource] HikariDataSource.java:110 - HikariPool-1 - Starting...
2021-03-09 19:52:22,459 [main] INFO  [com.zaxxer.hikari.HikariDataSource] HikariDataSource.java:123 - HikariPool-1 - Start completed.
2021-03-09 19:52:22,643 [main] INFO  [o.s.scheduling.concurrent.ThreadPoolTaskExecutor] ExecutorConfigurationSupport.java:181 - Initializing ExecutorService 'applicationTaskExecutor'
2021-03-09 19:52:22,730 [task-1] INFO  [org.hibernate.jpa.internal.util.LogHelper] LogHelper.java:31 - HHH000204: Processing PersistenceUnitInfo [name: default]
2021-03-09 19:52:22,824 [task-1] INFO  [org.hibernate.Version] Version.java:44 - HHH000412: Hibernate ORM core version 5.4.17.Final
2021-03-09 19:52:22,910 [task-1] INFO  [org.hibernate.annotations.common.Version] JavaReflectionManager.java:49 - HCANN000001: Hibernate Commons Annotations {5.1.0.Final}
2021-03-09 19:52:23,119 [task-1] INFO  [org.hibernate.dialect.Dialect] Dialect.java:172 - HHH000400: Using dialect: org.hibernate.dialect.H2Dialect
2021-03-09 19:52:23,361 [main] WARN  [o.s.b.a.o.j.JpaBaseConfiguration$JpaWebConfiguration] JpaBaseConfiguration.java:220 - spring.jpa.open-in-view is enabled by default. Therefore, database queries may be performed during view rendering. Explicitly configure spring.jpa.open-in-view to disable this warning
2021-03-09 19:52:24,029 [task-1] INFO  [o.h.e.t.jta.platform.internal.JtaPlatformInitiator] JtaPlatformInitiator.java:52 - HHH000490: Using JtaPlatform implementation: [org.hibernate.engine.transaction.jta.platform.internal.NoJtaPlatform]
2021-03-09 19:52:24,040 [task-1] INFO  [o.s.orm.jpa.LocalContainerEntityManagerFactoryBean] AbstractEntityManagerFactoryBean.java:416 - Initialized JPA EntityManagerFactory for persistence unit 'default'
2021-03-09 19:52:25,047 [main] INFO  [o.s.b.actuate.endpoint.web.EndpointLinksResolver] EndpointLinksResolver.java:58 - Exposing 13 endpoint(s) beneath base path '/mgm'
2021-03-09 19:52:25,854 [main] INFO  [o.s.security.web.DefaultSecurityFilterChain] DefaultSecurityFilterChain.java:43 - Creating filter chain: any request, [org.springframework.security.web.context.request.async.WebAsyncManagerIntegrationFilter@15ce261, org.springframework.security.web.context.SecurityContextPersistenceFilter@62c6db99, org.springframework.security.web.header.HeaderWriterFilter@482942d8, org.springframework.web.filter.CorsFilter@54c3e686, org.springframework.security.web.authentication.logout.LogoutFilter@e97f51c, com.japhy.bootstrap.web.infrastructure.filter.JwtTokenFilter@1ad1be5d, org.springframework.security.web.savedrequest.RequestCacheAwareFilter@65b680b4, org.springframework.security.web.servletapi.SecurityContextHolderAwareRequestFilter@10ba9780, org.springframework.security.web.authentication.AnonymousAuthenticationFilter@39840986, org.springframework.security.web.session.SessionManagementFilter@7f8cd5fc, org.springframework.security.web.access.ExceptionTranslationFilter@5977bdea, org.springframework.security.web.access.intercept.FilterSecurityInterceptor@6978a32a]
2021-03-09 19:52:27,383 [main] INFO  [o.s.d.r.c.DeferredRepositoryInitializationListener] DeferredRepositoryInitializationListener.java:49 - Triggering deferred initialization of Spring Data repositories…
2021-03-09 19:52:27,802 [main] INFO  [o.s.d.r.c.DeferredRepositoryInitializationListener] DeferredRepositoryInitializationListener.java:53 - Spring Data repositories initialized!
2021-03-09 19:52:27,816 [main] INFO  [c.j.b.w.a.e.subscriber.OrderCreatedSubscriberTest] StartupInfoLogger.java:61 - Started OrderCreatedSubscriberTest in 9.688 seconds (JVM running for 10.905)
2021-03-09 19:52:27,926 [main] INFO  [c.j.b.w.a.event.subscriber.OrderUpdatedSubscriber] OrderUpdatedSubscriber.java:26 - Thread---------main
2021-03-09 19:52:27,927 [task-3] INFO  [c.j.b.w.a.event.subscriber.OrderCreatedSubscriber] OrderCreatedSubscriber.java:23 - OrderCreatedEvent(order=Order(id=null, orderNo=orderNo, userId=null, createTime=null, updateTime=null, operatorId=null, status=null)) received ========
2021-03-09 19:52:29,002 [main] INFO  [c.j.b.w.a.e.subscriber.OrderCreatedSubscriberTest] OrderCreatedSubscriberTest.java:48 - test is over
2021-03-09 19:52:29,050 [SpringContextShutdownHook] INFO  [o.s.orm.jpa.LocalContainerEntityManagerFactoryBean] AbstractEntityManagerFactoryBean.java:598 - Closing JPA EntityManagerFactory for persistence unit 'default'
2021-03-09 19:52:29,050 [SpringContextShutdownHook] INFO  [o.h.t.s.i.SchemaDropperImpl$DelayedDropActionImpl] SchemaDropperImpl.java:526 - HHH000477: Starting delayed evictData of schema as part of SessionFactory shut-down'
2021-03-09 19:52:29,059 [SpringContextShutdownHook] INFO  [o.s.scheduling.concurrent.ThreadPoolTaskExecutor] ExecutorConfigurationSupport.java:218 - Shutting down ExecutorService 'applicationTaskExecutor'
2021-03-09 19:52:29,060 [SpringContextShutdownHook] INFO  [com.zaxxer.hikari.HikariDataSource] HikariDataSource.java:350 - HikariPool-1 - Shutdown initiated...
2021-03-09 19:52:29,064 [SpringContextShutdownHook] INFO  [com.zaxxer.hikari.HikariDataSource] HikariDataSource.java:352 - HikariPool-1 - Shutdown completed.
2021-03-09 20:26:31,451 [main] INFO  [c.j.b.w.a.e.subscriber.OrderCreatedSubscriberTest] StartupInfoLogger.java:55 - Starting OrderCreatedSubscriberTest on JaphydeMacBook-Pro.local with PID 7703 (started by japhy in /Users/japhy/Documents/code/bootstrap/web-base)
2021-03-09 20:26:31,454 [main] INFO  [c.j.b.w.a.e.subscriber.OrderCreatedSubscriberTest] SpringApplication.java:651 - No active profile set, falling back to default profiles: default
2021-03-09 20:26:33,664 [main] INFO  [o.s.d.r.config.RepositoryConfigurationDelegate] RepositoryConfigurationDelegate.java:249 - Multiple Spring Data modules found, entering strict repository configuration mode!
2021-03-09 20:26:33,667 [main] INFO  [o.s.d.r.config.RepositoryConfigurationDelegate] RepositoryConfigurationDelegate.java:127 - Bootstrapping Spring Data JPA repositories in DEFERRED mode.
2021-03-09 20:26:33,965 [main] INFO  [o.s.d.r.config.RepositoryConfigurationDelegate] RepositoryConfigurationDelegate.java:187 - Finished Spring Data repository scanning in 280ms. Found 2 JPA repository interfaces.
2021-03-09 20:26:33,983 [main] INFO  [o.s.d.r.config.RepositoryConfigurationDelegate] RepositoryConfigurationDelegate.java:249 - Multiple Spring Data modules found, entering strict repository configuration mode!
2021-03-09 20:26:33,986 [main] INFO  [o.s.d.r.config.RepositoryConfigurationDelegate] RepositoryConfigurationDelegate.java:127 - Bootstrapping Spring Data Redis repositories in DEFAULT mode.
2021-03-09 20:26:34,011 [main] INFO  [o.s.d.r.c.RepositoryConfigurationExtensionSupport] RepositoryConfigurationExtensionSupport.java:348 - Spring Data Redis - Could not safely identify store assignment for repository candidate interface com.japhy.bootstrap.web.domain.order.repository.OrderRepository. If you want this repository to be a Redis repository, consider annotating your entities with one of these annotations: org.springframework.data.redis.core.RedisHash (preferred), or consider extending one of the following types with your repository: org.springframework.data.keyvalue.repository.KeyValueRepository.
2021-03-09 20:26:34,012 [main] INFO  [o.s.d.r.c.RepositoryConfigurationExtensionSupport] RepositoryConfigurationExtensionSupport.java:348 - Spring Data Redis - Could not safely identify store assignment for repository candidate interface com.japhy.bootstrap.web.domain.user.repository.UserRepository. If you want this repository to be a Redis repository, consider annotating your entities with one of these annotations: org.springframework.data.redis.core.RedisHash (preferred), or consider extending one of the following types with your repository: org.springframework.data.keyvalue.repository.KeyValueRepository.
2021-03-09 20:26:34,013 [main] INFO  [o.s.d.r.config.RepositoryConfigurationDelegate] RepositoryConfigurationDelegate.java:187 - Finished Spring Data repository scanning in 12ms. Found 0 Redis repository interfaces.
2021-03-09 20:26:34,654 [main] INFO  [o.s.c.s.PostProcessorRegistrationDelegate$BeanPostProcessorChecker] PostProcessorRegistrationDelegate.java:335 - Bean 'scheduledConfig' of type [com.japhy.bootstrap.web.infrastructure.config.ScheduledConfig$$EnhancerBySpringCGLIB$$e5d1518f] is not eligible for getting processed by all BeanPostProcessors (for example: not eligible for auto-proxying)
2021-03-09 20:26:34,970 [main] INFO  [o.s.c.s.PostProcessorRegistrationDelegate$BeanPostProcessorChecker] PostProcessorRegistrationDelegate.java:335 - Bean 'org.springframework.security.access.expression.method.DefaultMethodSecurityExpressionHandler@15d236fd' of type [org.springframework.security.access.expression.method.DefaultMethodSecurityExpressionHandler] is not eligible for getting processed by all BeanPostProcessors (for example: not eligible for auto-proxying)
2021-03-09 20:26:34,997 [main] INFO  [o.s.c.s.PostProcessorRegistrationDelegate$BeanPostProcessorChecker] PostProcessorRegistrationDelegate.java:335 - Bean 'methodSecurityMetadataSource' of type [org.springframework.security.access.method.DelegatingMethodSecurityMetadataSource] is not eligible for getting processed by all BeanPostProcessors (for example: not eligible for auto-proxying)
2021-03-09 20:26:35,139 [main] INFO  [com.zaxxer.hikari.HikariDataSource] HikariDataSource.java:110 - HikariPool-1 - Starting...
2021-03-09 20:26:35,438 [main] INFO  [com.zaxxer.hikari.HikariDataSource] HikariDataSource.java:123 - HikariPool-1 - Start completed.
2021-03-09 20:26:35,610 [main] INFO  [o.s.scheduling.concurrent.ThreadPoolTaskExecutor] ExecutorConfigurationSupport.java:181 - Initializing ExecutorService 'applicationTaskExecutor'
2021-03-09 20:26:35,647 [main] INFO  [o.s.scheduling.concurrent.ThreadPoolTaskScheduler] ExecutorConfigurationSupport.java:181 - Initializing ExecutorService 'taskScheduler'
2021-03-09 20:26:35,741 [task-1] INFO  [org.hibernate.jpa.internal.util.LogHelper] LogHelper.java:31 - HHH000204: Processing PersistenceUnitInfo [name: default]
2021-03-09 20:26:35,833 [task-1] INFO  [org.hibernate.Version] Version.java:44 - HHH000412: Hibernate ORM core version 5.4.17.Final
2021-03-09 20:26:35,964 [task-1] INFO  [org.hibernate.annotations.common.Version] JavaReflectionManager.java:49 - HCANN000001: Hibernate Commons Annotations {5.1.0.Final}
2021-03-09 20:26:36,176 [task-1] INFO  [org.hibernate.dialect.Dialect] Dialect.java:172 - HHH000400: Using dialect: org.hibernate.dialect.H2Dialect
2021-03-09 20:26:36,443 [main] WARN  [o.s.b.a.o.j.JpaBaseConfiguration$JpaWebConfiguration] JpaBaseConfiguration.java:220 - spring.jpa.open-in-view is enabled by default. Therefore, database queries may be performed during view rendering. Explicitly configure spring.jpa.open-in-view to disable this warning
2021-03-09 20:26:37,100 [task-1] INFO  [o.h.e.t.jta.platform.internal.JtaPlatformInitiator] JtaPlatformInitiator.java:52 - HHH000490: Using JtaPlatform implementation: [org.hibernate.engine.transaction.jta.platform.internal.NoJtaPlatform]
2021-03-09 20:26:37,110 [task-1] INFO  [o.s.orm.jpa.LocalContainerEntityManagerFactoryBean] AbstractEntityManagerFactoryBean.java:416 - Initialized JPA EntityManagerFactory for persistence unit 'default'
2021-03-09 20:26:38,089 [main] INFO  [o.s.b.actuate.endpoint.web.EndpointLinksResolver] EndpointLinksResolver.java:58 - Exposing 13 endpoint(s) beneath base path '/mgm'
2021-03-09 20:26:38,838 [main] INFO  [o.s.security.web.DefaultSecurityFilterChain] DefaultSecurityFilterChain.java:43 - Creating filter chain: any request, [org.springframework.security.web.context.request.async.WebAsyncManagerIntegrationFilter@1dce481b, org.springframework.security.web.context.SecurityContextPersistenceFilter@5e2718b3, org.springframework.security.web.header.HeaderWriterFilter@5a31abe9, org.springframework.web.filter.CorsFilter@22cb8e5f, org.springframework.security.web.authentication.logout.LogoutFilter@716e6fa5, com.japhy.bootstrap.web.infrastructure.filter.JwtTokenFilter@26f5e45d, org.springframework.security.web.savedrequest.RequestCacheAwareFilter@5977bdea, org.springframework.security.web.servletapi.SecurityContextHolderAwareRequestFilter@2cd52eda, org.springframework.security.web.authentication.AnonymousAuthenticationFilter@45753c22, org.springframework.security.web.session.SessionManagementFilter@24a7d3d3, org.springframework.security.web.access.ExceptionTranslationFilter@a2fb8a5, org.springframework.security.web.access.intercept.FilterSecurityInterceptor@7a51dc38]
2021-03-09 20:26:40,259 [main] INFO  [o.s.d.r.c.DeferredRepositoryInitializationListener] DeferredRepositoryInitializationListener.java:49 - Triggering deferred initialization of Spring Data repositories…
2021-03-09 20:26:40,654 [main] INFO  [o.s.d.r.c.DeferredRepositoryInitializationListener] DeferredRepositoryInitializationListener.java:53 - Spring Data repositories initialized!
2021-03-09 20:26:40,672 [main] INFO  [c.j.b.w.a.e.subscriber.OrderCreatedSubscriberTest] StartupInfoLogger.java:61 - Started OrderCreatedSubscriberTest in 9.723 seconds (JVM running for 10.976)
2021-03-09 20:26:40,830 [SpringContextShutdownHook] INFO  [o.s.orm.jpa.LocalContainerEntityManagerFactoryBean] AbstractEntityManagerFactoryBean.java:598 - Closing JPA EntityManagerFactory for persistence unit 'default'
2021-03-09 20:26:40,831 [SpringContextShutdownHook] INFO  [o.h.t.s.i.SchemaDropperImpl$DelayedDropActionImpl] SchemaDropperImpl.java:526 - HHH000477: Starting delayed evictData of schema as part of SessionFactory shut-down'
2021-03-09 20:26:40,839 [SpringContextShutdownHook] INFO  [o.s.scheduling.concurrent.ThreadPoolTaskScheduler] ExecutorConfigurationSupport.java:218 - Shutting down ExecutorService 'taskScheduler'
2021-03-09 20:26:40,839 [SpringContextShutdownHook] INFO  [o.s.scheduling.concurrent.ThreadPoolTaskExecutor] ExecutorConfigurationSupport.java:218 - Shutting down ExecutorService 'applicationTaskExecutor'
2021-03-09 20:26:40,840 [SpringContextShutdownHook] INFO  [com.zaxxer.hikari.HikariDataSource] HikariDataSource.java:350 - HikariPool-1 - Shutdown initiated...
2021-03-09 20:26:40,843 [SpringContextShutdownHook] INFO  [com.zaxxer.hikari.HikariDataSource] HikariDataSource.java:352 - HikariPool-1 - Shutdown completed.
