2021-02-25 09:19:01,245 [main] INFO  [c.j.b.w.d.order.service.impl.OrderServiceImplTest] StartupInfoLogger.java:55 - Starting OrderServiceImplTest on JaphydeMacBook-Pro.local with PID 18144 (started by japhy in /Users/japhy/Documents/code/bootstrap/web-base)
2021-02-25 09:19:01,247 [main] INFO  [c.j.b.w.d.order.service.impl.OrderServiceImplTest] SpringApplication.java:651 - No active profile set, falling back to default profiles: default
2021-02-25 09:19:03,039 [main] INFO  [o.s.d.r.config.RepositoryConfigurationDelegate] RepositoryConfigurationDelegate.java:249 - Multiple Spring Data modules found, entering strict repository configuration mode!
2021-02-25 09:19:03,042 [main] INFO  [o.s.d.r.config.RepositoryConfigurationDelegate] RepositoryConfigurationDelegate.java:127 - Bootstrapping Spring Data JPA repositories in DEFERRED mode.
2021-02-25 09:19:03,311 [main] INFO  [o.s.d.r.config.RepositoryConfigurationDelegate] RepositoryConfigurationDelegate.java:187 - Finished Spring Data repository scanning in 256ms. Found 2 JPA repository interfaces.
2021-02-25 09:19:03,330 [main] INFO  [o.s.d.r.config.RepositoryConfigurationDelegate] RepositoryConfigurationDelegate.java:249 - Multiple Spring Data modules found, entering strict repository configuration mode!
2021-02-25 09:19:03,332 [main] INFO  [o.s.d.r.config.RepositoryConfigurationDelegate] RepositoryConfigurationDelegate.java:127 - Bootstrapping Spring Data Redis repositories in DEFAULT mode.
2021-02-25 09:19:03,357 [main] INFO  [o.s.d.r.c.RepositoryConfigurationExtensionSupport] RepositoryConfigurationExtensionSupport.java:348 - Spring Data Redis - Could not safely identify store assignment for repository candidate interface com.japhy.bootstrap.web.domain.order.repository.OrderRepository. If you want this repository to be a Redis repository, consider annotating your entities with one of these annotations: org.springframework.data.redis.core.RedisHash (preferred), or consider extending one of the following types with your repository: org.springframework.data.keyvalue.repository.KeyValueRepository.
2021-02-25 09:19:03,358 [main] INFO  [o.s.d.r.c.RepositoryConfigurationExtensionSupport] RepositoryConfigurationExtensionSupport.java:348 - Spring Data Redis - Could not safely identify store assignment for repository candidate interface com.japhy.bootstrap.web.domain.user.repository.UserRepository. If you want this repository to be a Redis repository, consider annotating your entities with one of these annotations: org.springframework.data.redis.core.RedisHash (preferred), or consider extending one of the following types with your repository: org.springframework.data.keyvalue.repository.KeyValueRepository.
2021-02-25 09:19:03,359 [main] INFO  [o.s.d.r.config.RepositoryConfigurationDelegate] RepositoryConfigurationDelegate.java:187 - Finished Spring Data repository scanning in 13ms. Found 0 Redis repository interfaces.
2021-02-25 09:19:04,363 [main] INFO  [o.s.c.s.PostProcessorRegistrationDelegate$BeanPostProcessorChecker] PostProcessorRegistrationDelegate.java:335 - Bean 'org.springframework.security.access.expression.method.DefaultMethodSecurityExpressionHandler@5333f08f' of type [org.springframework.security.access.expression.method.DefaultMethodSecurityExpressionHandler] is not eligible for getting processed by all BeanPostProcessors (for example: not eligible for auto-proxying)
2021-02-25 09:19:04,391 [main] INFO  [o.s.c.s.PostProcessorRegistrationDelegate$BeanPostProcessorChecker] PostProcessorRegistrationDelegate.java:335 - Bean 'methodSecurityMetadataSource' of type [org.springframework.security.access.method.DelegatingMethodSecurityMetadataSource] is not eligible for getting processed by all BeanPostProcessors (for example: not eligible for auto-proxying)
2021-02-25 09:19:04,527 [main] INFO  [com.zaxxer.hikari.HikariDataSource] HikariDataSource.java:110 - HikariPool-1 - Starting...
2021-02-25 09:19:04,826 [main] INFO  [com.zaxxer.hikari.HikariDataSource] HikariDataSource.java:123 - HikariPool-1 - Start completed.
2021-02-25 09:19:05,001 [main] INFO  [o.s.scheduling.concurrent.ThreadPoolTaskExecutor] ExecutorConfigurationSupport.java:181 - Initializing ExecutorService 'applicationTaskExecutor'
2021-02-25 09:19:05,036 [main] INFO  [o.s.scheduling.concurrent.ThreadPoolTaskScheduler] ExecutorConfigurationSupport.java:181 - Initializing ExecutorService 'taskScheduler'
2021-02-25 09:19:05,133 [task-1] INFO  [org.hibernate.jpa.internal.util.LogHelper] LogHelper.java:31 - HHH000204: Processing PersistenceUnitInfo [name: default]
2021-02-25 09:19:05,224 [task-1] INFO  [org.hibernate.Version] Version.java:44 - HHH000412: Hibernate ORM core version 5.4.17.Final
2021-02-25 09:19:05,283 [main] WARN  [o.s.b.a.o.j.JpaBaseConfiguration$JpaWebConfiguration] JpaBaseConfiguration.java:220 - spring.jpa.open-in-view is enabled by default. Therefore, database queries may be performed during view rendering. Explicitly configure spring.jpa.open-in-view to disable this warning
2021-02-25 09:19:05,504 [task-1] INFO  [org.hibernate.annotations.common.Version] JavaReflectionManager.java:49 - HCANN000001: Hibernate Commons Annotations {5.1.0.Final}
2021-02-25 09:19:05,723 [task-1] INFO  [org.hibernate.dialect.Dialect] Dialect.java:172 - HHH000400: Using dialect: org.hibernate.dialect.H2Dialect
2021-02-25 09:19:06,990 [task-1] INFO  [o.h.e.t.jta.platform.internal.JtaPlatformInitiator] JtaPlatformInitiator.java:52 - HHH000490: Using JtaPlatform implementation: [org.hibernate.engine.transaction.jta.platform.internal.NoJtaPlatform]
2021-02-25 09:19:07,005 [task-1] INFO  [o.s.orm.jpa.LocalContainerEntityManagerFactoryBean] AbstractEntityManagerFactoryBean.java:416 - Initialized JPA EntityManagerFactory for persistence unit 'default'
2021-02-25 09:19:07,424 [main] INFO  [o.s.b.actuate.endpoint.web.EndpointLinksResolver] EndpointLinksResolver.java:58 - Exposing 13 endpoint(s) beneath base path '/mgm'
2021-02-25 09:19:08,460 [main] INFO  [o.s.security.web.DefaultSecurityFilterChain] DefaultSecurityFilterChain.java:43 - Creating filter chain: any request, [org.springframework.security.web.context.request.async.WebAsyncManagerIntegrationFilter@28db2afb, org.springframework.security.web.context.SecurityContextPersistenceFilter@558127d2, org.springframework.security.web.header.HeaderWriterFilter@4bb9f7d4, org.springframework.web.filter.CorsFilter@5c703860, org.springframework.security.web.authentication.logout.LogoutFilter@6585df70, com.japhy.bootstrap.web.infrastructure.filter.JwtTokenFilter@23c7cb18, org.springframework.security.web.savedrequest.RequestCacheAwareFilter@4552f905, org.springframework.security.web.servletapi.SecurityContextHolderAwareRequestFilter@401b67a9, org.springframework.security.web.authentication.AnonymousAuthenticationFilter@6315bb4, org.springframework.security.web.session.SessionManagementFilter@44106e25, org.springframework.security.web.access.ExceptionTranslationFilter@408d945b, org.springframework.security.web.access.intercept.FilterSecurityInterceptor@67396475]
2021-02-25 09:19:10,105 [main] INFO  [o.s.d.r.c.DeferredRepositoryInitializationListener] DeferredRepositoryInitializationListener.java:49 - Triggering deferred initialization of Spring Data repositories…
2021-02-25 09:19:10,515 [main] INFO  [o.s.d.r.c.DeferredRepositoryInitializationListener] DeferredRepositoryInitializationListener.java:53 - Spring Data repositories initialized!
2021-02-25 09:19:10,535 [main] INFO  [c.j.b.w.d.order.service.impl.OrderServiceImplTest] StartupInfoLogger.java:61 - Started OrderServiceImplTest in 9.98 seconds (JVM running for 11.474)
2021-02-25 09:19:10,814 [SpringContextShutdownHook] INFO  [o.s.orm.jpa.LocalContainerEntityManagerFactoryBean] AbstractEntityManagerFactoryBean.java:598 - Closing JPA EntityManagerFactory for persistence unit 'default'
2021-02-25 09:19:10,814 [SpringContextShutdownHook] INFO  [o.h.t.s.i.SchemaDropperImpl$DelayedDropActionImpl] SchemaDropperImpl.java:526 - HHH000477: Starting delayed evictData of schema as part of SessionFactory shut-down'
2021-02-25 09:19:10,850 [SpringContextShutdownHook] INFO  [o.s.scheduling.concurrent.ThreadPoolTaskScheduler] ExecutorConfigurationSupport.java:218 - Shutting down ExecutorService 'taskScheduler'
2021-02-25 09:19:10,851 [SpringContextShutdownHook] INFO  [o.s.scheduling.concurrent.ThreadPoolTaskExecutor] ExecutorConfigurationSupport.java:218 - Shutting down ExecutorService 'applicationTaskExecutor'
2021-02-25 09:19:10,852 [SpringContextShutdownHook] INFO  [com.zaxxer.hikari.HikariDataSource] HikariDataSource.java:350 - HikariPool-1 - Shutdown initiated...
2021-02-25 09:19:10,871 [SpringContextShutdownHook] INFO  [com.zaxxer.hikari.HikariDataSource] HikariDataSource.java:352 - HikariPool-1 - Shutdown completed.
